Information,1/29/2024 12:24:51 PM,Microsoft-Windows-Directory-Services-SAM,16962,None,"Remote calls to the SAM database are being restricted using the default security descriptor: O:SYG:SYD:(A;;RC;;;BA).
For more information please see http://go.microsoft.com/fwlink/?LinkId=787651."
Warning,1/29/2024 12:24:51 PM,LsaSrv,6155,None,"LSA package is not signed as expected. This can cause unexpected behavior with Credential Guard.

PackageName: msv1_0"
Information,1/29/2024 12:24:51 PM,Microsoft-Windows-IsolatedUserMode,5,None,Secure Trustlet NULL Id 0 and Pid 0 started with status STATUS_SUCCESS.
Warning,1/29/2024 12:24:51 PM,LsaSrv,6155,None,"LSA package is not signed as expected. This can cause unexpected behavior with Credential Guard.

PackageName: sfapm"
Warning,1/29/2024 12:24:51 PM,LsaSrv,6155,None,"LSA package is not signed as expected. This can cause unexpected behavior with Credential Guard.

PackageName: schannel"
Warning,1/29/2024 12:24:51 PM,LsaSrv,6155,None,"LSA package is not signed as expected. This can cause unexpected behavior with Credential Guard.

PackageName: wdigest"
Warning,1/29/2024 12:24:51 PM,LsaSrv,6155,None,"LSA package is not signed as expected. This can cause unexpected behavior with Credential Guard.

PackageName: cloudap"
Warning,1/29/2024 12:24:51 PM,LsaSrv,6155,None,"LSA package is not signed as expected. This can cause unexpected behavior with Credential Guard.

PackageName: pku2u"
Warning,1/29/2024 12:24:51 PM,LsaSrv,6155,None,"LSA package is not signed as expected. This can cause unexpected behavior with Credential Guard.

PackageName: tspkg"
Warning,1/29/2024 12:24:51 PM,LsaSrv,6155,None,"LSA package is not signed as expected. This can cause unexpected behavior with Credential Guard.

PackageName: msv1_0"
Information,1/29/2024 12:24:51 PM,Win32k,267,None,Touch/Touchpad Hardware Quality Assurance verification succeeded.
Warning,1/29/2024 12:24:51 PM,LsaSrv,6155,None,"LSA package is not signed as expected. This can cause unexpected behavior with Credential Guard.

PackageName: kerberos"
Warning,1/29/2024 12:24:51 PM,LsaSrv,6155,None,"LSA package is not signed as expected. This can cause unexpected behavior with Credential Guard.

PackageName: negoexts"
Information,1/29/2024 12:24:51 PM,Win32k,267,None,Touch/Touchpad Hardware Quality Assurance verification succeeded.
Information,1/29/2024 12:24:51 PM,LsaSrv,6156,None,"Virtualization Based Security for Credential Guard auto enablement status.

Hardware Requirements:	1
Domain Joined:	0
Azure AD Joined:	0"
Information,1/29/2024 12:24:51 PM,Microsoft-Windows-Wininit,18,None,VBS Key Isolation was started and will protect VSM-isolated keys.
Information,1/29/2024 12:24:51 PM,Microsoft-Windows-IsolatedUserMode,1,None,Secure Trustlet \??\C:\WINDOWS\system32\lsaiso.exe Id 1 and Pid 560 started with status STATUS_SUCCESS.
Information,1/29/2024 12:24:51 PM,Microsoft-Windows-IsolatedUserMode,5,None,Secure Trustlet NULL Id 0 and Pid 0 started with status STATUS_SUCCESS.
Information,1/29/2024 12:24:51 PM,Microsoft-Windows-Wininit,14,None,"Credential Guard configuration:

Registry Configuration: 0x2
Test Configuration: 0
Auto Enablement: 1"
Warning,1/29/2024 12:24:50 PM,Microsoft-Windows-Kernel-PnP,219,(212),The driver \Driver\WudfRd failed to load for the device HID\Vid_8087&Pid_0AC2\6&1564e45f&0&0000.
Information,1/29/2024 12:24:50 PM,Microsoft-Windows-DriverFrameworks-UserMode,10118,Startup of the UMDF reflector,"UMDF reflector is unable to connect to service control manager (SCM). This is expected during boot, when SCM has not started yet. Will retry when it starts."
Warning,1/29/2024 12:24:50 PM,Microsoft-Windows-Kernel-PnP,219,(212),The driver \Driver\WudfRd failed to load for the device HID\Vid_8087&Pid_0AC2\6&281e9504&0&0000.
Information,1/29/2024 12:24:50 PM,Microsoft-Windows-DriverFrameworks-UserMode,10118,Startup of the UMDF reflector,"UMDF reflector is unable to connect to service control manager (SCM). This is expected during boot, when SCM has not started yet. Will retry when it starts."
Warning,1/29/2024 12:24:46 PM,Microsoft-Windows-Kernel-PnP,219,(212),The driver \Driver\WUDFRd failed to load for the device {DD8E82AE-334B-49A2-AEAE-AEB0FD5C40DD}\DetectionVerification\5&21c1c6a0&0&0.
Information,1/29/2024 12:24:46 PM,Microsoft-Windows-DriverFrameworks-UserMode,10118,Startup of the UMDF reflector,"UMDF reflector is unable to connect to service control manager (SCM). This is expected during boot, when SCM has not started yet. Will retry when it starts."
Information,1/29/2024 12:24:45 PM,Microsoft-Windows-Kernel-General,24,(11),The time zone information was refreshed with exit reason 0. Current time zone bias is -480.
Information,1/29/2024 12:24:45 PM,Microsoft-Windows-Kernel-Power,521,(220),Active battery count change.
Information,1/29/2024 12:24:45 PM,Microsoft-Windows-Kernel-Power,105,(100),Power source change.
Information,1/29/2024 12:24:45 PM,Netwtw10,7023,None,7023 - secure boot debug logging Quasar
Information,1/29/2024 12:24:45 PM,Netwtw10,7017,None,7017 - secure boot (SB) configuration
Information,1/29/2024 12:24:45 PM,Netwtw10,7010,None,7010 - driver enabled (miniport init)
Information,1/29/2024 12:24:45 PM,Netwtw10,7002,None,7002 - CTDP power limit value (SPLC)
Information,1/29/2024 12:24:45 PM,Netwtw10,7005,None,7005 - SAR value max TX power (WRDS)
Information,1/29/2024 12:24:45 PM,MEIx64,2,None,Intel(R) Management Engine Interface driver has started successfully.
Information,1/29/2024 12:24:45 PM,Netwtw10,7027,None,7027 - get Nic Manufacturere on init
Information,1/29/2024 12:24:45 PM,Netwtw10,7036,None,The \Device\NDMP1 service entered the Intel(R) Wireless-AC 9560 160MHz state.
Information,1/29/2024 12:24:45 PM,Microsoft-Windows-Kernel-Processor-Power,55,(47),"Processor 3 in group 0 exposes the following power management capabilities:

Idle state type: Micro Power Engine Plugin (11 state(s))

Performance state type: ACPI Collaborative Processor Performance Control
Nominal Frequency (MHz): 2592
Maximum performance percentage: 157
Minimum performance percentage: 34
Minimum throttle percentage: 3"
Information,1/29/2024 12:24:45 PM,Microsoft-Windows-Kernel-Processor-Power,55,(47),"Processor 1 in group 0 exposes the following power management capabilities:

Idle state type: Micro Power Engine Plugin (11 state(s))

Performance state type: ACPI Collaborative Processor Performance Control
Nominal Frequency (MHz): 2592
Maximum performance percentage: 157
Minimum performance percentage: 30
Minimum throttle percentage: 3"
Information,1/29/2024 12:24:45 PM,Microsoft-Windows-Kernel-Processor-Power,55,(47),"Processor 2 in group 0 exposes the following power management capabilities:

Idle state type: Micro Power Engine Plugin (11 state(s))

Performance state type: ACPI Collaborative Processor Performance Control
Nominal Frequency (MHz): 2592
Maximum performance percentage: 157
Minimum performance percentage: 30
Minimum throttle percentage: 3"
Information,1/29/2024 12:24:44 PM,Microsoft-Windows-Kernel-Processor-Power,55,(47),"Processor 0 in group 0 exposes the following power management capabilities:

Idle state type: Micro Power Engine Plugin (11 state(s))

Performance state type: ACPI Collaborative Processor Performance Control
Nominal Frequency (MHz): 2592
Maximum performance percentage: 157
Minimum performance percentage: 15
Minimum throttle percentage: 3"
Information,1/29/2024 12:24:44 PM,Microsoft-Windows-Ntfs,98,None,Volume \\?\Volume{1c4cae2d-03f0-4a1e-9ce9-e80c3ca1b69f} (\Device\HarddiskVolume4) is healthy.  No action is needed.
Warning,1/29/2024 12:24:43 PM,Microsoft-Windows-Kernel-PnP,219,(212),The driver \Driver\WUDFRd failed to load for the device PCI\VEN_8086&DEV_1903&SUBSYS_1F611043&REV_0C\3&11583659&1&20.
Information,1/29/2024 12:24:43 PM,Microsoft-Windows-DriverFrameworks-UserMode,10118,Startup of the UMDF reflector,"UMDF reflector is unable to connect to service control manager (SCM). This is expected during boot, when SCM has not started yet. Will retry when it starts."
Information,1/29/2024 12:24:42 PM,Microsoft-Windows-Kernel-Power,125,(86),"ACPI thermal zone \_TZ.TZ00 has been enumerated.             
_PSV = 0K             
_TC1 = 0             
_TC2 = 0             
_TSP = 0ms             
_AC0 = 344K             
_AC1 = 328K             
_AC2 = 323K             
_AC3 = 318K             
_AC4 = 313K             
_AC5 = 0K             
_AC6 = 0K             
_AC7 = 0K             
_AC8 = 0K             
_AC9 = 0K             
_CRT = 0K             
_HOT = 372K             
minimum throttle = 0             
_CR3 = 0K"
Information,1/29/2024 12:24:42 PM,Microsoft-Windows-FilterManager,6,None,"File System Filter 'npsvctrig' (10.0, ‎1979‎-‎12‎-‎20T00:12:41.000000000Z) has successfully loaded and registered with Filter Manager."
Information,1/29/2024 12:24:41 PM,Microsoft-Windows-FilterManager,6,None,"File System Filter 'aswMonFlt' (10.0, ‎2023‎-‎12‎-‎05T20:26:30.000000000Z) has successfully loaded and registered with Filter Manager."
Information,1/29/2024 12:24:41 PM,Microsoft-Windows-FilterManager,6,None,"File System Filter 'FileCrypt' (10.0, ‎1983‎-‎08‎-‎19T10:58:35.000000000Z) has successfully loaded and registered with Filter Manager."
Information,1/29/2024 12:24:41 PM,Microsoft-Windows-FilterManager,6,None,"File System Filter 'aswSnx' (10.0, ‎2023‎-‎12‎-‎05T20:26:33.000000000Z) has successfully loaded and registered with Filter Manager."
Information,1/29/2024 12:24:41 PM,Microsoft-Windows-FilterManager,6,None,"File System Filter 'aswSP' (10.0, ‎2023‎-‎12‎-‎05T20:27:14.000000000Z) has successfully loaded and registered with Filter Manager."
Information,1/29/2024 12:24:41 PM,Microsoft-Windows-Ntfs,98,None,Volume C: (\Device\HarddiskVolume3) is healthy.  No action is needed.
Information,1/29/2024 12:24:40 PM,Microsoft-Windows-FilterManager,6,None,"File System Filter 'Wof' (10.0, ‎2086‎-‎08‎-‎04T19:20:16.000000000Z) has successfully loaded and registered with Filter Manager."
Information,1/29/2024 12:24:40 PM,Microsoft-Windows-FilterManager,6,None,"File System Filter 'FileInfo' (10.0, ‎2079‎-‎02‎-‎27T06:03:00.000000000Z) has successfully loaded and registered with Filter Manager."
Information,1/29/2024 12:24:38 PM,Microsoft-Windows-HAL,16,None,The iommu fault reporting has been initialized.
Information,1/29/2024 12:24:38 PM,Microsoft-Windows-Kernel-General,20,(6),"The leap second configuration has been updated.
Reason: Leap second data initialized from registry during boot
Leap seconds enabled: true
New leap second count: 0
Old leap second count: 0"
Information,1/29/2024 12:24:38 PM,Microsoft-Windows-IsolatedUserMode,3,None,"Secure Kernel started with status STATUS_SUCCESS and flags HvciEnabled,HvciStrictMode."
Warning,1/29/2024 12:24:38 PM,Microsoft-Windows-Hyper-V-Hypervisor,167,None,"The hypervisor did not enable mitigations for side channel vulnerabilities for virtual machines because HyperThreading is enabled. To enable mitigations for virtual machines, disable HyperThreading."
Information,1/29/2024 12:24:38 PM,Microsoft-Windows-Hyper-V-Hypervisor,165,None,"Hypervisor configured mitigations for CVE-2019-11091, CVE-2018-12126, CVE-2018-12127, CVE-2018-12130 for virtual machines.

Processor not affected: true
Processor family not affected: false
Processor supports microarchitectural buffer flush: false
Buffer flush needed: true
"
Information,1/29/2024 12:24:38 PM,Microsoft-Windows-Hyper-V-Hypervisor,156,None,"Hypervisor configured mitigations for CVE-2018-3646 for virtual machines.

Processor not affected: true
Processor family not affected: false
Processor supports cache flush: true
HyperThreading enabled: true
Parent hypervisor applies mitigations: false
Mitigations disabled by bcdedit: false
Mitigations enabled: true
Cache flush needed: false
"
Information,1/29/2024 12:24:38 PM,Microsoft-Windows-Hyper-V-Hypervisor,129,None,"Hypervisor initialized I/O remapping.

Hardware present: true
Hardware enabled: true
Policy: 0x0
Enabled features: 0x43
Internal information: 0x0
Problems: 0x0
Additional information: 0x0"
Information,1/29/2024 12:24:38 PM,Microsoft-Windows-Hyper-V-Hypervisor,2,None,Hypervisor scheduler type is 0x4.
Information,1/29/2024 12:24:38 PM,Microsoft-Windows-Hyper-V-Hypervisor,1,None,Hypervisor successfully started.
Information,1/29/2024 12:24:38 PM,Microsoft-Windows-Kernel-Boot,30,(21),The firmware reported boot metrics.
Information,1/29/2024 12:24:38 PM,Microsoft-Windows-Kernel-Boot,32,(58),The bootmgr spent 0 ms waiting for user input.
Information,1/29/2024 12:24:38 PM,Microsoft-Windows-Kernel-Boot,18,(57),There are 0x1 boot options on this system.
Information,1/29/2024 12:24:38 PM,Microsoft-Windows-Kernel-Boot,27,(33),The boot type was 0x0.
Information,1/29/2024 12:24:38 PM,Microsoft-Windows-Kernel-Boot,25,(32),The boot menu policy was 0x1.
Information,1/29/2024 12:24:38 PM,Microsoft-Windows-Kernel-Boot,238,(101),EFI time zone bias: 2047. Daylight flags: 0. Firmware time: ‎2024‎-‎01‎-‎29T12:24:37.000000000Z.
Information,1/29/2024 12:24:38 PM,Microsoft-Windows-Kernel-Boot,20,(31),The last shutdown's success status was true. The last boot's success status was true.
Information,1/29/2024 12:24:38 PM,Microsoft-Windows-Kernel-Boot,153,(62),"Virtualization-based security (policies: VBS Enabled,VSM Required,Hvci,Boot Chain Signer Soft Enforced) is enabled due to VBS registry configuration."
Information,1/29/2024 12:24:38 PM,Microsoft-Windows-Kernel-General,12,(1),The operating system started at system time ‎2024‎-‎01‎-‎29T04:24:38.500000000Z.
Information,1/29/2024 2:05:34 AM,Microsoft-Windows-Kernel-General,13,(2),The operating system is shutting down at system time ‎2024‎-‎01‎-‎28T18:05:34.689601300Z.
Information,1/29/2024 2:05:34 AM,Microsoft-Windows-Kernel-Power,577,(280),The system has prepared for a system initiated reboot from Active.
Information,1/29/2024 2:05:32 AM,Microsoft-Windows-Kernel-Power,109,(103),"The kernel power manager has initiated a shutdown transition.

Action: Power Action Shutdown Off 
Event Code: 0x0 
Reason: Kernel API"
Information,1/29/2024 2:05:30 AM,Microsoft-Windows-WLAN-AutoConfig,4001,None,"WLAN AutoConfig service has successfully stopped.
"
Warning,1/29/2024 2:05:29 AM,Microsoft-Windows-WLAN-AutoConfig,10002,None,"WLAN Extensibility Module has stopped.

Module Path: C:\WINDOWS\system32\IntelIHVRouter10.dll
"
Information,1/29/2024 2:05:27 AM,Microsoft-Windows-HttpService,117,HTTP Configuration Property Trace Task,"Delete URL group 0xFC00000020000001. Status 0x0. Process Id 0x2AD4 Executable path \Device\HarddiskVolume3\Program Files (x86)\Intel\Driver and Support Assistant\DSAService.exe, User SYSTEM"
Information,1/29/2024 2:05:27 AM,Microsoft-Windows-HttpService,114,HTTP Configuration Property Trace Task,"Removed URL (http://127.0.0.1:28390:127.0.0.1/) from URL group (0xFC00000020000001). Process Id 0x2AD4 Executable path \Device\HarddiskVolume3\Program Files (x86)\Intel\Driver and Support Assistant\DSAService.exe, User SYSTEM"
Information,1/29/2024 2:05:27 AM,Microsoft-Windows-Dhcp-Client,50037,Service State Event,DHCPv4 client service is stopped. ShutDown Flag value is 1
Information,1/29/2024 2:05:27 AM,Microsoft-Windows-Dhcp-Client,50106,Service State Event,DHCPv4 is waiting on DHCPv6 service to stop
Information,1/29/2024 12:24:53 PM,EventLog,6013,None,The system uptime is 15 seconds.
Information,1/29/2024 12:24:53 PM,EventLog,6005,None,The Event log service was started.
Information,1/29/2024 12:24:53 PM,EventLog,6009,None,Microsoft (R) Windows (R) 10.00. 22621  Multiprocessor Free.
Information,1/29/2024 2:05:27 AM,Microsoft-Windows-DHCPv6-Client,51057,Service State Event,DHCPv6 client service stop is almost done.DHCP Context Ref count is 1
Information,1/29/2024 2:05:27 AM,Microsoft-Windows-DHCPv6-Client,51047,Service State Event,DHCPv6 client service is stopped. ShutDown Flag value is 1
Information,1/29/2024 2:05:27 AM,Microsoft-Windows-Dhcp-Client,50105,Service State Event,DHCPv4 client ProcessDHCPRequestForever received TERMINATE_EVENT
Information,1/29/2024 2:05:27 AM,Microsoft-Windows-Dhcp-Client,50104,Service State Event,DHCPv4 client received shutdown notification
Information,1/29/2024 2:05:27 AM,EventLog,6006,None,The Event log service was stopped.
Information,1/29/2024 2:05:23 AM,Microsoft-Windows-Winlogon,7002,(1102),User Logoff Notification for Customer Experience Improvement Program
Information,1/29/2024 2:05:19 AM,Microsoft-Windows-IsolatedUserMode,2,None,Secure Trustlet Id 0 and Pid 0 stopped with status STATUS_SUCCESS.
Information,1/29/2024 2:05:16 AM,User32,1074,None,"The process C:\Windows\System32\RuntimeBroker.exe (DESKTOP-OKFHDDF) has initiated the power off of computer DESKTOP-OKFHDDF on behalf of user DESKTOP-OKFHDDF\zheri for the following reason: Other (Unplanned)
 Reason Code: 0x0
 Shutdown Type: power off
 Comment: "
Information,1/29/2024 2:04:43 AM,Microsoft-Windows-UserModePowerService,12,(10),Process C:\Program Files (x86)\Razer\Razer Cortex\RazerCortex.exe (process ID:14320) reset policy scheme from {8c5e7fda-e8bf-4a96-9a85-a6e23a8c635c} to {8c5e7fda-e8bf-4a96-9a85-a6e23a8c635c}
Information,1/29/2024 2:04:43 AM,Microsoft-Windows-Time-Service,158,None,The time provider 'VMICTimeProvider' has indicated that the current hardware and operating environment is not supported and has stopped. This behavior is expected for VMICTimeProvider on non-HyperV-guest environments. This may be the expected behavior for the current provider in the current operating environment as well.
Information,1/29/2024 2:04:37 AM,Microsoft-Windows-UserModePowerService,12,(10),Process C:\Program Files\Avast Software\Avast\aswToolsSvc.exe (process ID:4976) reset policy scheme from {1f5d3b43-390b-4125-bc99-57def5567cd0} to {8c5e7fda-e8bf-4a96-9a85-a6e23a8c635c}
Warning,1/29/2024 2:02:46 AM,Microsoft-Windows-DistributedCOM,10016,None,"The application-specific permission settings do not grant Local Launch permission for the COM Server application with CLSID 
{7022A3B3-D004-4F52-AF11-E9E987FEE25F}
 and APPID 
{ADA41B3C-C6FD-4A08-8CC1-D6EFDE67BE7D}
 to the user DESKTOP-OKFHDDF\zheri SID (S-1-5-21-1261234079-646169012-1463220547-1002) from address LocalHost (Using LRPC) running in the application container Unavailable SID (Unavailable). This security permission can be modified using the Component Services administrative tool."
Warning,1/29/2024 2:02:46 AM,Microsoft-Windows-DistributedCOM,10016,None,"The application-specific permission settings do not grant Local Launch permission for the COM Server application with CLSID 
{7022A3B3-D004-4F52-AF11-E9E987FEE25F}
 and APPID 
{ADA41B3C-C6FD-4A08-8CC1-D6EFDE67BE7D}
 to the user DESKTOP-OKFHDDF\zheri SID (S-1-5-21-1261234079-646169012-1463220547-1002) from address LocalHost (Using LRPC) running in the application container Unavailable SID (Unavailable). This security permission can be modified using the Component Services administrative tool."
Warning,1/29/2024 2:02:46 AM,Microsoft-Windows-DistributedCOM,10016,None,"The application-specific permission settings do not grant Local Launch permission for the COM Server application with CLSID 
{7022A3B3-D004-4F52-AF11-E9E987FEE25F}
 and APPID 
{ADA41B3C-C6FD-4A08-8CC1-D6EFDE67BE7D}
 to the user DESKTOP-OKFHDDF\zheri SID (S-1-5-21-1261234079-646169012-1463220547-1002) from address LocalHost (Using LRPC) running in the application container Unavailable SID (Unavailable). This security permission can be modified using the Component Services administrative tool."
Warning,1/29/2024 2:02:45 AM,Microsoft-Windows-DistributedCOM,10016,None,"The application-specific permission settings do not grant Local Launch permission for the COM Server application with CLSID 
{7022A3B3-D004-4F52-AF11-E9E987FEE25F}
 and APPID 
{ADA41B3C-C6FD-4A08-8CC1-D6EFDE67BE7D}
 to the user DESKTOP-OKFHDDF\zheri SID (S-1-5-21-1261234079-646169012-1463220547-1002) from address LocalHost (Using LRPC) running in the application container Unavailable SID (Unavailable). This security permission can be modified using the Component Services administrative tool."
Warning,1/29/2024 2:02:45 AM,Microsoft-Windows-DistributedCOM,10016,None,"The application-specific permission settings do not grant Local Launch permission for the COM Server application with CLSID 
{7022A3B3-D004-4F52-AF11-E9E987FEE25F}
 and APPID 
{ADA41B3C-C6FD-4A08-8CC1-D6EFDE67BE7D}
 to the user DESKTOP-OKFHDDF\zheri SID (S-1-5-21-1261234079-646169012-1463220547-1002) from address LocalHost (Using LRPC) running in the application container Unavailable SID (Unavailable). This security permission can be modified using the Component Services administrative tool."
Error,1/29/2024 1:57:12 AM,Microsoft-Windows-DistributedCOM,10029,None,The activation of the CLSID {DDCFD26B-FEED-44CD-B71D-79487D2E5E5A} timed out waiting for the service dps to stop.
Error,1/29/2024 1:53:11 AM,Microsoft-Windows-DistributedCOM,10029,None,The activation of the CLSID {DDCFD26B-FEED-44CD-B71D-79487D2E5E5A} timed out waiting for the service dps to stop.
Information,1/29/2024 1:49:20 AM,Microsoft-Windows-UserModePowerService,12,(10),Process C:\Program Files (x86)\Razer\Razer Cortex\RazerCortex.exe (process ID:14320) reset policy scheme from {381b4222-f694-41f0-9685-ff5bb260df2e} to {1f5d3b43-390b-4125-bc99-57def5567cd0}
Information,1/29/2024 1:49:20 AM,Microsoft-Windows-UserModePowerService,12,(10),Process C:\Program Files (x86)\Razer\Razer Cortex\RazerCortex.exe (process ID:14320) reset policy scheme from {8c5e7fda-e8bf-4a96-9a85-a6e23a8c635c} to {381b4222-f694-41f0-9685-ff5bb260df2e}
Information,1/29/2024 1:49:08 AM,Microsoft-Windows-UserModePowerService,12,(10),Process C:\Program Files (x86)\Razer\Razer Cortex\RazerCortex.exe (process ID:14320) reset policy scheme from {8c5e7fda-e8bf-4a96-9a85-a6e23a8c635c} to {8c5e7fda-e8bf-4a96-9a85-a6e23a8c635c}
Information,1/29/2024 1:49:08 AM,Microsoft-Windows-Time-Service,158,None,The time provider 'VMICTimeProvider' has indicated that the current hardware and operating environment is not supported and has stopped. This behavior is expected for VMICTimeProvider on non-HyperV-guest environments. This may be the expected behavior for the current provider in the current operating environment as well.
Information,1/29/2024 1:48:52 AM,Microsoft-Windows-UserModePowerService,12,(10),Process C:\Program Files\Avast Software\Avast\aswToolsSvc.exe (process ID:4976) reset policy scheme from {8c5e7fda-e8bf-4a96-9a85-a6e23a8c635c} to {8c5e7fda-e8bf-4a96-9a85-a6e23a8c635c}
Information,1/29/2024 1:48:40 AM,Microsoft-Windows-UserModePowerService,12,(10),Process C:\Program Files\Avast Software\Avast\aswToolsSvc.exe (process ID:4976) reset policy scheme from {762d5459-1f78-492f-9c1c-734e7aa731f8} to {8c5e7fda-e8bf-4a96-9a85-a6e23a8c635c}
Information,1/29/2024 1:47:39 AM,Microsoft-Windows-UserModePowerService,12,(10),Process C:\Program Files (x86)\Razer\Razer Cortex\RazerCortex.exe (process ID:14320) reset policy scheme from {381b4222-f694-41f0-9685-ff5bb260df2e} to {762d5459-1f78-492f-9c1c-734e7aa731f8}
Information,1/29/2024 1:47:39 AM,Microsoft-Windows-UserModePowerService,12,(10),Process C:\Program Files (x86)\Razer\Razer Cortex\RazerCortex.exe (process ID:14320) reset policy scheme from {8c5e7fda-e8bf-4a96-9a85-a6e23a8c635c} to {381b4222-f694-41f0-9685-ff5bb260df2e}
Information,1/29/2024 1:47:30 AM,Microsoft-Windows-UserModePowerService,12,(10),Process C:\Program Files\Avast Software\Avast\aswToolsSvc.exe (process ID:4976) reset policy scheme from {8c5e7fda-e8bf-4a96-9a85-a6e23a8c635c} to {8c5e7fda-e8bf-4a96-9a85-a6e23a8c635c}
Information,1/29/2024 1:45:28 AM,Microsoft-Windows-UserModePowerService,12,(10),Process C:\Program Files (x86)\Razer\Razer Cortex\RazerCortex.exe (process ID:14320) reset policy scheme from {66314642-ff7c-474e-8611-34610ccf9f9c} to {8c5e7fda-e8bf-4a96-9a85-a6e23a8c635c}
Information,1/29/2024 1:45:28 AM,Microsoft-Windows-Time-Service,158,None,The time provider 'VMICTimeProvider' has indicated that the current hardware and operating environment is not supported and has stopped. This behavior is expected for VMICTimeProvider on non-HyperV-guest environments. This may be the expected behavior for the current provider in the current operating environment as well.
Information,1/29/2024 1:39:07 AM,Netwtw10,7021,None,7021 - Connection telemetry fields and analysis usage
Warning,1/29/2024 1:38:45 AM,Microsoft-Windows-DistributedCOM,10016,None,"The application-specific permission settings do not grant Local Launch permission for the COM Server application with CLSID 
{7022A3B3-D004-4F52-AF11-E9E987FEE25F}
 and APPID 
{ADA41B3C-C6FD-4A08-8CC1-D6EFDE67BE7D}
 to the user DESKTOP-OKFHDDF\zheri SID (S-1-5-21-1261234079-646169012-1463220547-1002) from address LocalHost (Using LRPC) running in the application container Unavailable SID (Unavailable). This security permission can be modified using the Component Services administrative tool."
Information,1/29/2024 1:30:57 AM,Microsoft-Windows-Kernel-Power,105,(100),Power source change.
Information,1/29/2024 1:14:52 AM,Microsoft-Windows-UserModePowerService,12,(10),Process C:\Program Files (x86)\Razer\Razer Cortex\RazerCortex.exe (process ID:14320) reset policy scheme from {381b4222-f694-41f0-9685-ff5bb260df2e} to {66314642-ff7c-474e-8611-34610ccf9f9c}
Information,1/29/2024 1:14:52 AM,Microsoft-Windows-UserModePowerService,12,(10),Process C:\Program Files (x86)\Razer\Razer Cortex\RazerCortex.exe (process ID:14320) reset policy scheme from {8c5e7fda-e8bf-4a96-9a85-a6e23a8c635c} to {381b4222-f694-41f0-9685-ff5bb260df2e}
Information,1/29/2024 1:11:23 AM,Microsoft-Windows-UserModePowerService,12,(10),Process C:\Program Files (x86)\Razer\Razer Cortex\RazerCortex.exe (process ID:14320) reset policy scheme from {4f480f1d-ce15-4aee-8c51-3455faaf5cd1} to {8c5e7fda-e8bf-4a96-9a85-a6e23a8c635c}
Information,1/29/2024 1:11:22 AM,Microsoft-Windows-Time-Service,158,None,The time provider 'VMICTimeProvider' has indicated that the current hardware and operating environment is not supported and has stopped. This behavior is expected for VMICTimeProvider on non-HyperV-guest environments. This may be the expected behavior for the current provider in the current operating environment as well.
Warning,1/29/2024 1:08:44 AM,Microsoft-Windows-DistributedCOM,10016,None,"The application-specific permission settings do not grant Local Launch permission for the COM Server application with CLSID 
{7022A3B3-D004-4F52-AF11-E9E987FEE25F}
 and APPID 
{ADA41B3C-C6FD-4A08-8CC1-D6EFDE67BE7D}
 to the user DESKTOP-OKFHDDF\zheri SID (S-1-5-21-1261234079-646169012-1463220547-1002) from address LocalHost (Using LRPC) running in the application container Unavailable SID (Unavailable). This security permission can be modified using the Component Services administrative tool."
Information,1/29/2024 12:52:04 AM,Microsoft-Windows-UserModePowerService,12,(10),Process C:\Program Files (x86)\Razer\Razer Cortex\RazerCortex.exe (process ID:14320) reset policy scheme from {381b4222-f694-41f0-9685-ff5bb260df2e} to {4f480f1d-ce15-4aee-8c51-3455faaf5cd1}
Information,1/29/2024 12:52:03 AM,Microsoft-Windows-UserModePowerService,12,(10),Process C:\Program Files (x86)\Razer\Razer Cortex\RazerCortex.exe (process ID:14320) reset policy scheme from {8c5e7fda-e8bf-4a96-9a85-a6e23a8c635c} to {381b4222-f694-41f0-9685-ff5bb260df2e}
Information,1/29/2024 12:49:34 AM,Microsoft-Windows-UserModePowerService,12,(10),Process C:\Program Files (x86)\Razer\Razer Cortex\RazerCortex.exe (process ID:14320) reset policy scheme from {e1b6d67d-644c-4dff-af3f-985aacf8614c} to {8c5e7fda-e8bf-4a96-9a85-a6e23a8c635c}
Information,1/29/2024 12:49:34 AM,Microsoft-Windows-Time-Service,158,None,The time provider 'VMICTimeProvider' has indicated that the current hardware and operating environment is not supported and has stopped. This behavior is expected for VMICTimeProvider on non-HyperV-guest environments. This may be the expected behavior for the current provider in the current operating environment as well.
Warning,1/29/2024 12:38:44 AM,Microsoft-Windows-DistributedCOM,10016,None,"The application-specific permission settings do not grant Local Launch permission for the COM Server application with CLSID 
{7022A3B3-D004-4F52-AF11-E9E987FEE25F}
 and APPID 
{ADA41B3C-C6FD-4A08-8CC1-D6EFDE67BE7D}
 to the user DESKTOP-OKFHDDF\zheri SID (S-1-5-21-1261234079-646169012-1463220547-1002) from address LocalHost (Using LRPC) running in the application container Unavailable SID (Unavailable). This security permission can be modified using the Component Services administrative tool."
Information,1/29/2024 12:27:34 AM,Application Popup,26,None,"Application popup: Visual Studio Just-In-Time Debugger : An unhandled win32 exception occurred in [16948] MoUsoCoreWorker.exe. Just-In-Time debugging this exception failed with the following error: No installed debugger has Just-In-Time debugging enabled. In Visual Studio, Just-In-Time debugging can be enabled from Tools/Options/Debugging/Just-In-Time.

Check the documentation index for 'Just-in-time debugging, errors' for more information."
Information,1/29/2024 12:27:13 AM,Microsoft-Windows-UserModePowerService,12,(10),Process C:\Program Files (x86)\Razer\Razer Cortex\RazerCortex.exe (process ID:14320) reset policy scheme from {381b4222-f694-41f0-9685-ff5bb260df2e} to {e1b6d67d-644c-4dff-af3f-985aacf8614c}
Information,1/29/2024 12:27:13 AM,Microsoft-Windows-UserModePowerService,12,(10),Process C:\Program Files (x86)\Razer\Razer Cortex\RazerCortex.exe (process ID:14320) reset policy scheme from {8c5e7fda-e8bf-4a96-9a85-a6e23a8c635c} to {381b4222-f694-41f0-9685-ff5bb260df2e}
Information,1/29/2024 12:25:19 AM,Microsoft-Windows-Kernel-Power,105,(100),Power source change.
Information,1/29/2024 12:25:04 AM,Microsoft-Windows-Kernel-Power,566,(268),"The system session has transitioned from 1 to 3.

Reason InputAccelerometer 

BootId: 676"
Information,1/29/2024 12:25:04 AM,Microsoft-Windows-Kernel-Power,507,(158),"The system is exiting Modern Standby 

Reason: Input Keyboard."
Information,1/29/2024 12:18:09 AM,Microsoft-Windows-Kernel-Power,506,(157),"The system is entering Modern Standby 

Reason: Idle Timeout."
Information,1/29/2024 12:18:09 AM,Microsoft-Windows-Kernel-Power,566,(268),"The system session has transitioned from 0 to 1.

Reason SessionUnlock 

BootId: 676"
Information,1/29/2024 12:15:43 AM,Microsoft-Windows-Time-Service,158,None,The time provider 'VMICTimeProvider' has indicated that the current hardware and operating environment is not supported and has stopped. This behavior is expected for VMICTimeProvider on non-HyperV-guest environments. This may be the expected behavior for the current provider in the current operating environment as well.
Information,1/29/2024 12:12:11 AM,Microsoft-Windows-Kernel-General,16,None,The access history in hive \??\C:\ProgramData\Microsoft\Provisioning\Microsoft-Desktop-Provisioning-Sequence.dat was cleared updating 0 keys and creating 0 modified pages.
Information,1/29/2024 12:05:45 AM,Microsoft-Windows-Kernel-General,16,None,The access history in hive \??\C:\Users\zheri\AppData\Local\Packages\Microsoft.MicrosoftEdge.Stable_8wekyb3d8bbwe\Settings\settings.dat was cleared updating 1 keys and creating 1 modified pages.
Information,1/29/2024 12:05:41 AM,Microsoft-Windows-IsolatedUserMode,5,None,Secure Trustlet NULL Id 0 and Pid 0 started with status STATUS_SUCCESS.
Information,1/29/2024 12:05:40 AM,Microsoft-Windows-IsolatedUserMode,2,None,Secure Trustlet Id 0 and Pid 0 stopped with status STATUS_SUCCESS.
Information,1/29/2024 12:04:08 AM,Netwtw10,7003,None,7003 - Roam Complete
Information,1/29/2024 12:04:08 AM,Netwtw10,7003,None,7003 - Roam Complete
Information,1/28/2024 11:58:39 PM,Microsoft-Windows-Time-Service,158,None,The time provider 'VMICTimeProvider' has indicated that the current hardware and operating environment is not supported and has stopped. This behavior is expected for VMICTimeProvider on non-HyperV-guest environments. This may be the expected behavior for the current provider in the current operating environment as well.
Information,1/28/2024 11:41:34 PM,Microsoft-Windows-Time-Service,158,None,The time provider 'VMICTimeProvider' has indicated that the current hardware and operating environment is not supported and has stopped. This behavior is expected for VMICTimeProvider on non-HyperV-guest environments. This may be the expected behavior for the current provider in the current operating environment as well.
Information,1/28/2024 11:33:33 PM,Netwtw10,7021,None,7021 - Connection telemetry fields and analysis usage
Information,1/28/2024 11:24:30 PM,Microsoft-Windows-Time-Service,158,None,The time provider 'VMICTimeProvider' has indicated that the current hardware and operating environment is not supported and has stopped. This behavior is expected for VMICTimeProvider on non-HyperV-guest environments. This may be the expected behavior for the current provider in the current operating environment as well.
Information,1/28/2024 11:07:11 PM,Microsoft-Windows-UserModePowerService,12,(10),Process C:\Program Files (x86)\Razer\Razer Cortex\RazerCortex.exe (process ID:14320) reset policy scheme from {8c5e7fda-e8bf-4a96-9a85-a6e23a8c635c} to {8c5e7fda-e8bf-4a96-9a85-a6e23a8c635c}
Information,1/28/2024 11:07:10 PM,Microsoft-Windows-Time-Service,158,None,The time provider 'VMICTimeProvider' has indicated that the current hardware and operating environment is not supported and has stopped. This behavior is expected for VMICTimeProvider on non-HyperV-guest environments. This may be the expected behavior for the current provider in the current operating environment as well.
Information,1/28/2024 11:07:04 PM,Microsoft-Windows-UserModePowerService,12,(10),Process C:\Program Files\Avast Software\Avast\aswToolsSvc.exe (process ID:4976) reset policy scheme from {db31daa7-5218-4572-a212-803e2934fe61} to {8c5e7fda-e8bf-4a96-9a85-a6e23a8c635c}
Information,1/28/2024 10:48:44 PM,Microsoft-Windows-UserModePowerService,12,(10),Process C:\Program Files (x86)\Razer\Razer Cortex\RazerCortex.exe (process ID:14320) reset policy scheme from {381b4222-f694-41f0-9685-ff5bb260df2e} to {db31daa7-5218-4572-a212-803e2934fe61}
Information,1/28/2024 10:48:44 PM,Microsoft-Windows-UserModePowerService,12,(10),Process C:\Program Files (x86)\Razer\Razer Cortex\RazerCortex.exe (process ID:14320) reset policy scheme from {8c5e7fda-e8bf-4a96-9a85-a6e23a8c635c} to {381b4222-f694-41f0-9685-ff5bb260df2e}
Information,1/28/2024 10:48:27 PM,Microsoft-Windows-UserModePowerService,12,(10),Process C:\Program Files (x86)\Razer\Razer Cortex\RazerCortex.exe (process ID:14320) reset policy scheme from {8c5e7fda-e8bf-4a96-9a85-a6e23a8c635c} to {8c5e7fda-e8bf-4a96-9a85-a6e23a8c635c}
Information,1/28/2024 10:48:27 PM,Microsoft-Windows-Time-Service,158,None,The time provider 'VMICTimeProvider' has indicated that the current hardware and operating environment is not supported and has stopped. This behavior is expected for VMICTimeProvider on non-HyperV-guest environments. This may be the expected behavior for the current provider in the current operating environment as well.
Information,1/28/2024 10:48:02 PM,Microsoft-Windows-UserModePowerService,12,(10),Process C:\Program Files\Avast Software\Avast\aswToolsSvc.exe (process ID:4976) reset policy scheme from {8c5e7fda-e8bf-4a96-9a85-a6e23a8c635c} to {8c5e7fda-e8bf-4a96-9a85-a6e23a8c635c}
Information,1/28/2024 10:47:42 PM,Microsoft-Windows-UserModePowerService,12,(10),Process C:\Program Files\Avast Software\Avast\aswToolsSvc.exe (process ID:4976) reset policy scheme from {8931394a-f960-4bde-81e3-a33f4ad0a592} to {8c5e7fda-e8bf-4a96-9a85-a6e23a8c635c}
Warning,1/28/2024 10:47:42 PM,Microsoft-Windows-DistributedCOM,10016,None,"The application-specific permission settings do not grant Local Activation permission for the COM Server application with CLSID 
{2593F8B9-4EAF-457C-B68A-50F6B8EA6B54}
 and APPID 
{15C20B67-12E7-4BB6-92BB-7AFF07997402}
 to the user DESKTOP-OKFHDDF\zheri SID (S-1-5-21-1261234079-646169012-1463220547-1002) from address LocalHost (Using LRPC) running in the application container Unavailable SID (Unavailable). This security permission can be modified using the Component Services administrative tool."
Information,1/28/2024 10:44:46 PM,Microsoft-Windows-UserModePowerService,12,(10),Process C:\Program Files (x86)\Razer\Razer Cortex\RazerCortex.exe (process ID:14320) reset policy scheme from {381b4222-f694-41f0-9685-ff5bb260df2e} to {8931394a-f960-4bde-81e3-a33f4ad0a592}
Information,1/28/2024 10:44:46 PM,Microsoft-Windows-UserModePowerService,12,(10),Process C:\Program Files (x86)\Razer\Razer Cortex\RazerCortex.exe (process ID:14320) reset policy scheme from {8c5e7fda-e8bf-4a96-9a85-a6e23a8c635c} to {381b4222-f694-41f0-9685-ff5bb260df2e}
Information,1/28/2024 10:41:10 PM,Microsoft-Windows-UserModePowerService,12,(10),Process C:\Program Files (x86)\Razer\Razer Cortex\RazerCortex.exe (process ID:14320) reset policy scheme from {8c5e7fda-e8bf-4a96-9a85-a6e23a8c635c} to {8c5e7fda-e8bf-4a96-9a85-a6e23a8c635c}
Information,1/28/2024 10:41:09 PM,Microsoft-Windows-Time-Service,158,None,The time provider 'VMICTimeProvider' has indicated that the current hardware and operating environment is not supported and has stopped. This behavior is expected for VMICTimeProvider on non-HyperV-guest environments. This may be the expected behavior for the current provider in the current operating environment as well.
Information,1/28/2024 10:41:05 PM,Microsoft-Windows-UserModePowerService,12,(10),Process C:\Program Files\Avast Software\Avast\aswToolsSvc.exe (process ID:4976) reset policy scheme from {f3d8f8c2-f7b0-4c65-9f2e-26e9a5f83f8e} to {8c5e7fda-e8bf-4a96-9a85-a6e23a8c635c}
Warning,1/28/2024 10:38:44 PM,Microsoft-Windows-DistributedCOM,10016,None,"The application-specific permission settings do not grant Local Launch permission for the COM Server application with CLSID 
{7022A3B3-D004-4F52-AF11-E9E987FEE25F}
 and APPID 
{ADA41B3C-C6FD-4A08-8CC1-D6EFDE67BE7D}
 to the user DESKTOP-OKFHDDF\zheri SID (S-1-5-21-1261234079-646169012-1463220547-1002) from address LocalHost (Using LRPC) running in the application container Unavailable SID (Unavailable). This security permission can be modified using the Component Services administrative tool."
Information,1/28/2024 10:21:58 PM,Microsoft-Windows-UserModePowerService,12,(10),Process C:\Program Files (x86)\Razer\Razer Cortex\RazerCortex.exe (process ID:14320) reset policy scheme from {381b4222-f694-41f0-9685-ff5bb260df2e} to {f3d8f8c2-f7b0-4c65-9f2e-26e9a5f83f8e}
Information,1/28/2024 10:21:57 PM,Microsoft-Windows-UserModePowerService,12,(10),Process C:\Program Files (x86)\Razer\Razer Cortex\RazerCortex.exe (process ID:14320) reset policy scheme from {8c5e7fda-e8bf-4a96-9a85-a6e23a8c635c} to {381b4222-f694-41f0-9685-ff5bb260df2e}
Information,1/28/2024 10:21:48 PM,Microsoft-Windows-UserModePowerService,12,(10),Process C:\Program Files\Avast Software\Avast\aswToolsSvc.exe (process ID:4976) reset policy scheme from {8c5e7fda-e8bf-4a96-9a85-a6e23a8c635c} to {8c5e7fda-e8bf-4a96-9a85-a6e23a8c635c}
Information,1/28/2024 10:19:42 PM,Microsoft-Windows-UserModePowerService,12,(10),Process C:\Program Files (x86)\Razer\Razer Cortex\RazerCortex.exe (process ID:14320) reset policy scheme from {459ae413-2937-42b6-bf5c-7de88ef6b7f1} to {8c5e7fda-e8bf-4a96-9a85-a6e23a8c635c}
Information,1/28/2024 10:19:42 PM,Microsoft-Windows-Time-Service,158,None,The time provider 'VMICTimeProvider' has indicated that the current hardware and operating environment is not supported and has stopped. This behavior is expected for VMICTimeProvider on non-HyperV-guest environments. This may be the expected behavior for the current provider in the current operating environment as well.
Information,1/28/2024 10:19:37 PM,Microsoft-Windows-UserModePowerService,12,(10),Process C:\Program Files\Avast Software\Avast\aswToolsSvc.exe (process ID:4976) reset policy scheme from {8c5e7fda-e8bf-4a96-9a85-a6e23a8c635c} to {459ae413-2937-42b6-bf5c-7de88ef6b7f1}
Warning,1/28/2024 10:08:44 PM,Microsoft-Windows-DistributedCOM,10016,None,"The application-specific permission settings do not grant Local Launch permission for the COM Server application with CLSID 
{7022A3B3-D004-4F52-AF11-E9E987FEE25F}
 and APPID 
{ADA41B3C-C6FD-4A08-8CC1-D6EFDE67BE7D}
 to the user DESKTOP-OKFHDDF\zheri SID (S-1-5-21-1261234079-646169012-1463220547-1002) from address LocalHost (Using LRPC) running in the application container Unavailable SID (Unavailable). This security permission can be modified using the Component Services administrative tool."
Information,1/28/2024 10:05:56 PM,Microsoft-Windows-UserModePowerService,12,(10),Process C:\Program Files\Avast Software\Avast\aswToolsSvc.exe (process ID:4976) reset policy scheme from {459ae413-2937-42b6-bf5c-7de88ef6b7f1} to {8c5e7fda-e8bf-4a96-9a85-a6e23a8c635c}
Information,1/28/2024 10:05:49 PM,Microsoft-Windows-UserModePowerService,12,(10),Process C:\Program Files (x86)\Razer\Razer Cortex\RazerCortex.exe (process ID:14320) reset policy scheme from {381b4222-f694-41f0-9685-ff5bb260df2e} to {459ae413-2937-42b6-bf5c-7de88ef6b7f1}
Information,1/28/2024 10:05:49 PM,Microsoft-Windows-UserModePowerService,12,(10),Process C:\Program Files (x86)\Razer\Razer Cortex\RazerCortex.exe (process ID:14320) reset policy scheme from {8c5e7fda-e8bf-4a96-9a85-a6e23a8c635c} to {381b4222-f694-41f0-9685-ff5bb260df2e}
Information,1/28/2024 10:05:40 PM,Microsoft-Windows-UserModePowerService,12,(10),Process C:\Program Files\Avast Software\Avast\aswToolsSvc.exe (process ID:4976) reset policy scheme from {8c5e7fda-e8bf-4a96-9a85-a6e23a8c635c} to {8c5e7fda-e8bf-4a96-9a85-a6e23a8c635c}
Information,1/28/2024 10:01:44 PM,Microsoft-Windows-UserModePowerService,12,(10),Process C:\Program Files (x86)\Razer\Razer Cortex\RazerCortex.exe (process ID:14320) reset policy scheme from {1ca89c03-3262-48e0-b83b-0cb6f9b3791f} to {8c5e7fda-e8bf-4a96-9a85-a6e23a8c635c}
Information,1/28/2024 10:01:44 PM,Microsoft-Windows-Time-Service,158,None,The time provider 'VMICTimeProvider' has indicated that the current hardware and operating environment is not supported and has stopped. This behavior is expected for VMICTimeProvider on non-HyperV-guest environments. This may be the expected behavior for the current provider in the current operating environment as well.
Information,1/28/2024 10:01:38 PM,Microsoft-Windows-UserModePowerService,12,(10),Process C:\Program Files\Avast Software\Avast\aswToolsSvc.exe (process ID:4976) reset policy scheme from {8c5e7fda-e8bf-4a96-9a85-a6e23a8c635c} to {1ca89c03-3262-48e0-b83b-0cb6f9b3791f}
Information,1/28/2024 10:00:10 PM,Microsoft-Windows-UserModePowerService,12,(10),Process C:\Program Files\Avast Software\Avast\aswToolsSvc.exe (process ID:4976) reset policy scheme from {1ca89c03-3262-48e0-b83b-0cb6f9b3791f} to {8c5e7fda-e8bf-4a96-9a85-a6e23a8c635c}
Information,1/28/2024 10:00:07 PM,Microsoft-Windows-Kernel-Power,105,(100),Power source change.
Information,1/28/2024 9:42:37 PM,Microsoft-Windows-UserModePowerService,12,(10),Process C:\Program Files (x86)\Razer\Razer Cortex\RazerCortex.exe (process ID:14320) reset policy scheme from {381b4222-f694-41f0-9685-ff5bb260df2e} to {1ca89c03-3262-48e0-b83b-0cb6f9b3791f}
Information,1/28/2024 9:42:37 PM,Microsoft-Windows-UserModePowerService,12,(10),Process C:\Program Files (x86)\Razer\Razer Cortex\RazerCortex.exe (process ID:14320) reset policy scheme from {8c5e7fda-e8bf-4a96-9a85-a6e23a8c635c} to {381b4222-f694-41f0-9685-ff5bb260df2e}
Information,1/28/2024 9:40:12 PM,Microsoft-Windows-UserModePowerService,12,(10),Process C:\Program Files (x86)\Razer\Razer Cortex\RazerCortex.exe (process ID:14320) reset policy scheme from {cc038617-5f00-43c0-9b7c-7c0bec88cca7} to {8c5e7fda-e8bf-4a96-9a85-a6e23a8c635c}
Information,1/28/2024 9:40:12 PM,Microsoft-Windows-Time-Service,158,None,The time provider 'VMICTimeProvider' has indicated that the current hardware and operating environment is not supported and has stopped. This behavior is expected for VMICTimeProvider on non-HyperV-guest environments. This may be the expected behavior for the current provider in the current operating environment as well.
Warning,1/28/2024 9:38:44 PM,Microsoft-Windows-DistributedCOM,10016,None,"The application-specific permission settings do not grant Local Launch permission for the COM Server application with CLSID 
{7022A3B3-D004-4F52-AF11-E9E987FEE25F}
 and APPID 
{ADA41B3C-C6FD-4A08-8CC1-D6EFDE67BE7D}
 to the user DESKTOP-OKFHDDF\zheri SID (S-1-5-21-1261234079-646169012-1463220547-1002) from address LocalHost (Using LRPC) running in the application container Unavailable SID (Unavailable). This security permission can be modified using the Component Services administrative tool."
Information,1/28/2024 9:21:53 PM,Microsoft-Windows-UserModePowerService,12,(10),Process C:\Program Files (x86)\Razer\Razer Cortex\RazerCortex.exe (process ID:14320) reset policy scheme from {381b4222-f694-41f0-9685-ff5bb260df2e} to {cc038617-5f00-43c0-9b7c-7c0bec88cca7}
Information,1/28/2024 9:21:53 PM,Microsoft-Windows-UserModePowerService,12,(10),Process C:\Program Files (x86)\Razer\Razer Cortex\RazerCortex.exe (process ID:14320) reset policy scheme from {8c5e7fda-e8bf-4a96-9a85-a6e23a8c635c} to {381b4222-f694-41f0-9685-ff5bb260df2e}
Information,1/28/2024 9:21:40 PM,Microsoft-Windows-HttpService,117,HTTP Configuration Property Trace Task,"Delete URL group 0xFE00000020000001. Status 0x0. Process Id 0x3704 Executable path \Device\HarddiskVolume3\Windows\System32\svchost.exe, User LOCAL SERVICE"
Information,1/28/2024 9:21:40 PM,Microsoft-Windows-HttpService,114,HTTP Configuration Property Trace Task,"Removed URL (http://*:5357/0d226490-24bf-433e-8ff4-87fc33a4bbf2/) from URL group (0xFE00000020000001). Process Id 0x3704 Executable path \Device\HarddiskVolume3\Windows\System32\svchost.exe, User LOCAL SERVICE"
Information,1/28/2024 9:16:44 PM,Microsoft-Windows-Time-Service,37,None,"The time provider NtpClient is currently receiving valid time data from time.windows.com,0x9 (ntp.m|0x9|0.0.0.0:123->20.189.79.72:123)."
Information,1/28/2024 9:16:43 PM,Microsoft-Windows-Time-Service,158,None,The time provider 'VMICTimeProvider' has indicated that the current hardware and operating environment is not supported and has stopped. This behavior is expected for VMICTimeProvider on non-HyperV-guest environments. This may be the expected behavior for the current provider in the current operating environment as well.
Information,1/28/2024 9:16:16 PM,Microsoft-Windows-Kernel-General,16,None,The access history in hive \??\C:\Users\zheri\AppData\Local\Packages\Microsoft.DesktopAppInstaller_8wekyb3d8bbwe\Settings\settings.dat was cleared updating 2 keys and creating 1 modified pages.
Information,1/28/2024 9:16:16 PM,Microsoft-Windows-Kernel-General,16,None,The access history in hive \??\C:\ProgramData\Packages\Microsoft.DesktopAppInstaller_8wekyb3d8bbwe\S-1-5-21-1261234079-646169012-1463220547-1002\SystemAppData\Helium\Cache\bd1edd998e983377_COM15.dat was cleared updating 1 keys and creating 1 modified pages.
Information,1/28/2024 9:15:58 PM,Netwtw10,7003,None,7003 - Roam Complete
Warning,1/28/2024 9:15:34 PM,Microsoft-Windows-DistributedCOM,10016,None,"The application-specific permission settings do not grant Local Activation permission for the COM Server application with CLSID 
{2593F8B9-4EAF-457C-B68A-50F6B8EA6B54}
 and APPID 
{15C20B67-12E7-4BB6-92BB-7AFF07997402}
 to the user DESKTOP-OKFHDDF\zheri SID (S-1-5-21-1261234079-646169012-1463220547-1002) from address LocalHost (Using LRPC) running in the application container Unavailable SID (Unavailable). This security permission can be modified using the Component Services administrative tool."
Information,1/28/2024 9:15:33 PM,Netwtw10,7003,None,7003 - Roam Complete
Information,1/28/2024 9:15:21 PM,Microsoft-Windows-IsolatedUserMode,5,None,Secure Trustlet NULL Id 0 and Pid 0 started with status STATUS_SUCCESS.
Information,1/28/2024 9:15:14 PM,Netwtw10,7003,None,7003 - Roam Complete
Information,1/28/2024 9:15:14 PM,Netwtw10,7003,None,7003 - Roam Complete
Warning,1/28/2024 9:15:07 PM,Microsoft-Windows-Kernel-Processor-Power,37,(7),The speed of processor 3 in group 0 is being limited by system firmware. The processor has been in this reduced performance state for 71 seconds since the last report.
Information,1/28/2024 9:15:01 PM,Microsoft-Windows-Kernel-General,16,None,The access history in hive \??\C:\WINDOWS\ServiceProfiles\NetworkService\AppData\Local\Microsoft\Windows\DeliveryOptimization\State\dosvcState.dat was cleared updating 4 keys and creating 1 modified pages.
Information,1/28/2024 9:14:42 PM,Microsoft-Windows-TPM-WMI,1025,None,The TPM was successfully provisioned and is now ready for use.
Information,1/28/2024 9:14:42 PM,Microsoft-Windows-TPM-WMI,1282,None,The TBS device identifier has been generated.
Information,1/28/2024 9:14:41 PM,Microsoft-Windows-HttpService,113,HTTP Configuration Property Trace Task,"Attempted to add URL (http://127.0.0.1:28385:127.0.0.1/intel/) to URL group (0xFE00000120000001). Status: 0x0. Process Id 0x2AD4 Executable path \Device\HarddiskVolume3\Program Files (x86)\Intel\Driver and Support Assistant\DSAService.exe, User SYSTEM"
Information,1/28/2024 9:14:41 PM,Microsoft-Windows-HttpService,111,HTTP Configuration Property Trace Task,"Create URL group 0xFE00000120000001. Status 0x0. Process Id 0x2AD4 Executable path \Device\HarddiskVolume3\Program Files (x86)\Intel\Driver and Support Assistant\DSAService.exe, User SYSTEM"
