Information,1/27/2024 12:37:50 AM,Microsoft-Windows-HttpService,111,HTTP Configuration Property Trace Task,"Create URL group 0xFF00000120000001. Status 0x0. Process Id 0x4DC Executable path \Device\HarddiskVolume3\Program Files (x86)\Intel\Driver and Support Assistant\DSAService.exe, User SYSTEM"
Information,1/27/2024 12:37:49 AM,TPM,18,None,This event triggers the Trusted Platform Module (TPM) provisioning/status check to run.
Information,1/27/2024 12:37:49 AM,Service Control Manager,7026,None,"The following boot-start or system-start driver(s) did not load: 
WinSetupMon"
Error,1/27/2024 12:37:48 AM,Service Control Manager,7034,None,The GameInput Service service terminated unexpectedly.  It has done this 6 time(s).
Error,1/27/2024 12:37:48 AM,Service Control Manager,7023,None,"The GameInput Service service terminated with the following error: 
The compound file GameInput Service was produced with a newer version of storage."
Error,1/27/2024 12:37:47 AM,Service Control Manager,7031,None,The GameInput Service service terminated unexpectedly.  It has done this 5 time(s).  The following corrective action will be taken in 1000 milliseconds: Restart the service.
Error,1/27/2024 12:37:47 AM,Service Control Manager,7023,None,"The GameInput Service service terminated with the following error: 
The compound file GameInput Service was produced with a newer version of storage."
Error,1/27/2024 12:37:46 AM,Service Control Manager,7031,None,The GameInput Service service terminated unexpectedly.  It has done this 4 time(s).  The following corrective action will be taken in 1000 milliseconds: Restart the service.
Error,1/27/2024 12:37:46 AM,Service Control Manager,7023,None,"The GameInput Service service terminated with the following error: 
The compound file GameInput Service was produced with a newer version of storage."
Information,1/27/2024 12:37:46 AM,Microsoft-Windows-FilterManager,6,None,"File System Filter 'gameflt' (10.0, ‎2010‎-‎06‎-‎15T11:47:08.000000000Z) has successfully loaded and registered with Filter Manager."
Error,1/27/2024 12:37:45 AM,Service Control Manager,7031,None,The GameInput Service service terminated unexpectedly.  It has done this 3 time(s).  The following corrective action will be taken in 1000 milliseconds: Restart the service.
Error,1/27/2024 12:37:45 AM,Service Control Manager,7023,None,"The GameInput Service service terminated with the following error: 
The compound file GameInput Service was produced with a newer version of storage."
Error,1/27/2024 12:37:44 AM,Service Control Manager,7031,None,The GameInput Service service terminated unexpectedly.  It has done this 2 time(s).  The following corrective action will be taken in 1000 milliseconds: Restart the service.
Error,1/27/2024 12:37:44 AM,Service Control Manager,7023,None,"The GameInput Service service terminated with the following error: 
The compound file GameInput Service was produced with a newer version of storage."
Error,1/27/2024 12:37:42 AM,Service Control Manager,7031,None,The GameInput Service service terminated unexpectedly.  It has done this 1 time(s).  The following corrective action will be taken in 1000 milliseconds: Restart the service.
Error,1/27/2024 12:37:42 AM,Service Control Manager,7023,None,"The GameInput Service service terminated with the following error: 
The compound file GameInput Service was produced with a newer version of storage."
Information,1/27/2024 12:37:42 AM,Microsoft-Windows-UserModePowerService,12,(10),Process C:\Windows\System32\DriverStore\FileRepository\dptf_cpu.inf_amd64_c2c5b0e17a28a48f\esif_uf.exe (process ID:6252) reset policy scheme from {8c5e7fda-e8bf-4a96-9a85-a6e23a8c635c} to {8c5e7fda-e8bf-4a96-9a85-a6e23a8c635c}
Information,1/27/2024 12:37:42 AM,Microsoft-Windows-UserModePowerService,12,(10),Process C:\Windows\System32\DriverStore\FileRepository\dptf_cpu.inf_amd64_c2c5b0e17a28a48f\esif_uf.exe (process ID:6252) reset policy scheme from {8c5e7fda-e8bf-4a96-9a85-a6e23a8c635c} to {8c5e7fda-e8bf-4a96-9a85-a6e23a8c635c}
Information,1/27/2024 12:37:21 AM,Netwtw10,7021,None,7021 - Connection telemetry fields and analysis usage
Information,1/27/2024 12:37:17 AM,Microsoft-Windows-Winlogon,7001,(1101),User Logon Notification for Customer Experience Improvement Program
Information,1/27/2024 12:37:16 AM,Microsoft-Windows-HttpService,112,HTTP Setup Trace Task,"Attempted to reserve URL http://+:3387/rdp/. Status 0x0. Process Id 0x4 Executable path , User SYSTEM"
Information,1/27/2024 12:37:16 AM,Microsoft-Windows-HttpService,112,HTTP Setup Trace Task,"Attempted to reserve URL https://+:3392/rdp/. Status 0x0. Process Id 0x4 Executable path , User SYSTEM"
Information,1/27/2024 12:37:16 AM,Microsoft-Windows-HttpService,112,HTTP Setup Trace Task,"Attempted to reserve URL http://+:10247/apps/. Status 0x0. Process Id 0x4 Executable path , User SYSTEM"
Information,1/27/2024 12:37:16 AM,Microsoft-Windows-HttpService,112,HTTP Setup Trace Task,"Attempted to reserve URL http://+:10243/WMPNSSv4/. Status 0x0. Process Id 0x4 Executable path , User SYSTEM"
Information,1/27/2024 12:37:16 AM,Microsoft-Windows-HttpService,112,HTTP Setup Trace Task,"Attempted to reserve URL https://+:10245/WMPNSSv4/. Status 0x0. Process Id 0x4 Executable path , User SYSTEM"
Information,1/27/2024 12:37:16 AM,Microsoft-Windows-HttpService,112,HTTP Setup Trace Task,"Attempted to reserve URL https://+:443/sra_{BA195980-CD49-458b-9E23-C84EE0ADCD75}/. Status 0x0. Process Id 0x4 Executable path , User SYSTEM"
Information,1/27/2024 12:37:16 AM,Microsoft-Windows-HttpService,112,HTTP Setup Trace Task,"Attempted to reserve URL http://+:10246/MDEServer/. Status 0x0. Process Id 0x4 Executable path , User SYSTEM"
Information,1/27/2024 12:37:16 AM,Microsoft-Windows-HttpService,112,HTTP Setup Trace Task,"Attempted to reserve URL http://*:2869/. Status 0x0. Process Id 0x4 Executable path , User SYSTEM"
Information,1/27/2024 12:37:16 AM,Microsoft-Windows-HttpService,112,HTTP Setup Trace Task,"Attempted to reserve URL http://+:5985/wsman/. Status 0x0. Process Id 0x4 Executable path , User SYSTEM"
Information,1/27/2024 12:37:16 AM,Microsoft-Windows-HttpService,112,HTTP Setup Trace Task,"Attempted to reserve URL http://+:47001/wsman/. Status 0x0. Process Id 0x4 Executable path , User SYSTEM"
Information,1/27/2024 12:37:16 AM,Microsoft-Windows-HttpService,112,HTTP Setup Trace Task,"Attempted to reserve URL https://+:5986/wsman/. Status 0x0. Process Id 0x4 Executable path , User SYSTEM"
Information,1/27/2024 12:37:16 AM,Microsoft-Windows-HttpService,112,HTTP Setup Trace Task,"Attempted to reserve URL https://*:5358/. Status 0x0. Process Id 0x4 Executable path , User SYSTEM"
Information,1/27/2024 12:37:16 AM,Microsoft-Windows-HttpService,112,HTTP Setup Trace Task,"Attempted to reserve URL http://+:80/Temporary_Listen_Addresses/. Status 0x0. Process Id 0x4 Executable path , User SYSTEM"
Information,1/27/2024 12:37:16 AM,Microsoft-Windows-HttpService,112,HTTP Setup Trace Task,"Attempted to reserve URL http://*:5357/. Status 0x0. Process Id 0x4 Executable path , User SYSTEM"
Information,1/27/2024 12:37:15 AM,Microsoft-Windows-WLAN-AutoConfig,10001,None,"WLAN Extensibility Module has successfully started.

Module Path: C:\WINDOWS\system32\IntelIHVRouter10.dll
"
Information,1/27/2024 12:37:15 AM,Microsoft-Windows-WLAN-AutoConfig,4000,None,"WLAN AutoConfig service has successfully started.
"
Information,1/27/2024 12:37:13 AM,Microsoft-Windows-FilterManager,6,None,"File System Filter 'bindflt' (10.0, ‎2032‎-‎10‎-‎20T09:22:30.000000000Z) has successfully loaded and registered with Filter Manager."
Information,1/27/2024 12:37:13 AM,Microsoft-Windows-FilterManager,6,None,"File System Filter 'storqosflt' (10.0, ‎2039‎-‎04‎-‎22T09:36:38.000000000Z) has successfully loaded and registered with Filter Manager."
Information,1/27/2024 12:37:13 AM,Microsoft-Windows-FilterManager,6,None,"File System Filter 'CldFlt' (10.0, ‎1990‎-‎04‎-‎22T16:36:26.000000000Z) has successfully loaded and registered with Filter Manager."
Information,1/27/2024 12:37:13 AM,Microsoft-Windows-FilterManager,1,None,"File System Filter 'CldFlt' (Version 10.0, ‎1990‎-‎04‎-‎22T16:36:26.000000000Z) unloaded successfully."
Information,1/27/2024 12:37:13 AM,Microsoft-Windows-FilterManager,6,None,"File System Filter 'CldFlt' (10.0, ‎1990‎-‎04‎-‎22T16:36:26.000000000Z) has successfully loaded and registered with Filter Manager."
Information,1/27/2024 12:37:13 AM,Microsoft-Windows-FilterManager,6,None,"File System Filter 'wcifs' (10.0, ‎2089‎-‎07‎-‎07T01:42:00.000000000Z) has successfully loaded and registered with Filter Manager."
Information,1/27/2024 12:37:13 AM,Microsoft-Windows-FilterManager,6,None,"File System Filter 'luafv' (10.0, ‎2059‎-‎02‎-‎13T17:28:11.000000000Z) has successfully loaded and registered with Filter Manager."
Information,1/27/2024 12:37:13 AM,Microsoft-Windows-FilterManager,6,None,"File System Filter 'bfs' (10.0, ‎1989‎-‎12‎-‎07T18:41:03.000000000Z) has successfully loaded and registered with Filter Manager."
Information,1/27/2024 12:37:12 AM,Microsoft-Windows-DHCPv6-Client,51046,Service State Event,DHCPv6 client service is started
Information,1/27/2024 12:37:12 AM,Microsoft-Windows-Dhcp-Client,50036,Service State Event,DHCPv4 client service is started
Information,1/27/2024 12:37:12 AM,Microsoft-Windows-Dhcp-Client,50103,Service State Event,DHCPv4 client registered for shutdown notification
Information,1/27/2024 12:37:12 AM,Microsoft-Windows-Dhcp-Client,50036,Service State Event,DHCPv4 client service is started
Information,1/27/2024 12:37:12 AM,Win32k,267,None,Touch/Touchpad Hardware Quality Assurance verification succeeded.
Information,1/27/2024 12:37:12 AM,Win32k,267,None,Touch/Touchpad Hardware Quality Assurance verification succeeded.
Information,1/27/2024 12:37:11 AM,Microsoft-Windows-Directory-Services-SAM,16983,None,"The security account manager is now logging periodic summary events for remote clients that call legacy password change or set RPC methods.

For more information please see https://go.microsoft.com/fwlink/?linkid=2150956.
"
Information,1/27/2024 12:37:11 AM,Microsoft-Windows-Directory-Services-SAM,16977,None,"The domain is configured with the following minimum password length-related settings.

MinimumPasswordLength: 0

RelaxMinimumPasswordLengthLimits: 0

MinimumPasswordLengthAudit: -1

For more information see https://go.microsoft.com/fwlink/?LinkId=2097191.
"
Information,1/27/2024 12:37:11 AM,Microsoft-Windows-Directory-Services-SAM,16962,None,"Remote calls to the SAM database are being restricted using the default security descriptor: O:SYG:SYD:(A;;RC;;;BA).
For more information please see http://go.microsoft.com/fwlink/?LinkId=787651."
Warning,1/27/2024 12:37:11 AM,LsaSrv,6155,None,"LSA package is not signed as expected. This can cause unexpected behavior with Credential Guard.

PackageName: msv1_0"
Information,1/27/2024 12:37:11 AM,Microsoft-Windows-IsolatedUserMode,5,None,Secure Trustlet NULL Id 0 and Pid 0 started with status STATUS_SUCCESS.
Warning,1/27/2024 12:37:11 AM,LsaSrv,6155,None,"LSA package is not signed as expected. This can cause unexpected behavior with Credential Guard.

PackageName: sfapm"
Warning,1/27/2024 12:37:11 AM,LsaSrv,6155,None,"LSA package is not signed as expected. This can cause unexpected behavior with Credential Guard.

PackageName: schannel"
Warning,1/27/2024 12:37:11 AM,LsaSrv,6155,None,"LSA package is not signed as expected. This can cause unexpected behavior with Credential Guard.

PackageName: wdigest"
Warning,1/27/2024 12:37:11 AM,LsaSrv,6155,None,"LSA package is not signed as expected. This can cause unexpected behavior with Credential Guard.

PackageName: cloudap"
Warning,1/27/2024 12:37:11 AM,LsaSrv,6155,None,"LSA package is not signed as expected. This can cause unexpected behavior with Credential Guard.

PackageName: pku2u"
Warning,1/27/2024 12:37:11 AM,LsaSrv,6155,None,"LSA package is not signed as expected. This can cause unexpected behavior with Credential Guard.

PackageName: tspkg"
Warning,1/27/2024 12:37:11 AM,LsaSrv,6155,None,"LSA package is not signed as expected. This can cause unexpected behavior with Credential Guard.

PackageName: msv1_0"
Warning,1/27/2024 12:37:11 AM,LsaSrv,6155,None,"LSA package is not signed as expected. This can cause unexpected behavior with Credential Guard.

PackageName: kerberos"
Warning,1/27/2024 12:37:11 AM,LsaSrv,6155,None,"LSA package is not signed as expected. This can cause unexpected behavior with Credential Guard.

PackageName: negoexts"
Information,1/27/2024 12:37:11 AM,LsaSrv,6156,None,"Virtualization Based Security for Credential Guard auto enablement status.

Hardware Requirements:	1
Domain Joined:	0
Azure AD Joined:	0"
Information,1/27/2024 12:37:11 AM,Win32k,267,None,Touch/Touchpad Hardware Quality Assurance verification succeeded.
Error,1/27/2024 12:37:11 AM,Microsoft-Windows-WER-SystemErrorReporting,1001,None,"The computer has rebooted from a bugcheck.  The bugcheck was: 0x00000139 (0x000000000000001d, 0xffffa68c913c7290, 0xffffa68c913c71e8, 0x0000000000000000). A dump was saved in: C:\WINDOWS\Minidump\012724-13984-01.dmp. Report Id: 062b2242-f655-427c-b4b8-90365a4d82d0."
Information,1/27/2024 12:37:11 AM,Win32k,267,None,Touch/Touchpad Hardware Quality Assurance verification succeeded.
Information,1/27/2024 12:37:11 AM,Microsoft-Windows-Wininit,18,None,VBS Key Isolation was started and will protect VSM-isolated keys.
Information,1/27/2024 12:37:11 AM,Microsoft-Windows-IsolatedUserMode,1,None,Secure Trustlet \??\C:\WINDOWS\system32\lsaiso.exe Id 1 and Pid 648 started with status STATUS_SUCCESS.
Information,1/27/2024 12:37:11 AM,Microsoft-Windows-IsolatedUserMode,5,None,Secure Trustlet NULL Id 0 and Pid 0 started with status STATUS_SUCCESS.
Information,1/27/2024 12:37:11 AM,Microsoft-Windows-Wininit,14,None,"Credential Guard configuration:

Registry Configuration: 0x2
Test Configuration: 0
Auto Enablement: 1"
Warning,1/27/2024 12:37:10 AM,Microsoft-Windows-Kernel-PnP,219,(212),The driver \Driver\WudfRd failed to load for the device HID\Vid_8087&Pid_0AC2\6&1564e45f&0&0000.
Information,1/27/2024 12:37:10 AM,Microsoft-Windows-DriverFrameworks-UserMode,10118,Startup of the UMDF reflector,"UMDF reflector is unable to connect to service control manager (SCM). This is expected during boot, when SCM has not started yet. Will retry when it starts."
Warning,1/27/2024 12:37:10 AM,Microsoft-Windows-Kernel-PnP,219,(212),The driver \Driver\WudfRd failed to load for the device HID\Vid_8087&Pid_0AC2\6&281e9504&0&0000.
Information,1/27/2024 12:37:10 AM,Microsoft-Windows-DriverFrameworks-UserMode,10118,Startup of the UMDF reflector,"UMDF reflector is unable to connect to service control manager (SCM). This is expected during boot, when SCM has not started yet. Will retry when it starts."
Warning,1/27/2024 12:37:07 AM,Microsoft-Windows-Kernel-PnP,219,(212),The driver \Driver\WUDFRd failed to load for the device {DD8E82AE-334B-49A2-AEAE-AEB0FD5C40DD}\DetectionVerification\5&21c1c6a0&0&0.
Information,1/27/2024 12:37:07 AM,Microsoft-Windows-DriverFrameworks-UserMode,10118,Startup of the UMDF reflector,"UMDF reflector is unable to connect to service control manager (SCM). This is expected during boot, when SCM has not started yet. Will retry when it starts."
Information,1/27/2024 12:37:06 AM,Microsoft-Windows-Kernel-General,24,(11),The time zone information was refreshed with exit reason 0. Current time zone bias is -480.
Information,1/27/2024 12:37:05 AM,Netwtw10,7023,None,7023 - secure boot debug logging Quasar
Information,1/27/2024 12:37:05 AM,Netwtw10,7017,None,7017 - secure boot (SB) configuration
Information,1/27/2024 12:37:05 AM,Netwtw10,7010,None,7010 - driver enabled (miniport init)
Information,1/27/2024 12:37:05 AM,Netwtw10,7002,None,7002 - CTDP power limit value (SPLC)
Information,1/27/2024 12:37:05 AM,Netwtw10,7005,None,7005 - SAR value max TX power (WRDS)
Information,1/27/2024 12:37:05 AM,MEIx64,2,None,Intel(R) Management Engine Interface driver has started successfully.
Information,1/27/2024 12:37:05 AM,Netwtw10,7027,None,7027 - get Nic Manufacturere on init
Information,1/27/2024 12:37:05 AM,Netwtw10,7036,None,The \Device\NDMP1 service entered the Intel(R) Wireless-AC 9560 160MHz state.
Information,1/27/2024 12:37:04 AM,Microsoft-Windows-Kernel-Power,521,(220),Active battery count change.
Information,1/27/2024 12:37:04 AM,Microsoft-Windows-Ntfs,98,None,Volume \\?\Volume{1c4cae2d-03f0-4a1e-9ce9-e80c3ca1b69f} (\Device\HarddiskVolume4) is healthy.  No action is needed.
Information,1/27/2024 12:37:04 AM,Microsoft-Windows-Kernel-Power,521,(220),Active battery count change.
Information,1/27/2024 12:37:04 AM,Microsoft-Windows-Kernel-Processor-Power,55,(47),"Processor 3 in group 0 exposes the following power management capabilities:

Idle state type: Micro Power Engine Plugin (11 state(s))

Performance state type: ACPI Collaborative Processor Performance Control
Nominal Frequency (MHz): 2592
Maximum performance percentage: 157
Minimum performance percentage: 34
Minimum throttle percentage: 3"
Information,1/27/2024 12:37:04 AM,Microsoft-Windows-Kernel-Processor-Power,55,(47),"Processor 1 in group 0 exposes the following power management capabilities:

Idle state type: Micro Power Engine Plugin (11 state(s))

Performance state type: ACPI Collaborative Processor Performance Control
Nominal Frequency (MHz): 2592
Maximum performance percentage: 157
Minimum performance percentage: 34
Minimum throttle percentage: 3"
Information,1/27/2024 12:37:04 AM,Microsoft-Windows-Kernel-Processor-Power,55,(47),"Processor 2 in group 0 exposes the following power management capabilities:

Idle state type: Micro Power Engine Plugin (11 state(s))

Performance state type: ACPI Collaborative Processor Performance Control
Nominal Frequency (MHz): 2592
Maximum performance percentage: 157
Minimum performance percentage: 34
Minimum throttle percentage: 3"
Information,1/27/2024 12:37:04 AM,Microsoft-Windows-Kernel-Processor-Power,55,(47),"Processor 0 in group 0 exposes the following power management capabilities:

Idle state type: Micro Power Engine Plugin (11 state(s))

Performance state type: ACPI Collaborative Processor Performance Control
Nominal Frequency (MHz): 2592
Maximum performance percentage: 157
Minimum performance percentage: 15
Minimum throttle percentage: 3"
Warning,1/27/2024 12:37:03 AM,Microsoft-Windows-Kernel-PnP,219,(212),The driver \Driver\WUDFRd failed to load for the device PCI\VEN_8086&DEV_1903&SUBSYS_1F611043&REV_0C\3&11583659&1&20.
Information,1/27/2024 12:37:03 AM,Microsoft-Windows-DriverFrameworks-UserMode,10118,Startup of the UMDF reflector,"UMDF reflector is unable to connect to service control manager (SCM). This is expected during boot, when SCM has not started yet. Will retry when it starts."
Critical,1/27/2024 12:37:02 AM,Microsoft-Windows-Kernel-Power,41,(63),"The system has rebooted without cleanly shutting down first. This error could be caused if the system stopped responding, crashed, or lost power unexpectedly."
Information,1/27/2024 12:37:02 AM,Microsoft-Windows-Kernel-Power,125,(86),"ACPI thermal zone \_TZ.TZ00 has been enumerated.             
_PSV = 0K             
_TC1 = 0             
_TC2 = 0             
_TSP = 0ms             
_AC0 = 344K             
_AC1 = 328K             
_AC2 = 323K             
_AC3 = 318K             
_AC4 = 313K             
_AC5 = 0K             
_AC6 = 0K             
_AC7 = 0K             
_AC8 = 0K             
_AC9 = 0K             
_CRT = 0K             
_HOT = 372K             
minimum throttle = 0             
_CR3 = 0K"
Information,1/27/2024 12:37:02 AM,Microsoft-Windows-FilterManager,6,None,"File System Filter 'npsvctrig' (10.0, ‎1979‎-‎12‎-‎20T00:12:41.000000000Z) has successfully loaded and registered with Filter Manager."
Information,1/27/2024 12:37:01 AM,Microsoft-Windows-FilterManager,6,None,"File System Filter 'aswMonFlt' (10.0, ‎2023‎-‎12‎-‎05T20:26:30.000000000Z) has successfully loaded and registered with Filter Manager."
Information,1/27/2024 12:37:01 AM,Microsoft-Windows-FilterManager,6,None,"File System Filter 'FileCrypt' (10.0, ‎1983‎-‎08‎-‎19T10:58:35.000000000Z) has successfully loaded and registered with Filter Manager."
Information,1/27/2024 12:37:01 AM,Microsoft-Windows-FilterManager,6,None,"File System Filter 'aswSnx' (10.0, ‎2023‎-‎12‎-‎05T20:26:33.000000000Z) has successfully loaded and registered with Filter Manager."
Information,1/27/2024 12:37:01 AM,Microsoft-Windows-FilterManager,6,None,"File System Filter 'aswSP' (10.0, ‎2023‎-‎12‎-‎05T20:27:14.000000000Z) has successfully loaded and registered with Filter Manager."
Error,1/27/2024 12:37:01 AM,volmgr,162,None,Dump file generation succeded.
Information,1/27/2024 12:37:01 AM,Microsoft-Windows-Ntfs,98,None,Volume C: (\Device\HarddiskVolume3) is healthy.  No action is needed.
Information,1/27/2024 12:36:59 AM,Microsoft-Windows-FilterManager,6,None,"File System Filter 'Wof' (10.0, ‎2086‎-‎08‎-‎04T19:20:16.000000000Z) has successfully loaded and registered with Filter Manager."
Information,1/27/2024 12:36:59 AM,Microsoft-Windows-FilterManager,6,None,"File System Filter 'FileInfo' (10.0, ‎2079‎-‎02‎-‎27T06:03:00.000000000Z) has successfully loaded and registered with Filter Manager."
Information,1/27/2024 12:36:57 AM,Microsoft-Windows-HAL,16,None,The iommu fault reporting has been initialized.
Information,1/27/2024 12:36:57 AM,Microsoft-Windows-Kernel-General,20,(6),"The leap second configuration has been updated.
Reason: Leap second data initialized from registry during boot
Leap seconds enabled: true
New leap second count: 0
Old leap second count: 0"
Information,1/27/2024 12:36:57 AM,Microsoft-Windows-IsolatedUserMode,3,None,"Secure Kernel started with status STATUS_SUCCESS and flags HvciEnabled,HvciStrictMode."
Warning,1/27/2024 12:36:57 AM,Microsoft-Windows-Hyper-V-Hypervisor,167,None,"The hypervisor did not enable mitigations for side channel vulnerabilities for virtual machines because HyperThreading is enabled. To enable mitigations for virtual machines, disable HyperThreading."
Information,1/27/2024 12:36:57 AM,Microsoft-Windows-Hyper-V-Hypervisor,165,None,"Hypervisor configured mitigations for CVE-2019-11091, CVE-2018-12126, CVE-2018-12127, CVE-2018-12130 for virtual machines.

Processor not affected: true
Processor family not affected: false
Processor supports microarchitectural buffer flush: false
Buffer flush needed: true
"
Information,1/27/2024 12:36:57 AM,Microsoft-Windows-Hyper-V-Hypervisor,156,None,"Hypervisor configured mitigations for CVE-2018-3646 for virtual machines.

Processor not affected: true
Processor family not affected: false
Processor supports cache flush: true
HyperThreading enabled: true
Parent hypervisor applies mitigations: false
Mitigations disabled by bcdedit: false
Mitigations enabled: true
Cache flush needed: false
"
Information,1/27/2024 12:36:57 AM,Microsoft-Windows-Hyper-V-Hypervisor,129,None,"Hypervisor initialized I/O remapping.

Hardware present: true
Hardware enabled: true
Policy: 0x0
Enabled features: 0x43
Internal information: 0x0
Problems: 0x0
Additional information: 0x0"
Information,1/27/2024 12:36:57 AM,Microsoft-Windows-Hyper-V-Hypervisor,2,None,Hypervisor scheduler type is 0x4.
Information,1/27/2024 12:36:57 AM,Microsoft-Windows-Hyper-V-Hypervisor,1,None,Hypervisor successfully started.
Information,1/27/2024 12:36:57 AM,Microsoft-Windows-Kernel-Boot,30,(21),The firmware reported boot metrics.
Information,1/27/2024 12:36:57 AM,Microsoft-Windows-Kernel-Boot,32,(58),The bootmgr spent 0 ms waiting for user input.
Information,1/27/2024 12:36:57 AM,Microsoft-Windows-Kernel-Boot,18,(57),There are 0x1 boot options on this system.
Information,1/27/2024 12:36:57 AM,Microsoft-Windows-Kernel-Boot,27,(33),The boot type was 0x0.
Information,1/27/2024 12:36:57 AM,Microsoft-Windows-Kernel-Boot,25,(32),The boot menu policy was 0x1.
Information,1/27/2024 12:36:57 AM,Microsoft-Windows-Kernel-Boot,238,(101),EFI time zone bias: 2047. Daylight flags: 0. Firmware time: ‎2024‎-‎01‎-‎27T00:36:56.000000000Z.
Information,1/27/2024 12:37:14 AM,EventLog,6013,None,The system uptime is 16 seconds.
Information,1/27/2024 12:37:14 AM,EventLog,6005,None,The Event log service was started.
Information,1/27/2024 12:37:14 AM,EventLog,6009,None,Microsoft (R) Windows (R) 10.00. 22621  Multiprocessor Free.
Error,1/27/2024 12:37:14 AM,EventLog,6008,None,The previous system shutdown at 12:36:45 AM on ‎1/‎27/‎2024 was unexpected.
Information,1/27/2024 12:36:57 AM,Microsoft-Windows-Kernel-Boot,20,(31),The last shutdown's success status was false. The last boot's success status was true.
Information,1/27/2024 12:36:57 AM,Microsoft-Windows-Kernel-Boot,153,(62),"Virtualization-based security (policies: VBS Enabled,VSM Required,Hvci,Boot Chain Signer Soft Enforced) is enabled due to VBS registry configuration."
Information,1/27/2024 12:36:57 AM,Microsoft-Windows-Kernel-General,12,(1),The operating system started at system time ‎2024‎-‎01‎-‎26T16:36:57.500000000Z.
Information,1/27/2024 12:10:38 AM,Microsoft-Windows-UserModePowerService,12,(10),Process C:\Program Files (x86)\Razer\Razer Cortex\RazerCortex.exe (process ID:14712) reset policy scheme from {381b4222-f694-41f0-9685-ff5bb260df2e} to {0ff0fd1d-0f44-4edd-8ef6-9821faf1dad7}
Information,1/27/2024 12:10:38 AM,Microsoft-Windows-UserModePowerService,12,(10),Process C:\Program Files (x86)\Razer\Razer Cortex\RazerCortex.exe (process ID:14712) reset policy scheme from {8c5e7fda-e8bf-4a96-9a85-a6e23a8c635c} to {381b4222-f694-41f0-9685-ff5bb260df2e}
Information,1/27/2024 12:10:26 AM,Microsoft-Windows-UserModePowerService,12,(10),Process C:\Program Files\Avast Software\Avast\aswToolsSvc.exe (process ID:4912) reset policy scheme from {8c5e7fda-e8bf-4a96-9a85-a6e23a8c635c} to {8c5e7fda-e8bf-4a96-9a85-a6e23a8c635c}
Information,1/27/2024 12:04:11 AM,Microsoft-Windows-Time-Service,158,None,The time provider 'VMICTimeProvider' has indicated that the current hardware and operating environment is not supported and has stopped. This behavior is expected for VMICTimeProvider on non-HyperV-guest environments. This may be the expected behavior for the current provider in the current operating environment as well.
Information,1/27/2024 12:01:14 AM,Microsoft-Windows-IsolatedUserMode,5,None,Secure Trustlet NULL Id 0 and Pid 0 started with status STATUS_SUCCESS.
Information,1/27/2024 12:01:14 AM,Microsoft-Windows-IsolatedUserMode,2,None,Secure Trustlet Id 0 and Pid 0 stopped with status STATUS_SUCCESS.
Information,1/26/2024 11:47:07 PM,Microsoft-Windows-Time-Service,158,None,The time provider 'VMICTimeProvider' has indicated that the current hardware and operating environment is not supported and has stopped. This behavior is expected for VMICTimeProvider on non-HyperV-guest environments. This may be the expected behavior for the current provider in the current operating environment as well.
Information,1/26/2024 11:30:03 PM,Microsoft-Windows-Time-Service,158,None,The time provider 'VMICTimeProvider' has indicated that the current hardware and operating environment is not supported and has stopped. This behavior is expected for VMICTimeProvider on non-HyperV-guest environments. This may be the expected behavior for the current provider in the current operating environment as well.
Information,1/26/2024 11:12:59 PM,Microsoft-Windows-Time-Service,158,None,The time provider 'VMICTimeProvider' has indicated that the current hardware and operating environment is not supported and has stopped. This behavior is expected for VMICTimeProvider on non-HyperV-guest environments. This may be the expected behavior for the current provider in the current operating environment as well.
Information,1/26/2024 10:55:39 PM,Microsoft-Windows-UserModePowerService,12,(10),Process C:\Program Files (x86)\Razer\Razer Cortex\RazerCortex.exe (process ID:14712) reset policy scheme from {f3386ce4-28bd-4edf-9818-40f6ae005529} to {8c5e7fda-e8bf-4a96-9a85-a6e23a8c635c}
Information,1/26/2024 10:55:39 PM,Microsoft-Windows-Time-Service,37,None,"The time provider NtpClient is currently receiving valid time data from time.windows.com,0x9 (ntp.m|0x9|0.0.0.0:123->20.189.79.72:123)."
Information,1/26/2024 10:55:39 PM,Microsoft-Windows-Time-Service,158,None,The time provider 'VMICTimeProvider' has indicated that the current hardware and operating environment is not supported and has stopped. This behavior is expected for VMICTimeProvider on non-HyperV-guest environments. This may be the expected behavior for the current provider in the current operating environment as well.
Warning,1/26/2024 10:39:11 PM,Microsoft-Windows-DistributedCOM,10016,None,"The application-specific permission settings do not grant Local Launch permission for the COM Server application with CLSID 
{7022A3B3-D004-4F52-AF11-E9E987FEE25F}
 and APPID 
{ADA41B3C-C6FD-4A08-8CC1-D6EFDE67BE7D}
 to the user DESKTOP-OKFHDDF\zheri SID (S-1-5-21-1261234079-646169012-1463220547-1002) from address LocalHost (Using LRPC) running in the application container Unavailable SID (Unavailable). This security permission can be modified using the Component Services administrative tool."
Warning,1/26/2024 10:09:10 PM,Microsoft-Windows-DistributedCOM,10016,None,"The application-specific permission settings do not grant Local Launch permission for the COM Server application with CLSID 
{7022A3B3-D004-4F52-AF11-E9E987FEE25F}
 and APPID 
{ADA41B3C-C6FD-4A08-8CC1-D6EFDE67BE7D}
 to the user DESKTOP-OKFHDDF\zheri SID (S-1-5-21-1261234079-646169012-1463220547-1002) from address LocalHost (Using LRPC) running in the application container Unavailable SID (Unavailable). This security permission can be modified using the Component Services administrative tool."
Information,1/26/2024 10:02:36 PM,Microsoft-Windows-Kernel-Power,105,(100),Power source change.
Information,1/26/2024 10:01:11 PM,Netwtw10,7003,None,7003 - Roam Complete
Information,1/26/2024 10:01:11 PM,Netwtw10,7003,None,7003 - Roam Complete
Warning,1/26/2024 9:39:11 PM,Microsoft-Windows-DistributedCOM,10016,None,"The application-specific permission settings do not grant Local Launch permission for the COM Server application with CLSID 
{7022A3B3-D004-4F52-AF11-E9E987FEE25F}
 and APPID 
{ADA41B3C-C6FD-4A08-8CC1-D6EFDE67BE7D}
 to the user DESKTOP-OKFHDDF\zheri SID (S-1-5-21-1261234079-646169012-1463220547-1002) from address LocalHost (Using LRPC) running in the application container Unavailable SID (Unavailable). This security permission can be modified using the Component Services administrative tool."
Information,1/26/2024 9:32:56 PM,Netwtw10,7003,None,7003 - Roam Complete
Information,1/26/2024 9:32:56 PM,Netwtw10,7003,None,7003 - Roam Complete
Information,1/26/2024 9:30:38 PM,Netwtw10,7003,None,7003 - Roam Complete
Information,1/26/2024 9:27:35 PM,Microsoft-Windows-Kernel-General,16,None,The access history in hive \??\C:\Users\zheri\AppData\Local\Packages\Microsoft.Windows.ShellExperienceHost_cw5n1h2txyewy\Settings\settings.dat was cleared updating 2 keys and creating 1 modified pages.
Warning,1/26/2024 9:09:10 PM,Microsoft-Windows-DistributedCOM,10016,None,"The application-specific permission settings do not grant Local Launch permission for the COM Server application with CLSID 
{7022A3B3-D004-4F52-AF11-E9E987FEE25F}
 and APPID 
{ADA41B3C-C6FD-4A08-8CC1-D6EFDE67BE7D}
 to the user DESKTOP-OKFHDDF\zheri SID (S-1-5-21-1261234079-646169012-1463220547-1002) from address LocalHost (Using LRPC) running in the application container Unavailable SID (Unavailable). This security permission can be modified using the Component Services administrative tool."
Information,1/26/2024 9:04:40 PM,Microsoft-Windows-UserModePowerService,12,(10),Process C:\Program Files (x86)\Razer\Razer Cortex\RazerCortex.exe (process ID:14712) reset policy scheme from {381b4222-f694-41f0-9685-ff5bb260df2e} to {f3386ce4-28bd-4edf-9818-40f6ae005529}
Information,1/26/2024 9:04:39 PM,Microsoft-Windows-UserModePowerService,12,(10),Process C:\Program Files (x86)\Razer\Razer Cortex\RazerCortex.exe (process ID:14712) reset policy scheme from {8c5e7fda-e8bf-4a96-9a85-a6e23a8c635c} to {381b4222-f694-41f0-9685-ff5bb260df2e}
Information,1/26/2024 9:04:28 PM,Microsoft-Windows-HttpService,117,HTTP Configuration Property Trace Task,"Delete URL group 0xFE00000020000001. Status 0x0. Process Id 0x3614 Executable path \Device\HarddiskVolume3\Windows\System32\svchost.exe, User LOCAL SERVICE"
Information,1/26/2024 9:04:28 PM,Microsoft-Windows-HttpService,114,HTTP Configuration Property Trace Task,"Removed URL (http://*:5357/0d226490-24bf-433e-8ff4-87fc33a4bbf2/) from URL group (0xFE00000020000001). Process Id 0x3614 Executable path \Device\HarddiskVolume3\Windows\System32\svchost.exe, User LOCAL SERVICE"
Warning,1/26/2024 9:04:04 PM,Microsoft-Windows-DistributedCOM,10016,None,"The application-specific permission settings do not grant Local Activation permission for the COM Server application with CLSID 
{2593F8B9-4EAF-457C-B68A-50F6B8EA6B54}
 and APPID 
{15C20B67-12E7-4BB6-92BB-7AFF07997402}
 to the user DESKTOP-OKFHDDF\zheri SID (S-1-5-21-1261234079-646169012-1463220547-1002) from address LocalHost (Using LRPC) running in the application container Unavailable SID (Unavailable). This security permission can be modified using the Component Services administrative tool."
Information,1/26/2024 8:59:15 PM,Microsoft-Windows-Time-Service,158,None,The time provider 'VMICTimeProvider' has indicated that the current hardware and operating environment is not supported and has stopped. This behavior is expected for VMICTimeProvider on non-HyperV-guest environments. This may be the expected behavior for the current provider in the current operating environment as well.
Warning,1/26/2024 8:58:53 PM,Microsoft-Windows-DistributedCOM,10016,None,"The application-specific permission settings do not grant Local Activation permission for the COM Server application with CLSID 
{2593F8B9-4EAF-457C-B68A-50F6B8EA6B54}
 and APPID 
{15C20B67-12E7-4BB6-92BB-7AFF07997402}
 to the user DESKTOP-OKFHDDF\zheri SID (S-1-5-21-1261234079-646169012-1463220547-1002) from address LocalHost (Using LRPC) running in the application container Unavailable SID (Unavailable). This security permission can be modified using the Component Services administrative tool."
Information,1/26/2024 8:58:13 PM,Microsoft-Windows-IsolatedUserMode,5,None,Secure Trustlet NULL Id 0 and Pid 0 started with status STATUS_SUCCESS.
Warning,1/26/2024 8:57:35 PM,Microsoft-Windows-Kernel-Processor-Power,37,(7),The speed of processor 3 in group 0 is being limited by system firmware. The processor has been in this reduced performance state for 71 seconds since the last report.
Information,1/26/2024 8:57:10 PM,Microsoft-Windows-TPM-WMI,1025,None,The TPM was successfully provisioned and is now ready for use.
Information,1/26/2024 8:57:10 PM,Microsoft-Windows-TPM-WMI,1282,None,The TBS device identifier has been generated.
Information,1/26/2024 8:57:09 PM,Microsoft-Windows-HttpService,113,HTTP Configuration Property Trace Task,"Attempted to add URL (http://127.0.0.1:28385:127.0.0.1/intel/) to URL group (0xFE00000220000001). Status: 0x0. Process Id 0x1A00 Executable path \Device\HarddiskVolume3\Program Files (x86)\Intel\Driver and Support Assistant\DSAService.exe, User SYSTEM"
Information,1/26/2024 8:57:09 PM,Microsoft-Windows-HttpService,111,HTTP Configuration Property Trace Task,"Create URL group 0xFE00000220000001. Status 0x0. Process Id 0x1A00 Executable path \Device\HarddiskVolume3\Program Files (x86)\Intel\Driver and Support Assistant\DSAService.exe, User SYSTEM"
Information,1/26/2024 8:57:09 PM,Microsoft-Windows-HttpService,113,HTTP Configuration Property Trace Task,"Attempted to add URL (http://127.0.0.1:28390:127.0.0.1/) to URL group (0xFC00000020000001). Status: 0x0. Process Id 0x1A00 Executable path \Device\HarddiskVolume3\Program Files (x86)\Intel\Driver and Support Assistant\DSAService.exe, User SYSTEM"
Information,1/26/2024 8:57:09 PM,Microsoft-Windows-HttpService,111,HTTP Configuration Property Trace Task,"Create URL group 0xFC00000020000001. Status 0x0. Process Id 0x1A00 Executable path \Device\HarddiskVolume3\Program Files (x86)\Intel\Driver and Support Assistant\DSAService.exe, User SYSTEM"
Information,1/26/2024 8:57:09 PM,Microsoft-Windows-HttpService,113,HTTP Configuration Property Trace Task,"Attempted to add URL (http://*:5357/0d226490-24bf-433e-8ff4-87fc33a4bbf2/) to URL group (0xFE00000020000001). Status: 0x0. Process Id 0x3614 Executable path \Device\HarddiskVolume3\Windows\System32\svchost.exe, User LOCAL SERVICE"
Information,1/26/2024 8:57:09 PM,Microsoft-Windows-HttpService,111,HTTP Configuration Property Trace Task,"Create URL group 0xFE00000020000001. Status 0x0. Process Id 0x3614 Executable path \Device\HarddiskVolume3\Windows\System32\svchost.exe, User LOCAL SERVICE"
Information,1/26/2024 8:57:08 PM,TPM,18,None,This event triggers the Trusted Platform Module (TPM) provisioning/status check to run.
Information,1/26/2024 8:57:08 PM,Service Control Manager,7026,None,"The following boot-start or system-start driver(s) did not load: 
WinSetupMon"
Error,1/26/2024 8:57:07 PM,Service Control Manager,7034,None,The GameInput Service service terminated unexpectedly.  It has done this 6 time(s).
Error,1/26/2024 8:57:07 PM,Service Control Manager,7023,None,"The GameInput Service service terminated with the following error: 
The compound file GameInput Service was produced with a newer version of storage."
Error,1/26/2024 8:57:05 PM,Service Control Manager,7031,None,The GameInput Service service terminated unexpectedly.  It has done this 5 time(s).  The following corrective action will be taken in 1000 milliseconds: Restart the service.
Error,1/26/2024 8:57:05 PM,Service Control Manager,7023,None,"The GameInput Service service terminated with the following error: 
The compound file GameInput Service was produced with a newer version of storage."
Error,1/26/2024 8:57:04 PM,Service Control Manager,7031,None,The GameInput Service service terminated unexpectedly.  It has done this 4 time(s).  The following corrective action will be taken in 1000 milliseconds: Restart the service.
Error,1/26/2024 8:57:04 PM,Service Control Manager,7023,None,"The GameInput Service service terminated with the following error: 
The compound file GameInput Service was produced with a newer version of storage."
Information,1/26/2024 8:57:04 PM,Microsoft-Windows-FilterManager,6,None,"File System Filter 'gameflt' (10.0, ‎2010‎-‎06‎-‎15T11:47:08.000000000Z) has successfully loaded and registered with Filter Manager."
Error,1/26/2024 8:57:03 PM,Service Control Manager,7031,None,The GameInput Service service terminated unexpectedly.  It has done this 3 time(s).  The following corrective action will be taken in 1000 milliseconds: Restart the service.
Error,1/26/2024 8:57:03 PM,Service Control Manager,7023,None,"The GameInput Service service terminated with the following error: 
The compound file GameInput Service was produced with a newer version of storage."
Error,1/26/2024 8:57:02 PM,Service Control Manager,7031,None,The GameInput Service service terminated unexpectedly.  It has done this 2 time(s).  The following corrective action will be taken in 1000 milliseconds: Restart the service.
Error,1/26/2024 8:57:02 PM,Service Control Manager,7023,None,"The GameInput Service service terminated with the following error: 
The compound file GameInput Service was produced with a newer version of storage."
Error,1/26/2024 8:57:01 PM,Service Control Manager,7031,None,The GameInput Service service terminated unexpectedly.  It has done this 1 time(s).  The following corrective action will be taken in 1000 milliseconds: Restart the service.
Error,1/26/2024 8:57:01 PM,Service Control Manager,7023,None,"The GameInput Service service terminated with the following error: 
The compound file GameInput Service was produced with a newer version of storage."
Information,1/26/2024 8:57:01 PM,Microsoft-Windows-UserModePowerService,12,(10),Process C:\Windows\System32\DriverStore\FileRepository\dptf_cpu.inf_amd64_c2c5b0e17a28a48f\esif_uf.exe (process ID:5188) reset policy scheme from {8c5e7fda-e8bf-4a96-9a85-a6e23a8c635c} to {8c5e7fda-e8bf-4a96-9a85-a6e23a8c635c}
Information,1/26/2024 8:57:01 PM,Microsoft-Windows-UserModePowerService,12,(10),Process C:\Windows\System32\DriverStore\FileRepository\dptf_cpu.inf_amd64_c2c5b0e17a28a48f\esif_uf.exe (process ID:5188) reset policy scheme from {8c5e7fda-e8bf-4a96-9a85-a6e23a8c635c} to {8c5e7fda-e8bf-4a96-9a85-a6e23a8c635c}
Information,1/26/2024 8:56:59 PM,Netwtw10,7021,None,7021 - Connection telemetry fields and analysis usage
Information,1/26/2024 8:56:41 PM,Netwtw10,7021,None,7021 - Connection telemetry fields and analysis usage
Information,1/26/2024 8:56:36 PM,Microsoft-Windows-WLAN-AutoConfig,10001,None,"WLAN Extensibility Module has successfully started.

Module Path: C:\WINDOWS\system32\IntelIHVRouter10.dll
"
Information,1/26/2024 8:56:35 PM,Microsoft-Windows-WLAN-AutoConfig,4000,None,"WLAN AutoConfig service has successfully started.
"
Information,1/26/2024 8:56:34 PM,Microsoft-Windows-HttpService,112,HTTP Setup Trace Task,"Attempted to reserve URL http://+:3387/rdp/. Status 0x0. Process Id 0x4 Executable path , User SYSTEM"
Information,1/26/2024 8:56:34 PM,Microsoft-Windows-HttpService,112,HTTP Setup Trace Task,"Attempted to reserve URL https://+:3392/rdp/. Status 0x0. Process Id 0x4 Executable path , User SYSTEM"
Information,1/26/2024 8:56:34 PM,Microsoft-Windows-HttpService,112,HTTP Setup Trace Task,"Attempted to reserve URL http://+:10247/apps/. Status 0x0. Process Id 0x4 Executable path , User SYSTEM"
Information,1/26/2024 8:56:34 PM,Microsoft-Windows-HttpService,112,HTTP Setup Trace Task,"Attempted to reserve URL http://+:10243/WMPNSSv4/. Status 0x0. Process Id 0x4 Executable path , User SYSTEM"
Information,1/26/2024 8:56:34 PM,Microsoft-Windows-HttpService,112,HTTP Setup Trace Task,"Attempted to reserve URL https://+:10245/WMPNSSv4/. Status 0x0. Process Id 0x4 Executable path , User SYSTEM"
Information,1/26/2024 8:56:34 PM,Microsoft-Windows-HttpService,112,HTTP Setup Trace Task,"Attempted to reserve URL https://+:443/sra_{BA195980-CD49-458b-9E23-C84EE0ADCD75}/. Status 0x0. Process Id 0x4 Executable path , User SYSTEM"
Information,1/26/2024 8:56:34 PM,Microsoft-Windows-HttpService,112,HTTP Setup Trace Task,"Attempted to reserve URL http://+:10246/MDEServer/. Status 0x0. Process Id 0x4 Executable path , User SYSTEM"
Information,1/26/2024 8:56:34 PM,Microsoft-Windows-HttpService,112,HTTP Setup Trace Task,"Attempted to reserve URL http://*:2869/. Status 0x0. Process Id 0x4 Executable path , User SYSTEM"
Information,1/26/2024 8:56:34 PM,Microsoft-Windows-HttpService,112,HTTP Setup Trace Task,"Attempted to reserve URL http://+:5985/wsman/. Status 0x0. Process Id 0x4 Executable path , User SYSTEM"
Information,1/26/2024 8:56:34 PM,Microsoft-Windows-HttpService,112,HTTP Setup Trace Task,"Attempted to reserve URL http://+:47001/wsman/. Status 0x0. Process Id 0x4 Executable path , User SYSTEM"
Information,1/26/2024 8:56:34 PM,Microsoft-Windows-HttpService,112,HTTP Setup Trace Task,"Attempted to reserve URL https://+:5986/wsman/. Status 0x0. Process Id 0x4 Executable path , User SYSTEM"
Information,1/26/2024 8:56:34 PM,Microsoft-Windows-HttpService,112,HTTP Setup Trace Task,"Attempted to reserve URL https://*:5358/. Status 0x0. Process Id 0x4 Executable path , User SYSTEM"
Information,1/26/2024 8:56:34 PM,Microsoft-Windows-HttpService,112,HTTP Setup Trace Task,"Attempted to reserve URL http://+:80/Temporary_Listen_Addresses/. Status 0x0. Process Id 0x4 Executable path , User SYSTEM"
Information,1/26/2024 8:56:34 PM,Microsoft-Windows-HttpService,112,HTTP Setup Trace Task,"Attempted to reserve URL http://*:5357/. Status 0x0. Process Id 0x4 Executable path , User SYSTEM"
Information,1/26/2024 8:56:33 PM,Microsoft-Windows-Kernel-General,16,None,The access history in hive \??\C:\Users\zheri\ntuser.dat was cleared updating 9639 keys and creating 864 modified pages.
Information,1/26/2024 8:56:33 PM,Microsoft-Windows-Winlogon,7001,(1101),User Logon Notification for Customer Experience Improvement Program
Information,1/26/2024 8:56:32 PM,Microsoft-Windows-FilterManager,6,None,"File System Filter 'bindflt' (10.0, ‎2032‎-‎10‎-‎20T09:22:30.000000000Z) has successfully loaded and registered with Filter Manager."
Information,1/26/2024 8:56:32 PM,Microsoft-Windows-FilterManager,6,None,"File System Filter 'storqosflt' (10.0, ‎2039‎-‎04‎-‎22T09:36:38.000000000Z) has successfully loaded and registered with Filter Manager."
Information,1/26/2024 8:56:32 PM,Microsoft-Windows-FilterManager,6,None,"File System Filter 'CldFlt' (10.0, ‎1990‎-‎04‎-‎22T16:36:26.000000000Z) has successfully loaded and registered with Filter Manager."
Information,1/26/2024 8:56:32 PM,Microsoft-Windows-FilterManager,1,None,"File System Filter 'CldFlt' (Version 10.0, ‎1990‎-‎04‎-‎22T16:36:26.000000000Z) unloaded successfully."
Information,1/26/2024 8:56:32 PM,Microsoft-Windows-FilterManager,6,None,"File System Filter 'CldFlt' (10.0, ‎1990‎-‎04‎-‎22T16:36:26.000000000Z) has successfully loaded and registered with Filter Manager."
Information,1/26/2024 8:56:32 PM,Microsoft-Windows-FilterManager,6,None,"File System Filter 'wcifs' (10.0, ‎2089‎-‎07‎-‎07T01:42:00.000000000Z) has successfully loaded and registered with Filter Manager."
Information,1/26/2024 8:56:32 PM,Microsoft-Windows-FilterManager,6,None,"File System Filter 'luafv' (10.0, ‎2059‎-‎02‎-‎13T17:28:11.000000000Z) has successfully loaded and registered with Filter Manager."
Information,1/26/2024 8:56:32 PM,Microsoft-Windows-FilterManager,6,None,"File System Filter 'bfs' (10.0, ‎1989‎-‎12‎-‎07T18:41:03.000000000Z) has successfully loaded and registered with Filter Manager."
