Level,Date and Time,Source,Event ID,Task Category
Information,1/31/2024 4:41:13 PM,Netwtw10,7021,None,7021 - Connection telemetry fields and analysis usage
Information,1/31/2024 4:41:07 PM,Microsoft-Windows-IsolatedUserMode,5,None,Secure Trustlet NULL Id 0 and Pid 0 started with status STATUS_SUCCESS.
Information,1/31/2024 4:41:06 PM,Microsoft-Windows-IsolatedUserMode,2,None,Secure Trustlet Id 0 and Pid 0 stopped with status STATUS_SUCCESS.
Information,1/31/2024 4:40:52 PM,Netwtw10,7003,None,7003 - Roam Complete
Information,1/31/2024 4:40:22 PM,Microsoft-Windows-Kernel-Power,105,(100),Power source change.
Information,1/31/2024 4:40:08 PM,Microsoft-Windows-Kernel-Power,105,(100),Power source change.
Information,1/31/2024 4:40:02 PM,Microsoft-Windows-Kernel-Power,105,(100),Power source change.
Information,1/31/2024 4:39:47 PM,Netwtw10,7021,None,7021 - Connection telemetry fields and analysis usage
Information,1/31/2024 4:37:32 PM,Microsoft-Windows-Time-Service,158,None,The time provider 'VMICTimeProvider' has indicated that the current hardware and operating environment is not supported and has stopped. This behavior is expected for VMICTimeProvider on non-HyperV-guest environments. This may be the expected behavior for the current provider in the current operating environment as well.
Information,1/31/2024 4:35:34 PM,Microsoft-Windows-IsolatedUserMode,5,None,Secure Trustlet NULL Id 0 and Pid 0 started with status STATUS_SUCCESS.
Information,1/31/2024 4:35:34 PM,Microsoft-Windows-IsolatedUserMode,2,None,Secure Trustlet Id 0 and Pid 0 stopped with status STATUS_SUCCESS.
Information,1/31/2024 4:33:41 PM,Microsoft-Windows-IsolatedUserMode,5,None,Secure Trustlet NULL Id 0 and Pid 0 started with status STATUS_SUCCESS.
Information,1/31/2024 4:33:40 PM,Microsoft-Windows-IsolatedUserMode,2,None,Secure Trustlet Id 0 and Pid 0 stopped with status STATUS_SUCCESS.
Error,1/31/2024 4:33:34 PM,Schannel,36884,None,"The certificate received from the remote server does not contain the expected name. It is therefore not possible to determine whether we are connecting to the correct server. The server name we were expecting is outside-scanner-v6.ff.avast.com. The TLS connection request has failed. The attached data contains the server certificate.
 The SSPI client process is AvastSvc (PID: 4608)."
Information,1/31/2024 4:32:23 PM,Application Popup,26,None,"Application popup: Visual Studio Just-In-Time Debugger : An unhandled win32 exception occurred in [4772] RtkAudUService64.exe. Just-In-Time debugging this exception failed with the following error: No installed debugger has Just-In-Time debugging enabled. In Visual Studio, Just-In-Time debugging can be enabled from Tools/Options/Debugging/Just-In-Time.

Check the documentation index for 'Just-in-time debugging, errors' for more information."
Information,1/31/2024 4:32:22 PM,Microsoft-Windows-WindowsUpdateClient,19,Windows Update Agent,Installation Successful: Windows successfully installed the following update: ASUSTeK COMPUTER INC. - System - 3.1.24.0
Information,1/31/2024 4:32:22 PM,Microsoft-Windows-UserPnp,20003,(7005),Driver Management has concluded the process to add Service ASUSSwitch for Device Instance ID ACPI\ASUS2018\2&DABA3FF&1 with the following status: 0.
Information,1/31/2024 4:32:21 PM,Microsoft-Windows-UserPnp,20003,(7005),Driver Management has concluded the process to add Service AsusAppService for Device Instance ID ACPI\ASUS2018\2&DABA3FF&1 with the following status: 0.
Information,1/31/2024 4:32:19 PM,Microsoft-Windows-UserPnp,20003,(7005),Driver Management has concluded the process to add Service ASUSSoftwareManager for Device Instance ID ACPI\ASUS2018\2&DABA3FF&1 with the following status: 0.
Information,1/31/2024 4:32:19 PM,Service Control Manager,7045,None,"A service was installed in the system.

Service Name:  AsusSAIO
Service File Name:  \SystemRoot\System32\DriverStore\FileRepository\asussci2.inf_amd64_f2eed2fae3b45a67\ASUSSystemAnalysis\AsusSAIO.sys
Service Type:  kernel mode driver
Service Start Type:  demand start
Service Account:  "
Information,1/31/2024 4:32:19 PM,Microsoft-Windows-UserPnp,20003,(7005),Driver Management has concluded the process to add Service ASUSSystemAnalysis for Device Instance ID ACPI\ASUS2018\2&DABA3FF&1 with the following status: 0.
Information,1/31/2024 4:32:18 PM,Microsoft-Windows-UserPnp,20003,(7005),Driver Management has concluded the process to add Service ASUSSystemDiagnosis for Device Instance ID ACPI\ASUS2018\2&DABA3FF&1 with the following status: 0.
Information,1/31/2024 4:32:16 PM,Microsoft-Windows-UserPnp,20003,(7005),Driver Management has concluded the process to add Service ASUSOptimization for Device Instance ID ACPI\ASUS2018\2&DABA3FF&1 with the following status: 0.
Information,1/31/2024 4:32:14 PM,Microsoft-Windows-UserPnp,20003,(7005),Driver Management has concluded the process to add Service ATKWMIACPIIO for Device Instance ID ACPI\ASUS2018\2&DABA3FF&1 with the following status: 0.
Information,1/31/2024 4:32:11 PM,Microsoft-Windows-WindowsUpdateClient,43,Windows Update Agent,Installation Started: Windows has started installing the following update: ASUSTeK COMPUTER INC. - System - 3.1.24.0
Information,1/31/2024 4:32:08 PM,Microsoft-Windows-WindowsUpdateClient,44,Windows Update Agent,Windows Update started downloading an update.
Information,1/31/2024 4:31:02 PM,Netwtw10,7021,None,7021 - Connection telemetry fields and analysis usage
Information,1/31/2024 4:30:48 PM,Netwtw10,7021,None,7021 - Connection telemetry fields and analysis usage
Information,1/31/2024 4:30:45 PM,Netwtw10,7021,None,7021 - Connection telemetry fields and analysis usage
Information,1/31/2024 4:30:42 PM,Netwtw10,7021,None,7021 - Connection telemetry fields and analysis usage
Information,1/31/2024 4:30:39 PM,Netwtw10,7021,None,7021 - Connection telemetry fields and analysis usage
Information,1/31/2024 4:30:35 PM,Netwtw10,7021,None,7021 - Connection telemetry fields and analysis usage
Information,1/31/2024 4:30:19 PM,Netwtw10,7021,None,7021 - Connection telemetry fields and analysis usage
Information,1/31/2024 4:30:12 PM,Netwtw10,7021,None,7021 - Connection telemetry fields and analysis usage
Information,1/31/2024 4:30:12 PM,Netwtw10,7021,None,7021 - Connection telemetry fields and analysis usage
Information,1/31/2024 4:30:12 PM,Netwtw10,7021,None,7021 - Connection telemetry fields and analysis usage
Information,1/31/2024 4:30:12 PM,Netwtw10,7021,None,7021 - Connection telemetry fields and analysis usage
Information,1/31/2024 4:30:06 PM,Netwtw10,7021,None,7021 - Connection telemetry fields and analysis usage
Information,1/31/2024 4:30:06 PM,Netwtw10,7021,None,7021 - Connection telemetry fields and analysis usage
Information,1/31/2024 4:30:06 PM,Netwtw10,7021,None,7021 - Connection telemetry fields and analysis usage
Information,1/31/2024 4:30:06 PM,Netwtw10,7021,None,7021 - Connection telemetry fields and analysis usage
Warning,1/31/2024 4:30:04 PM,Microsoft-Windows-DNS-Client,1014,(1014),Name resolution for the name www.msftconnecttest.com timed out after none of the configured DNS servers responded. Client PID 1972.
Information,1/31/2024 4:29:56 PM,Netwtw10,7021,None,7021 - Connection telemetry fields and analysis usage
Information,1/31/2024 4:29:55 PM,Netwtw10,7021,None,7021 - Connection telemetry fields and analysis usage
Information,1/31/2024 4:29:54 PM,Netwtw10,7021,None,7021 - Connection telemetry fields and analysis usage
Information,1/31/2024 4:29:53 PM,Netwtw10,7021,None,7021 - Connection telemetry fields and analysis usage
Warning,1/31/2024 4:29:27 PM,Microsoft-Windows-DNS-Client,1014,(1014),Name resolution for the name ntp.msn.com timed out after none of the configured DNS servers responded. Client PID 17508.
Warning,1/31/2024 4:28:58 PM,Microsoft-Windows-DNS-Client,1014,(1014),Name resolution for the name bzib.nelreports.net timed out after none of the configured DNS servers responded. Client PID 17508.
Warning,1/31/2024 4:28:37 PM,Microsoft-Windows-DNS-Client,1014,(1014),Name resolution for the name bzib.nelreports.net timed out after none of the configured DNS servers responded. Client PID 17508.
Information,1/31/2024 4:28:07 PM,Microsoft-Windows-IsolatedUserMode,5,None,Secure Trustlet NULL Id 0 and Pid 0 started with status STATUS_SUCCESS.
Information,1/31/2024 4:28:07 PM,Microsoft-Windows-IsolatedUserMode,2,None,Secure Trustlet Id 0 and Pid 0 stopped with status STATUS_SUCCESS.
Information,1/31/2024 4:28:02 PM,Netwtw10,7021,None,7021 - Connection telemetry fields and analysis usage
Information,1/31/2024 4:27:59 PM,Netwtw10,7023,None,7023 - secure boot debug logging Quasar
Information,1/31/2024 4:27:59 PM,Netwtw10,7011,None,7011 - radio ON
Information,1/31/2024 4:27:58 PM,Netwtw10,7012,None,7012 - radio OFF
Warning,1/31/2024 4:27:20 PM,Microsoft-Windows-DNS-Client,1014,(1014),Name resolution for the name nleditor.osi.office.net timed out after none of the configured DNS servers responded. Client PID 16208.
Warning,1/31/2024 4:26:04 PM,Microsoft-Windows-DNS-Client,1014,(1014),Name resolution for the name chrome.cloudflare-dns.com timed out after none of the configured DNS servers responded. Client PID 13132.
Warning,1/31/2024 4:25:22 PM,Microsoft-Windows-DNS-Client,1014,(1014),Name resolution for the name chrome.cloudflare-dns.com timed out after none of the configured DNS servers responded. Client PID 13720.
Warning,1/31/2024 4:24:46 PM,Microsoft-Windows-DNS-Client,1014,(1014),Name resolution for the name edge.microsoft.com timed out after none of the configured DNS servers responded. Client PID 16208.
Warning,1/31/2024 4:24:03 PM,Microsoft-Windows-DNS-Client,1014,(1014),Name resolution for the name edgeservices.bing.com timed out after none of the configured DNS servers responded. Client PID 16208.
Information,1/31/2024 4:23:13 PM,Netwtw10,7021,None,7021 - Connection telemetry fields and analysis usage
Information,1/31/2024 4:23:04 PM,Netwtw10,7021,None,7021 - Connection telemetry fields and analysis usage
Information,1/31/2024 4:23:00 PM,Netwtw10,7021,None,7021 - Connection telemetry fields and analysis usage
Information,1/31/2024 4:22:59 PM,Netwtw10,7021,None,7021 - Connection telemetry fields and analysis usage
Information,1/31/2024 4:22:59 PM,Netwtw10,7021,None,7021 - Connection telemetry fields and analysis usage
Information,1/31/2024 4:22:59 PM,Netwtw10,7021,None,7021 - Connection telemetry fields and analysis usage
Information,1/31/2024 4:22:54 PM,Netwtw10,7021,None,7021 - Connection telemetry fields and analysis usage
Information,1/31/2024 4:22:53 PM,Netwtw10,7021,None,7021 - Connection telemetry fields and analysis usage
Information,1/31/2024 4:22:53 PM,Netwtw10,7021,None,7021 - Connection telemetry fields and analysis usage
Information,1/31/2024 4:22:53 PM,Netwtw10,7021,None,7021 - Connection telemetry fields and analysis usage
Information,1/31/2024 4:22:16 PM,Netwtw10,7021,None,7021 - Connection telemetry fields and analysis usage
Information,1/31/2024 4:22:16 PM,Microsoft-Windows-IsolatedUserMode,2,None,Secure Trustlet Id 0 and Pid 0 stopped with status STATUS_SUCCESS.
Information,1/31/2024 4:22:13 PM,Microsoft-Windows-IsolatedUserMode,5,None,Secure Trustlet NULL Id 0 and Pid 0 started with status STATUS_SUCCESS.
Information,1/31/2024 4:22:13 PM,Netwtw10,7021,None,7021 - Connection telemetry fields and analysis usage
Information,1/31/2024 4:22:10 PM,Microsoft-Windows-Kernel-Power,172,(203),"Connectivity state in standby: Connected, Reason: None"
Information,1/31/2024 4:22:10 PM,Netwtw10,7023,None,7023 - secure boot debug logging Quasar
Information,1/31/2024 4:22:10 PM,Netwtw10,7017,None,7017 - secure boot (SB) configuration
Information,1/31/2024 4:22:10 PM,Netwtw10,7010,None,7010 - driver enabled (miniport init)
Information,1/31/2024 4:22:09 PM,Netwtw10,7002,None,7002 - CTDP power limit value (SPLC)
Information,1/31/2024 4:22:09 PM,Netwtw10,7005,None,7005 - SAR value max TX power (WRDS)
Information,1/31/2024 4:22:09 PM,Netwtw10,7027,None,7027 - get Nic Manufacturere on init
Information,1/31/2024 4:22:09 PM,Netwtw10,7036,None,The \Device\NDMP12 service entered the Intel(R) Wireless-AC 9560 160MHz state.
Information,1/31/2024 4:22:09 PM,Netwtw10,8000,None,8000 - Miniport Halt flow (driver disable)
Information,1/31/2024 4:22:09 PM,Microsoft-Windows-Kernel-Power,172,(203),"Connectivity state in standby: Disconnected, Reason: NIC compliance"
Warning,1/31/2024 4:22:06 PM,Microsoft-Windows-WLAN-AutoConfig,4003,None,"WLAN AutoConfig detected limited connectivity, attempting automatic recovery.

Recovery Type: 4
Error Code: 0x0
Trigger Reason: 5
IP Family: 0
"
Information,1/31/2024 4:22:03 PM,Microsoft-Windows-IsolatedUserMode,5,None,Secure Trustlet NULL Id 0 and Pid 0 started with status STATUS_SUCCESS.
Information,1/31/2024 4:22:03 PM,Microsoft-Windows-IsolatedUserMode,2,None,Secure Trustlet Id 0 and Pid 0 stopped with status STATUS_SUCCESS.
Information,1/31/2024 4:21:50 PM,Netwtw10,7021,None,7021 - Connection telemetry fields and analysis usage
Information,1/31/2024 4:21:32 PM,Netwtw10,7021,None,7021 - Connection telemetry fields and analysis usage
Information,1/31/2024 4:21:30 PM,Netwtw10,7021,None,7021 - Connection telemetry fields and analysis usage
Information,1/31/2024 4:21:26 PM,Netwtw10,7023,None,7023 - secure boot debug logging Quasar
Information,1/31/2024 4:21:26 PM,Netwtw10,7011,None,7011 - radio ON
Information,1/31/2024 4:21:26 PM,Netwtw10,7012,None,7012 - radio OFF
Information,1/31/2024 4:20:28 PM,Microsoft-Windows-Time-Service,158,None,The time provider 'VMICTimeProvider' has indicated that the current hardware and operating environment is not supported and has stopped. This behavior is expected for VMICTimeProvider on non-HyperV-guest environments. This may be the expected behavior for the current provider in the current operating environment as well.
Information,1/31/2024 4:19:53 PM,Netwtw10,7021,None,7021 - Connection telemetry fields and analysis usage
Information,1/31/2024 4:19:47 PM,Netwtw10,7021,None,7021 - Connection telemetry fields and analysis usage
Information,1/31/2024 4:19:47 PM,Netwtw10,7021,None,7021 - Connection telemetry fields and analysis usage
Information,1/31/2024 4:19:47 PM,Netwtw10,7021,None,7021 - Connection telemetry fields and analysis usage
Information,1/31/2024 4:19:46 PM,Netwtw10,7021,None,7021 - Connection telemetry fields and analysis usage
Error,1/31/2024 4:19:36 PM,Schannel,36884,None,"The certificate received from the remote server does not contain the expected name. It is therefore not possible to determine whether we are connecting to the correct server. The server name we were expecting is outside-scanner-v6.ff.avast.com. The TLS connection request has failed. The attached data contains the server certificate.
 The SSPI client process is AvastSvc (PID: 4608)."
Information,1/31/2024 4:18:44 PM,Microsoft-Windows-IsolatedUserMode,2,None,Secure Trustlet Id 0 and Pid 0 stopped with status STATUS_SUCCESS.
Information,1/31/2024 4:18:42 PM,Microsoft-Windows-IsolatedUserMode,5,None,Secure Trustlet NULL Id 0 and Pid 0 started with status STATUS_SUCCESS.
Information,1/31/2024 4:17:01 PM,Microsoft-Windows-Kernel-Power,566,(268),"The system session has transitioned from 5 to 6.

Reason InputAccelerometer 

BootId: 682"
Information,1/31/2024 4:17:01 PM,Microsoft-Windows-Kernel-Power,507,(158),"The system is exiting Modern Standby 

Reason: Input Keyboard."
Information,1/31/2024 4:17:00 PM,Netwtw10,7026,None,7026 - Dump after return from D3 after cmd
Information,1/31/2024 4:17:00 PM,Netwtw10,7025,None,7025 - Dump after return from D3 before cmd 
Information,1/31/2024 4:16:40 PM,Netwtw10,7026,None,7026 - Dump after return from D3 after cmd
Information,1/31/2024 4:16:40 PM,Netwtw10,7025,None,7025 - Dump after return from D3 before cmd 
Information,1/31/2024 4:16:34 PM,Netwtw10,7026,None,7026 - Dump after return from D3 after cmd
Information,1/31/2024 4:16:34 PM,Netwtw10,7025,None,7025 - Dump after return from D3 before cmd 
Information,1/31/2024 4:15:40 PM,Netwtw10,7026,None,7026 - Dump after return from D3 after cmd
Information,1/31/2024 4:15:40 PM,Netwtw10,7025,None,7025 - Dump after return from D3 before cmd 
Information,1/31/2024 4:14:30 PM,Netwtw10,7021,None,7021 - Connection telemetry fields and analysis usage
Information,1/31/2024 4:14:30 PM,Netwtw10,7026,None,7026 - Dump after return from D3 after cmd
Information,1/31/2024 4:14:30 PM,Netwtw10,7025,None,7025 - Dump after return from D3 before cmd 
Information,1/31/2024 4:10:28 PM,Netwtw10,7026,None,7026 - Dump after return from D3 after cmd
Information,1/31/2024 4:10:28 PM,Netwtw10,7025,None,7025 - Dump after return from D3 before cmd 
Information,1/31/2024 4:08:57 PM,Microsoft-Windows-Time-Service,158,None,The time provider 'VMICTimeProvider' has indicated that the current hardware and operating environment is not supported and has stopped. This behavior is expected for VMICTimeProvider on non-HyperV-guest environments. This may be the expected behavior for the current provider in the current operating environment as well.
Information,1/31/2024 4:08:27 PM,Netwtw10,7026,None,7026 - Dump after return from D3 after cmd
Information,1/31/2024 4:08:27 PM,Netwtw10,7025,None,7025 - Dump after return from D3 before cmd 
Information,1/31/2024 4:07:23 PM,Netwtw10,7026,None,7026 - Dump after return from D3 after cmd
Information,1/31/2024 4:07:23 PM,Netwtw10,7025,None,7025 - Dump after return from D3 before cmd 
Information,1/31/2024 4:07:10 PM,Microsoft-Windows-Kernel-Power,566,(268),"The system session has transitioned from 4 to 5.

Reason SessionUnlock 

BootId: 682"
Information,1/31/2024 4:07:08 PM,Microsoft-Windows-Kernel-Power,506,(157),"The system is entering Modern Standby 

Reason: Idle Timeout."
Information,1/31/2024 4:07:08 PM,Microsoft-Windows-Kernel-Power,566,(268),"The system session has transitioned from 3 to 4.

Reason SessionUnlock 

BootId: 682"
Information,1/31/2024 4:07:04 PM,Microsoft-Windows-Kernel-General,16,None,The access history in hive \??\C:\ProgramData\Microsoft\Provisioning\Microsoft-Desktop-Provisioning-Sequence.dat was cleared updating 0 keys and creating 0 modified pages.
Information,1/31/2024 4:03:09 PM,Microsoft-Windows-IsolatedUserMode,2,None,Secure Trustlet Id 0 and Pid 0 stopped with status STATUS_SUCCESS.
Information,1/31/2024 4:03:07 PM,Microsoft-Windows-IsolatedUserMode,5,None,Secure Trustlet NULL Id 0 and Pid 0 started with status STATUS_SUCCESS.
Information,1/31/2024 4:01:29 PM,Microsoft-Windows-IsolatedUserMode,5,None,Secure Trustlet NULL Id 0 and Pid 0 started with status STATUS_SUCCESS.
Information,1/31/2024 4:01:29 PM,Microsoft-Windows-IsolatedUserMode,2,None,Secure Trustlet Id 0 and Pid 0 stopped with status STATUS_SUCCESS.
Information,1/31/2024 3:54:04 PM,Microsoft-Windows-IsolatedUserMode,5,None,Secure Trustlet NULL Id 0 and Pid 0 started with status STATUS_SUCCESS.
Information,1/31/2024 3:54:04 PM,Microsoft-Windows-IsolatedUserMode,2,None,Secure Trustlet Id 0 and Pid 0 stopped with status STATUS_SUCCESS.
Information,1/31/2024 3:52:18 PM,Netwtw10,7021,None,7021 - Connection telemetry fields and analysis usage
Warning,1/31/2024 3:52:06 PM,Microsoft-Windows-DNS-Client,1014,(1014),Name resolution for the name www.msftconnecttest.com timed out after none of the configured DNS servers responded. Client PID 1972.
Information,1/31/2024 3:51:53 PM,Microsoft-Windows-Time-Service,158,None,The time provider 'VMICTimeProvider' has indicated that the current hardware and operating environment is not supported and has stopped. This behavior is expected for VMICTimeProvider on non-HyperV-guest environments. This may be the expected behavior for the current provider in the current operating environment as well.
Information,1/31/2024 3:51:53 PM,Microsoft-Windows-IsolatedUserMode,5,None,Secure Trustlet NULL Id 0 and Pid 0 started with status STATUS_SUCCESS.
Information,1/31/2024 3:51:53 PM,Microsoft-Windows-IsolatedUserMode,2,None,Secure Trustlet Id 0 and Pid 0 stopped with status STATUS_SUCCESS.
Warning,1/31/2024 3:50:40 PM,Microsoft-Windows-DNS-Client,1014,(1014),Name resolution for the name extension.femetrics.grammarly.io timed out after none of the configured DNS servers responded. Client PID 18148.
Information,1/31/2024 3:50:36 PM,Netwtw10,7021,None,7021 - Connection telemetry fields and analysis usage
Warning,1/31/2024 3:50:27 PM,Microsoft-Windows-DNS-Client,1014,(1014),Name resolution for the name www.msftconnecttest.com timed out after none of the configured DNS servers responded. Client PID 1972.
Warning,1/31/2024 3:49:47 PM,Microsoft-Windows-DNS-Client,1014,(1014),Name resolution for the name ncc.avast.com timed out after none of the configured DNS servers responded. Client PID 5032.
Warning,1/31/2024 3:49:09 PM,Microsoft-Windows-DNS-Client,1014,(1014),Name resolution for the name uib.ff.avast.com timed out after none of the configured DNS servers responded. Client PID 18148.
Information,1/31/2024 3:48:22 PM,Netwtw10,7021,None,7021 - Connection telemetry fields and analysis usage
Information,1/31/2024 3:46:53 PM,Netwtw10,7021,None,7021 - Connection telemetry fields and analysis usage
Information,1/31/2024 3:46:48 PM,Netwtw10,7021,None,7021 - Connection telemetry fields and analysis usage
Information,1/31/2024 3:46:47 PM,Netwtw10,7021,None,7021 - Connection telemetry fields and analysis usage
Information,1/31/2024 3:46:47 PM,Netwtw10,7021,None,7021 - Connection telemetry fields and analysis usage
Information,1/31/2024 3:46:47 PM,Netwtw10,7021,None,7021 - Connection telemetry fields and analysis usage
Warning,1/31/2024 3:46:45 PM,Microsoft-Windows-DNS-Client,1014,(1014),Name resolution for the name www.msftconnecttest.com timed out after none of the configured DNS servers responded. Client PID 1972.
Information,1/31/2024 3:46:44 PM,Netwtw10,7021,None,7021 - Connection telemetry fields and analysis usage
Information,1/31/2024 3:46:43 PM,Netwtw10,7021,None,7021 - Connection telemetry fields and analysis usage
Information,1/31/2024 3:46:43 PM,Netwtw10,7021,None,7021 - Connection telemetry fields and analysis usage
Information,1/31/2024 3:46:43 PM,Netwtw10,7021,None,7021 - Connection telemetry fields and analysis usage
Warning,1/31/2024 3:46:06 PM,Microsoft-Windows-DNS-Client,1014,(1014),Name resolution for the name edge.microsoft.com timed out after none of the configured DNS servers responded. Client PID 18148.
Information,1/31/2024 3:44:57 PM,Netwtw10,7021,None,7021 - Connection telemetry fields and analysis usage
Information,1/31/2024 3:44:41 PM,Netwtw10,7021,None,7021 - Connection telemetry fields and analysis usage
Information,1/31/2024 3:44:32 PM,Netwtw10,7021,None,7021 - Connection telemetry fields and analysis usage
Information,1/31/2024 3:44:23 PM,Netwtw10,7021,None,7021 - Connection telemetry fields and analysis usage
Information,1/31/2024 3:44:15 PM,Netwtw10,7021,None,7021 - Connection telemetry fields and analysis usage
Information,1/31/2024 3:40:54 PM,Microsoft-Windows-IsolatedUserMode,5,None,Secure Trustlet NULL Id 0 and Pid 0 started with status STATUS_SUCCESS.
Information,1/31/2024 3:40:54 PM,Microsoft-Windows-IsolatedUserMode,2,None,Secure Trustlet Id 0 and Pid 0 stopped with status STATUS_SUCCESS.
Warning,1/31/2024 3:40:11 PM,Microsoft-Windows-DNS-Client,1014,(1014),Name resolution for the name chrome.cloudflare-dns.com timed out after none of the configured DNS servers responded. Client PID 13132.
Information,1/31/2024 3:39:31 PM,Netwtw10,7021,None,7021 - Connection telemetry fields and analysis usage
Warning,1/31/2024 3:38:39 PM,Microsoft-Windows-DNS-Client,1014,(1014),Name resolution for the name ncc.avast.com timed out after none of the configured DNS servers responded. Client PID 4608.
Information,1/31/2024 3:38:26 PM,Microsoft-Windows-Kernel-General,16,None,The access history in hive \??\C:\ProgramData\Packages\Microsoft.WindowsTerminal_8wekyb3d8bbwe\S-1-5-21-1261234079-646169012-1463220547-1002\SystemAppData\Helium\Cache\24716aef7915c612_COM15.dat was cleared updating 1 keys and creating 1 modified pages.
Information,1/31/2024 3:38:10 PM,Microsoft-Windows-IsolatedUserMode,5,None,Secure Trustlet NULL Id 0 and Pid 0 started with status STATUS_SUCCESS.
Information,1/31/2024 3:38:05 PM,Netwtw10,7021,None,7021 - Connection telemetry fields and analysis usage
Warning,1/31/2024 3:37:40 PM,Microsoft-Windows-DNS-Client,1014,(1014),Name resolution for the name assets.msn.com timed out after none of the configured DNS servers responded. Client PID 2448.
Information,1/31/2024 3:36:59 PM,Netwtw10,7021,None,7021 - Connection telemetry fields and analysis usage
Information,1/31/2024 3:36:14 PM,Microsoft-Windows-Kernel-Power,566,(268),"The system session has transitioned from 1 to 3.

Reason Unknown 

BootId: 682"
Information,1/31/2024 3:36:14 PM,Microsoft-Windows-Kernel-Power,507,(158),"The system is exiting Modern Standby 

Reason: Power Button."
Information,1/31/2024 3:34:33 PM,Microsoft-Windows-Time-Service,37,None,"The time provider NtpClient is currently receiving valid time data from time.windows.com,0x9 (ntp.m|0x9|0.0.0.0:123->20.189.79.72:123)."
Information,1/31/2024 3:34:33 PM,Microsoft-Windows-Time-Service,158,None,The time provider 'VMICTimeProvider' has indicated that the current hardware and operating environment is not supported and has stopped. This behavior is expected for VMICTimeProvider on non-HyperV-guest environments. This may be the expected behavior for the current provider in the current operating environment as well.
Information,1/31/2024 3:33:24 PM,Microsoft-Windows-Kernel-Power,506,(157),"The system is entering Modern Standby 

Reason: Idle Timeout."
Information,1/31/2024 3:33:24 PM,Microsoft-Windows-Kernel-Power,566,(268),"The system session has transitioned from 0 to 1.

Reason SessionUnlock 

BootId: 682"
Warning,1/31/2024 3:32:54 PM,Microsoft-Windows-Kernel-Processor-Power,37,(7),The speed of processor 3 in group 0 is being limited by system firmware. The processor has been in this reduced performance state for 71 seconds since the last report.
Information,1/31/2024 3:32:46 PM,Microsoft-Windows-Kernel-General,16,None,The access history in hive \??\C:\Users\zheri\AppData\Local\Packages\AppUp.IntelGraphicsExperience_8j3eq9eme6ctt\SystemAppData\Helium\UserClasses.dat was cleared updating 1 keys and creating 1 modified pages.
Information,1/31/2024 3:32:46 PM,Microsoft-Windows-Kernel-General,16,None,The access history in hive \??\C:\Users\zheri\AppData\Local\Packages\AppUp.IntelGraphicsExperience_8j3eq9eme6ctt\SystemAppData\Helium\User.dat was cleared updating 8 keys and creating 1 modified pages.
Information,1/31/2024 3:32:29 PM,Microsoft-Windows-TPM-WMI,1025,None,The TPM was successfully provisioned and is now ready for use.
Information,1/31/2024 3:32:28 PM,Microsoft-Windows-TPM-WMI,1282,None,The TBS device identifier has been generated.
Information,1/31/2024 3:32:27 PM,TPM,18,None,This event triggers the Trusted Platform Module (TPM) provisioning/status check to run.
Information,1/31/2024 3:32:27 PM,Service Control Manager,7026,None,"The following boot-start or system-start driver(s) did not load: 
WinSetupMon"
Information,1/31/2024 3:32:26 PM,Microsoft-Windows-HttpService,113,HTTP Configuration Property Trace Task,"Attempted to add URL (http://*:5357/0d226490-24bf-433e-8ff4-87fc33a4bbf2/) to URL group (0xFE00000220000001). Status: 0x0. Process Id 0x379C Executable path \Device\HarddiskVolume3\Windows\System32\svchost.exe, User LOCAL SERVICE"
Information,1/31/2024 3:32:26 PM,Microsoft-Windows-HttpService,111,HTTP Configuration Property Trace Task,"Create URL group 0xFE00000220000001. Status 0x0. Process Id 0x379C Executable path \Device\HarddiskVolume3\Windows\System32\svchost.exe, User LOCAL SERVICE"
Information,1/31/2024 3:32:26 PM,Microsoft-Windows-HttpService,113,HTTP Configuration Property Trace Task,"Attempted to add URL (http://127.0.0.1:28385:127.0.0.1/intel/) to URL group (0xFE00000120000001). Status: 0x0. Process Id 0x2AFC Executable path \Device\HarddiskVolume3\Program Files (x86)\Intel\Driver and Support Assistant\DSAService.exe, User SYSTEM"
Information,1/31/2024 3:32:26 PM,Microsoft-Windows-HttpService,111,HTTP Configuration Property Trace Task,"Create URL group 0xFE00000120000001. Status 0x0. Process Id 0x2AFC Executable path \Device\HarddiskVolume3\Program Files (x86)\Intel\Driver and Support Assistant\DSAService.exe, User SYSTEM"
Information,1/31/2024 3:32:26 PM,Microsoft-Windows-HttpService,113,HTTP Configuration Property Trace Task,"Attempted to add URL (http://127.0.0.1:28390:127.0.0.1/) to URL group (0xFE00000320000001). Status: 0x0. Process Id 0x2AFC Executable path \Device\HarddiskVolume3\Program Files (x86)\Intel\Driver and Support Assistant\DSAService.exe, User SYSTEM"
Information,1/31/2024 3:32:26 PM,Microsoft-Windows-HttpService,111,HTTP Configuration Property Trace Task,"Create URL group 0xFE00000320000001. Status 0x0. Process Id 0x2AFC Executable path \Device\HarddiskVolume3\Program Files (x86)\Intel\Driver and Support Assistant\DSAService.exe, User SYSTEM"
Error,1/31/2024 3:32:23 PM,Service Control Manager,7034,None,The GameInput Service service terminated unexpectedly.  It has done this 6 time(s).
Error,1/31/2024 3:32:23 PM,Service Control Manager,7023,None,"The GameInput Service service terminated with the following error: 
The compound file GameInput Service was produced with a newer version of storage."
Information,1/31/2024 3:32:23 PM,Microsoft-Windows-FilterManager,6,None,"File System Filter 'gameflt' (10.0, ‎2010‎-‎06‎-‎15T11:47:08.000000000Z) has successfully loaded and registered with Filter Manager."
Error,1/31/2024 3:32:22 PM,Service Control Manager,7031,None,The GameInput Service service terminated unexpectedly.  It has done this 5 time(s).  The following corrective action will be taken in 1000 milliseconds: Restart the service.
Error,1/31/2024 3:32:22 PM,Service Control Manager,7023,None,"The GameInput Service service terminated with the following error: 
The compound file GameInput Service was produced with a newer version of storage."
Error,1/31/2024 3:32:21 PM,Service Control Manager,7031,None,The GameInput Service service terminated unexpectedly.  It has done this 4 time(s).  The following corrective action will be taken in 1000 milliseconds: Restart the service.
Error,1/31/2024 3:32:21 PM,Service Control Manager,7023,None,"The GameInput Service service terminated with the following error: 
The compound file GameInput Service was produced with a newer version of storage."
Error,1/31/2024 3:32:20 PM,Service Control Manager,7031,None,The GameInput Service service terminated unexpectedly.  It has done this 3 time(s).  The following corrective action will be taken in 1000 milliseconds: Restart the service.
Error,1/31/2024 3:32:20 PM,Service Control Manager,7023,None,"The GameInput Service service terminated with the following error: 
The compound file GameInput Service was produced with a newer version of storage."
Error,1/31/2024 3:32:18 PM,Service Control Manager,7031,None,The GameInput Service service terminated unexpectedly.  It has done this 2 time(s).  The following corrective action will be taken in 1000 milliseconds: Restart the service.
Error,1/31/2024 3:32:18 PM,Service Control Manager,7023,None,"The GameInput Service service terminated with the following error: 
The compound file GameInput Service was produced with a newer version of storage."
Error,1/31/2024 3:32:17 PM,Service Control Manager,7031,None,The GameInput Service service terminated unexpectedly.  It has done this 1 time(s).  The following corrective action will be taken in 1000 milliseconds: Restart the service.
Error,1/31/2024 3:32:17 PM,Service Control Manager,7023,None,"The GameInput Service service terminated with the following error: 
The compound file GameInput Service was produced with a newer version of storage."
Information,1/31/2024 3:32:17 PM,Microsoft-Windows-Kernel-General,16,None,The access history in hive \??\C:\ProgramData\Microsoft\Windows\WindowsApps\Microsoft.GamingServices_17.85.5002.0_x64__8wekyb3d8bbwe\Cache\614c1dd4fa20d05a_COM15.dat was cleared updating 1 keys and creating 1 modified pages.
Information,1/31/2024 3:32:16 PM,Microsoft-Windows-UserModePowerService,12,(10),Process C:\Windows\System32\DriverStore\FileRepository\dptf_cpu.inf_amd64_c2c5b0e17a28a48f\esif_uf.exe (process ID:11048) reset policy scheme from {8c5e7fda-e8bf-4a96-9a85-a6e23a8c635c} to {8c5e7fda-e8bf-4a96-9a85-a6e23a8c635c}
Information,1/31/2024 3:32:16 PM,Microsoft-Windows-UserModePowerService,12,(10),Process C:\Windows\System32\DriverStore\FileRepository\dptf_cpu.inf_amd64_c2c5b0e17a28a48f\esif_uf.exe (process ID:11048) reset policy scheme from {8c5e7fda-e8bf-4a96-9a85-a6e23a8c635c} to {8c5e7fda-e8bf-4a96-9a85-a6e23a8c635c}
Information,1/31/2024 3:32:11 PM,Microsoft-Windows-Kernel-General,16,None,The access history in hive \??\C:\Users\zheri\AppData\Local\Packages\Microsoft.LockApp_cw5n1h2txyewy\Settings\settings.dat was cleared updating 3 keys and creating 1 modified pages.
Information,1/31/2024 3:31:59 PM,Netwtw10,7021,None,7021 - Connection telemetry fields and analysis usage
Information,1/31/2024 3:31:55 PM,Microsoft-Windows-WLAN-AutoConfig,10001,None,"WLAN Extensibility Module has successfully started.

Module Path: C:\WINDOWS\system32\IntelIHVRouter10.dll
"
Information,1/31/2024 3:31:54 PM,Microsoft-Windows-WLAN-AutoConfig,4000,None,"WLAN AutoConfig service has successfully started.
"
Information,1/31/2024 3:31:53 PM,Microsoft-Windows-HttpService,112,HTTP Setup Trace Task,"Attempted to reserve URL http://+:3387/rdp/. Status 0x0. Process Id 0x4 Executable path , User SYSTEM"
Information,1/31/2024 3:31:53 PM,Microsoft-Windows-HttpService,112,HTTP Setup Trace Task,"Attempted to reserve URL https://+:3392/rdp/. Status 0x0. Process Id 0x4 Executable path , User SYSTEM"
Information,1/31/2024 3:31:53 PM,Microsoft-Windows-HttpService,112,HTTP Setup Trace Task,"Attempted to reserve URL http://+:10247/apps/. Status 0x0. Process Id 0x4 Executable path , User SYSTEM"
Information,1/31/2024 3:31:53 PM,Microsoft-Windows-HttpService,112,HTTP Setup Trace Task,"Attempted to reserve URL http://+:10243/WMPNSSv4/. Status 0x0. Process Id 0x4 Executable path , User SYSTEM"
Information,1/31/2024 3:31:53 PM,Microsoft-Windows-HttpService,112,HTTP Setup Trace Task,"Attempted to reserve URL https://+:10245/WMPNSSv4/. Status 0x0. Process Id 0x4 Executable path , User SYSTEM"
Information,1/31/2024 3:31:53 PM,Microsoft-Windows-HttpService,112,HTTP Setup Trace Task,"Attempted to reserve URL https://+:443/sra_{BA195980-CD49-458b-9E23-C84EE0ADCD75}/. Status 0x0. Process Id 0x4 Executable path , User SYSTEM"
Information,1/31/2024 3:31:53 PM,Microsoft-Windows-HttpService,112,HTTP Setup Trace Task,"Attempted to reserve URL http://+:10246/MDEServer/. Status 0x0. Process Id 0x4 Executable path , User SYSTEM"
Information,1/31/2024 3:31:53 PM,Microsoft-Windows-HttpService,112,HTTP Setup Trace Task,"Attempted to reserve URL http://*:2869/. Status 0x0. Process Id 0x4 Executable path , User SYSTEM"
Information,1/31/2024 3:31:53 PM,Microsoft-Windows-HttpService,112,HTTP Setup Trace Task,"Attempted to reserve URL http://+:5985/wsman/. Status 0x0. Process Id 0x4 Executable path , User SYSTEM"
Information,1/31/2024 3:31:53 PM,Microsoft-Windows-HttpService,112,HTTP Setup Trace Task,"Attempted to reserve URL http://+:47001/wsman/. Status 0x0. Process Id 0x4 Executable path , User SYSTEM"
Information,1/31/2024 3:31:53 PM,Microsoft-Windows-HttpService,112,HTTP Setup Trace Task,"Attempted to reserve URL https://+:5986/wsman/. Status 0x0. Process Id 0x4 Executable path , User SYSTEM"
Information,1/31/2024 3:31:53 PM,Microsoft-Windows-HttpService,112,HTTP Setup Trace Task,"Attempted to reserve URL https://*:5358/. Status 0x0. Process Id 0x4 Executable path , User SYSTEM"
Information,1/31/2024 3:31:53 PM,Microsoft-Windows-HttpService,112,HTTP Setup Trace Task,"Attempted to reserve URL http://+:80/Temporary_Listen_Addresses/. Status 0x0. Process Id 0x4 Executable path , User SYSTEM"
Information,1/31/2024 3:31:53 PM,Microsoft-Windows-HttpService,112,HTTP Setup Trace Task,"Attempted to reserve URL http://*:5357/. Status 0x0. Process Id 0x4 Executable path , User SYSTEM"
Information,1/31/2024 3:31:51 PM,Microsoft-Windows-Winlogon,7001,(1101),User Logon Notification for Customer Experience Improvement Program
Information,1/31/2024 3:31:51 PM,Microsoft-Windows-FilterManager,6,None,"File System Filter 'bindflt' (10.0, ‎2032‎-‎10‎-‎20T09:22:30.000000000Z) has successfully loaded and registered with Filter Manager."
Information,1/31/2024 3:31:51 PM,Microsoft-Windows-FilterManager,6,None,"File System Filter 'storqosflt' (10.0, ‎2039‎-‎04‎-‎22T09:36:38.000000000Z) has successfully loaded and registered with Filter Manager."
Information,1/31/2024 3:31:51 PM,Microsoft-Windows-FilterManager,6,None,"File System Filter 'CldFlt' (10.0, ‎1990‎-‎04‎-‎22T16:36:26.000000000Z) has successfully loaded and registered with Filter Manager."
Information,1/31/2024 3:31:51 PM,Microsoft-Windows-FilterManager,1,None,"File System Filter 'CldFlt' (Version 10.0, ‎1990‎-‎04‎-‎22T16:36:26.000000000Z) unloaded successfully."
Information,1/31/2024 3:31:51 PM,Microsoft-Windows-FilterManager,6,None,"File System Filter 'CldFlt' (10.0, ‎1990‎-‎04‎-‎22T16:36:26.000000000Z) has successfully loaded and registered with Filter Manager."
Information,1/31/2024 3:31:51 PM,Microsoft-Windows-FilterManager,6,None,"File System Filter 'wcifs' (10.0, ‎2089‎-‎07‎-‎07T01:42:00.000000000Z) has successfully loaded and registered with Filter Manager."
Information,1/31/2024 3:31:51 PM,Microsoft-Windows-FilterManager,6,None,"File System Filter 'luafv' (10.0, ‎2059‎-‎02‎-‎13T17:28:11.000000000Z) has successfully loaded and registered with Filter Manager."
Information,1/31/2024 3:31:51 PM,Microsoft-Windows-FilterManager,6,None,"File System Filter 'bfs' (10.0, ‎1989‎-‎12‎-‎07T18:41:03.000000000Z) has successfully loaded and registered with Filter Manager."
Information,1/31/2024 3:31:50 PM,Microsoft-Windows-DHCPv6-Client,51046,Service State Event,DHCPv6 client service is started
Information,1/31/2024 3:31:50 PM,Microsoft-Windows-Dhcp-Client,50036,Service State Event,DHCPv4 client service is started
Information,1/31/2024 3:31:50 PM,Microsoft-Windows-Dhcp-Client,50103,Service State Event,DHCPv4 client registered for shutdown notification
Information,1/31/2024 3:31:50 PM,Microsoft-Windows-Dhcp-Client,50036,Service State Event,DHCPv4 client service is started
Information,1/31/2024 3:31:50 PM,Win32k,267,None,Touch/Touchpad Hardware Quality Assurance verification succeeded.
Information,1/31/2024 3:31:50 PM,Win32k,267,None,Touch/Touchpad Hardware Quality Assurance verification succeeded.
Information,1/31/2024 3:31:49 PM,Microsoft-Windows-Directory-Services-SAM,16983,None,"The security account manager is now logging periodic summary events for remote clients that call legacy password change or set RPC methods.

For more information please see https://go.microsoft.com/fwlink/?linkid=2150956.
"
Information,1/31/2024 3:31:49 PM,Microsoft-Windows-Directory-Services-SAM,16977,None,"The domain is configured with the following minimum password length-related settings.

MinimumPasswordLength: 0

RelaxMinimumPasswordLengthLimits: 0

MinimumPasswordLengthAudit: -1

For more information see https://go.microsoft.com/fwlink/?LinkId=2097191.
"
Information,1/31/2024 3:31:49 PM,Microsoft-Windows-Directory-Services-SAM,16962,None,"Remote calls to the SAM database are being restricted using the default security descriptor: O:SYG:SYD:(A;;RC;;;BA).
For more information please see http://go.microsoft.com/fwlink/?LinkId=787651."
Warning,1/31/2024 3:31:49 PM,LsaSrv,6155,None,"LSA package is not signed as expected. This can cause unexpected behavior with Credential Guard.

PackageName: msv1_0"
Information,1/31/2024 3:31:49 PM,Microsoft-Windows-IsolatedUserMode,5,None,Secure Trustlet NULL Id 0 and Pid 0 started with status STATUS_SUCCESS.
Warning,1/31/2024 3:31:49 PM,LsaSrv,6155,None,"LSA package is not signed as expected. This can cause unexpected behavior with Credential Guard.

PackageName: sfapm"
Warning,1/31/2024 3:31:49 PM,LsaSrv,6155,None,"LSA package is not signed as expected. This can cause unexpected behavior with Credential Guard.

PackageName: schannel"
Warning,1/31/2024 3:31:49 PM,LsaSrv,6155,None,"LSA package is not signed as expected. This can cause unexpected behavior with Credential Guard.

PackageName: wdigest"
Warning,1/31/2024 3:31:49 PM,LsaSrv,6155,None,"LSA package is not signed as expected. This can cause unexpected behavior with Credential Guard.

PackageName: cloudap"
Warning,1/31/2024 3:31:49 PM,LsaSrv,6155,None,"LSA package is not signed as expected. This can cause unexpected behavior with Credential Guard.

PackageName: pku2u"
Warning,1/31/2024 3:31:49 PM,LsaSrv,6155,None,"LSA package is not signed as expected. This can cause unexpected behavior with Credential Guard.

PackageName: tspkg"
Warning,1/31/2024 3:31:49 PM,LsaSrv,6155,None,"LSA package is not signed as expected. This can cause unexpected behavior with Credential Guard.

PackageName: msv1_0"
Warning,1/31/2024 3:31:49 PM,LsaSrv,6155,None,"LSA package is not signed as expected. This can cause unexpected behavior with Credential Guard.

PackageName: kerberos"
Warning,1/31/2024 3:31:49 PM,LsaSrv,6155,None,"LSA package is not signed as expected. This can cause unexpected behavior with Credential Guard.

PackageName: negoexts"
Information,1/31/2024 3:31:49 PM,Win32k,267,None,Touch/Touchpad Hardware Quality Assurance verification succeeded.
Information,1/31/2024 3:31:49 PM,LsaSrv,6156,None,"Virtualization Based Security for Credential Guard auto enablement status.

Hardware Requirements:	1
Domain Joined:	0
Azure AD Joined:	0"
Information,1/31/2024 3:31:49 PM,Win32k,267,None,Touch/Touchpad Hardware Quality Assurance verification succeeded.
Information,1/31/2024 3:31:49 PM,Microsoft-Windows-Wininit,18,None,VBS Key Isolation was started and will protect VSM-isolated keys.
Information,1/31/2024 3:31:49 PM,Microsoft-Windows-IsolatedUserMode,1,None,Secure Trustlet \??\C:\WINDOWS\system32\lsaiso.exe Id 1 and Pid 388 started with status STATUS_SUCCESS.
Information,1/31/2024 3:31:49 PM,Microsoft-Windows-IsolatedUserMode,5,None,Secure Trustlet NULL Id 0 and Pid 0 started with status STATUS_SUCCESS.
Information,1/31/2024 3:31:49 PM,Microsoft-Windows-Wininit,14,None,"Credential Guard configuration:

Registry Configuration: 0x2
Test Configuration: 0
Auto Enablement: 1"
Warning,1/31/2024 3:31:48 PM,Microsoft-Windows-Kernel-PnP,219,(212),The driver \Driver\WudfRd failed to load for the device HID\Vid_8087&Pid_0AC2\6&1564e45f&0&0000.
Information,1/31/2024 3:31:48 PM,Microsoft-Windows-DriverFrameworks-UserMode,10118,Startup of the UMDF reflector,"UMDF reflector is unable to connect to service control manager (SCM). This is expected during boot, when SCM has not started yet. Will retry when it starts."
Warning,1/31/2024 3:31:48 PM,Microsoft-Windows-Kernel-PnP,219,(212),The driver \Driver\WudfRd failed to load for the device HID\Vid_8087&Pid_0AC2\6&281e9504&0&0000.
Information,1/31/2024 3:31:48 PM,Microsoft-Windows-DriverFrameworks-UserMode,10118,Startup of the UMDF reflector,"UMDF reflector is unable to connect to service control manager (SCM). This is expected during boot, when SCM has not started yet. Will retry when it starts."
Warning,1/31/2024 3:31:44 PM,Microsoft-Windows-Kernel-PnP,219,(212),The driver \Driver\WUDFRd failed to load for the device {DD8E82AE-334B-49A2-AEAE-AEB0FD5C40DD}\DetectionVerification\5&21c1c6a0&0&0.
Information,1/31/2024 3:31:44 PM,Microsoft-Windows-DriverFrameworks-UserMode,10118,Startup of the UMDF reflector,"UMDF reflector is unable to connect to service control manager (SCM). This is expected during boot, when SCM has not started yet. Will retry when it starts."
Information,1/31/2024 3:31:43 PM,Microsoft-Windows-Kernel-Power,521,(220),Active battery count change.
Information,1/31/2024 3:31:43 PM,Microsoft-Windows-Kernel-Power,105,(100),Power source change.
Information,1/31/2024 3:31:43 PM,Microsoft-Windows-Kernel-General,24,(11),The time zone information was refreshed with exit reason 0. Current time zone bias is -480.
Information,1/31/2024 3:31:43 PM,Netwtw10,7023,None,7023 - secure boot debug logging Quasar
Information,1/31/2024 3:31:43 PM,Netwtw10,7017,None,7017 - secure boot (SB) configuration
Information,1/31/2024 3:31:43 PM,Netwtw10,7010,None,7010 - driver enabled (miniport init)
Information,1/31/2024 3:31:43 PM,Netwtw10,7002,None,7002 - CTDP power limit value (SPLC)
Information,1/31/2024 3:31:43 PM,Netwtw10,7005,None,7005 - SAR value max TX power (WRDS)
Information,1/31/2024 3:31:43 PM,MEIx64,2,None,Intel(R) Management Engine Interface driver has started successfully.
Information,1/31/2024 3:31:43 PM,Netwtw10,7027,None,7027 - get Nic Manufacturere on init
Information,1/31/2024 3:31:43 PM,Netwtw10,7036,None,The \Device\NDMP1 service entered the Intel(R) Wireless-AC 9560 160MHz state.
Information,1/31/2024 3:31:42 PM,Microsoft-Windows-Kernel-Processor-Power,55,(47),"Processor 3 in group 0 exposes the following power management capabilities:

Idle state type: Micro Power Engine Plugin (11 state(s))

Performance state type: ACPI Collaborative Processor Performance Control
Nominal Frequency (MHz): 2592
Maximum performance percentage: 157
Minimum performance percentage: 34
Minimum throttle percentage: 3"
Information,1/31/2024 3:31:42 PM,Microsoft-Windows-Kernel-Processor-Power,55,(47),"Processor 1 in group 0 exposes the following power management capabilities:

Idle state type: Micro Power Engine Plugin (11 state(s))

Performance state type: ACPI Collaborative Processor Performance Control
Nominal Frequency (MHz): 2592
Maximum performance percentage: 157
Minimum performance percentage: 34
Minimum throttle percentage: 3"
Information,1/31/2024 3:31:42 PM,Microsoft-Windows-Kernel-Processor-Power,55,(47),"Processor 2 in group 0 exposes the following power management capabilities:

Idle state type: Micro Power Engine Plugin (11 state(s))

Performance state type: ACPI Collaborative Processor Performance Control
Nominal Frequency (MHz): 2592
Maximum performance percentage: 157
Minimum performance percentage: 34
Minimum throttle percentage: 3"
Information,1/31/2024 3:31:42 PM,Microsoft-Windows-Kernel-Processor-Power,55,(47),"Processor 0 in group 0 exposes the following power management capabilities:

Idle state type: Micro Power Engine Plugin (11 state(s))

Performance state type: ACPI Collaborative Processor Performance Control
Nominal Frequency (MHz): 2592
Maximum performance percentage: 157
Minimum performance percentage: 15
Minimum throttle percentage: 3"
Information,1/31/2024 3:31:42 PM,Microsoft-Windows-Ntfs,98,None,Volume \\?\Volume{1c4cae2d-03f0-4a1e-9ce9-e80c3ca1b69f} (\Device\HarddiskVolume4) is healthy.  No action is needed.
Warning,1/31/2024 3:31:41 PM,Microsoft-Windows-Kernel-PnP,219,(212),The driver \Driver\WUDFRd failed to load for the device PCI\VEN_8086&DEV_1903&SUBSYS_1F611043&REV_0C\3&11583659&1&20.
Information,1/31/2024 3:31:41 PM,Microsoft-Windows-DriverFrameworks-UserMode,10118,Startup of the UMDF reflector,"UMDF reflector is unable to connect to service control manager (SCM). This is expected during boot, when SCM has not started yet. Will retry when it starts."
Information,1/31/2024 3:31:40 PM,Microsoft-Windows-Kernel-Power,125,(86),"ACPI thermal zone \_TZ.TZ00 has been enumerated.             
_PSV = 0K             
_TC1 = 0             
_TC2 = 0             
_TSP = 0ms             
_AC0 = 344K             
_AC1 = 328K             
_AC2 = 323K             
_AC3 = 318K             
_AC4 = 313K             
_AC5 = 0K             
_AC6 = 0K             
_AC7 = 0K             
_AC8 = 0K             
_AC9 = 0K             
_CRT = 0K             
_HOT = 372K             
minimum throttle = 0             
_CR3 = 0K"
Information,1/31/2024 3:31:40 PM,Microsoft-Windows-FilterManager,6,None,"File System Filter 'npsvctrig' (10.0, ‎1979‎-‎12‎-‎20T00:12:41.000000000Z) has successfully loaded and registered with Filter Manager."
Information,1/31/2024 3:31:39 PM,Microsoft-Windows-FilterManager,6,None,"File System Filter 'aswMonFlt' (10.0, ‎2023‎-‎12‎-‎05T20:26:30.000000000Z) has successfully loaded and registered with Filter Manager."
Information,1/31/2024 3:31:39 PM,Microsoft-Windows-FilterManager,6,None,"File System Filter 'FileCrypt' (10.0, ‎1983‎-‎08‎-‎19T10:58:35.000000000Z) has successfully loaded and registered with Filter Manager."
Information,1/31/2024 3:31:39 PM,Microsoft-Windows-FilterManager,6,None,"File System Filter 'aswSnx' (10.0, ‎2023‎-‎12‎-‎05T20:26:33.000000000Z) has successfully loaded and registered with Filter Manager."
Information,1/31/2024 3:31:39 PM,Microsoft-Windows-FilterManager,6,None,"File System Filter 'aswSP' (10.0, ‎2023‎-‎12‎-‎05T20:27:14.000000000Z) has successfully loaded and registered with Filter Manager."
Information,1/31/2024 3:31:38 PM,Microsoft-Windows-Ntfs,98,None,Volume C: (\Device\HarddiskVolume3) is healthy.  No action is needed.
Information,1/31/2024 3:31:38 PM,Microsoft-Windows-FilterManager,6,None,"File System Filter 'Wof' (10.0, ‎2086‎-‎08‎-‎04T19:20:16.000000000Z) has successfully loaded and registered with Filter Manager."
Information,1/31/2024 3:31:38 PM,Microsoft-Windows-FilterManager,6,None,"File System Filter 'FileInfo' (10.0, ‎2079‎-‎02‎-‎27T06:03:00.000000000Z) has successfully loaded and registered with Filter Manager."
Information,1/31/2024 3:31:36 PM,Microsoft-Windows-HAL,16,None,The iommu fault reporting has been initialized.
