Information,1/30/2024 7:27:04 PM,Microsoft-Windows-DHCPv6-Client,51057,Service State Event,DHCPv6 client service stop is almost done.DHCP Context Ref count is 1
Information,1/30/2024 7:27:04 PM,Microsoft-Windows-DHCPv6-Client,51047,Service State Event,DHCPv6 client service is stopped. ShutDown Flag value is 1
Information,1/30/2024 7:27:04 PM,Microsoft-Windows-Dhcp-Client,50105,Service State Event,DHCPv4 client ProcessDHCPRequestForever received TERMINATE_EVENT
Information,1/30/2024 7:27:04 PM,Microsoft-Windows-Dhcp-Client,50104,Service State Event,DHCPv4 client received shutdown notification
Information,1/30/2024 7:27:04 PM,EventLog,6006,None,The Event log service was stopped.
Information,1/30/2024 7:26:55 PM,Microsoft-Windows-Winlogon,7002,(1102),User Logoff Notification for Customer Experience Improvement Program
Information,1/30/2024 7:26:53 PM,Microsoft-Windows-IsolatedUserMode,2,None,Secure Trustlet Id 0 and Pid 0 stopped with status STATUS_SUCCESS.
Information,1/30/2024 7:26:51 PM,User32,1074,None,"The process C:\Windows\System32\RuntimeBroker.exe (DESKTOP-OKFHDDF) has initiated the power off of computer DESKTOP-OKFHDDF on behalf of user DESKTOP-OKFHDDF\zheri for the following reason: Other (Unplanned)
 Reason Code: 0x0
 Shutdown Type: power off
 Comment: "
Information,1/30/2024 7:26:39 PM,Microsoft-Windows-IsolatedUserMode,5,None,Secure Trustlet NULL Id 0 and Pid 0 started with status STATUS_SUCCESS.
Information,1/30/2024 7:26:39 PM,Microsoft-Windows-IsolatedUserMode,2,None,Secure Trustlet Id 0 and Pid 0 stopped with status STATUS_SUCCESS.
Information,1/30/2024 7:23:06 PM,Microsoft-Windows-WindowsUpdateClient,19,Windows Update Agent,Installation Successful: Windows successfully installed the following update: 9WZDNCRFHVQM-MICROSOFT.WINDOWSCOMMUNICATIONSAPPS
Error,1/30/2024 7:23:04 PM,Microsoft-Windows-WindowsUpdateClient,20,Windows Update Agent,Installation Failure: Windows failed to install the following update with error 0x80073D02: 9MSMLRH6LZF3-Microsoft.WindowsNotepad.
Information,1/30/2024 7:23:03 PM,Microsoft-Windows-Kernel-General,16,None,The access history in hive \??\C:\Users\zheri\AppData\Local\Packages\microsoft.windowscommunicationsapps_8wekyb3d8bbwe\Settings\settings.dat was cleared updating 1 keys and creating 1 modified pages.
Information,1/30/2024 7:23:03 PM,Microsoft-Windows-WindowsUpdateClient,43,Windows Update Agent,Installation Started: Windows has started installing the following update: 9MSMLRH6LZF3-Microsoft.WindowsNotepad
Information,1/30/2024 7:23:03 PM,Microsoft-Windows-WindowsUpdateClient,43,Windows Update Agent,Installation Started: Windows has started installing the following update: 9WZDNCRFHVQM-MICROSOFT.WINDOWSCOMMUNICATIONSAPPS
Information,1/30/2024 7:23:01 PM,Microsoft-Windows-Kernel-General,16,None,The access history in hive \??\C:\ProgramData\Microsoft\Windows\AppRepository\Packages\Microsoft.WindowsNotepad_11.2312.18.0_x64__8wekyb3d8bbwe\ActivationStore.dat was cleared updating 0 keys and creating 0 modified pages.
Information,1/30/2024 7:22:59 PM,Microsoft-Windows-Kernel-General,16,None,The access history in hive \??\C:\ProgramData\Microsoft\Windows\AppRepository\Packages\microsoft.windowscommunicationsapps_16005.14326.21792.0_x64__8wekyb3d8bbwe\ActivationStore.dat was cleared updating 0 keys and creating 0 modified pages.
Information,1/30/2024 7:22:33 PM,Microsoft-Windows-WindowsUpdateClient,19,Windows Update Agent,Installation Successful: Windows successfully installed the following update: 9NFTCH6J7FHV-Microsoft.PowerAutomateDesktop
Information,1/30/2024 7:22:32 PM,Microsoft-Windows-Kernel-General,16,None,The access history in hive \??\C:\Users\zheri\AppData\Local\Packages\Microsoft.PowerAutomateDesktop_8wekyb3d8bbwe\Settings\settings.dat was cleared updating 1 keys and creating 1 modified pages.
Information,1/30/2024 7:22:32 PM,Microsoft-Windows-WindowsUpdateClient,43,Windows Update Agent,Installation Started: Windows has started installing the following update: 9NFTCH6J7FHV-Microsoft.PowerAutomateDesktop
Information,1/30/2024 7:22:06 PM,Microsoft-Windows-WindowsUpdateClient,44,Windows Update Agent,Windows Update started downloading an update.
Information,1/30/2024 7:21:56 PM,Microsoft-Windows-WindowsUpdateClient,44,Windows Update Agent,Windows Update started downloading an update.
Information,1/30/2024 7:21:56 PM,Microsoft-Windows-WindowsUpdateClient,44,Windows Update Agent,Windows Update started downloading an update.
Information,1/30/2024 7:21:51 PM,Microsoft-Windows-WindowsUpdateClient,19,Windows Update Agent,Installation Successful: Windows successfully installed the following update: 9N8MHTPHNGVV-Microsoft.Windows.DevHome
Information,1/30/2024 7:21:50 PM,Microsoft-Windows-Kernel-General,16,None,The access history in hive \??\C:\Users\zheri\AppData\Local\Packages\Microsoft.Windows.DevHome_8wekyb3d8bbwe\Settings\settings.dat was cleared updating 1 keys and creating 1 modified pages.
Information,1/30/2024 7:21:50 PM,Microsoft-Windows-WindowsUpdateClient,43,Windows Update Agent,Installation Started: Windows has started installing the following update: 9N8MHTPHNGVV-Microsoft.Windows.DevHome
Information,1/30/2024 7:21:34 PM,Microsoft-Windows-WindowsUpdateClient,44,Windows Update Agent,Windows Update started downloading an update.
Information,1/30/2024 7:21:34 PM,Microsoft-Windows-WindowsUpdateClient,44,Windows Update Agent,Windows Update started downloading an update.
Information,1/30/2024 7:21:34 PM,Microsoft-Windows-WindowsUpdateClient,44,Windows Update Agent,Windows Update started downloading an update.
Information,1/30/2024 7:21:30 PM,Microsoft-Windows-WindowsUpdateClient,44,Windows Update Agent,Windows Update started downloading an update.
Information,1/30/2024 7:21:30 PM,Microsoft-Windows-WindowsUpdateClient,44,Windows Update Agent,Windows Update started downloading an update.
Information,1/30/2024 7:21:30 PM,Microsoft-Windows-WindowsUpdateClient,44,Windows Update Agent,Windows Update started downloading an update.
Information,1/30/2024 7:21:26 PM,Microsoft-Windows-WindowsUpdateClient,44,Windows Update Agent,Windows Update started downloading an update.
Information,1/30/2024 7:21:26 PM,Microsoft-Windows-WindowsUpdateClient,44,Windows Update Agent,Windows Update started downloading an update.
Information,1/30/2024 7:21:26 PM,Microsoft-Windows-WindowsUpdateClient,44,Windows Update Agent,Windows Update started downloading an update.
Information,1/30/2024 6:31:08 PM,Netwtw10,7003,None,7003 - Roam Complete
Information,1/30/2024 6:27:08 PM,Netwtw10,7003,None,7003 - Roam Complete
Information,1/30/2024 6:27:08 PM,Netwtw10,7003,None,7003 - Roam Complete
Information,1/30/2024 5:52:50 PM,Microsoft-Windows-Kernel-General,16,None,The access history in hive \??\C:\ProgramData\Microsoft\Windows\AppRepository\Packages\Microsoft.WindowsCamera_2023.2312.3.0_x64__8wekyb3d8bbwe\ActivationStore.dat was cleared updating 0 keys and creating 0 modified pages.
Information,1/30/2024 5:52:47 PM,Microsoft-Windows-WindowsUpdateClient,19,Windows Update Agent,Installation Successful: Windows successfully installed the following update: 9MZ95KL8MR0L-Microsoft.ScreenSketch
Information,1/30/2024 5:52:41 PM,Microsoft-Windows-WindowsUpdateClient,43,Windows Update Agent,Installation Started: Windows has started installing the following update: 9MZ95KL8MR0L-Microsoft.ScreenSketch
Information,1/30/2024 5:52:38 PM,Microsoft-Windows-WindowsUpdateClient,19,Windows Update Agent,Installation Successful: Windows successfully installed the following update: 9WZDNCRFJ364-MICROSOFT.SKYPEAPP
Information,1/30/2024 5:52:32 PM,Microsoft-Windows-Kernel-General,16,None,The access history in hive \??\C:\Users\zheri\AppData\Local\Packages\Microsoft.SkypeApp_kzf8qxf38zg5c\Settings\settings.dat was cleared updating 1 keys and creating 1 modified pages.
Information,1/30/2024 5:52:32 PM,Microsoft-Windows-Kernel-General,16,None,The access history in hive \??\C:\ProgramData\Microsoft\Windows\AppRepository\Packages\Microsoft.ScreenSketch_11.2312.33.0_x64__8wekyb3d8bbwe\ActivationStore.dat was cleared updating 0 keys and creating 0 modified pages.
Information,1/30/2024 5:52:31 PM,Microsoft-Windows-WindowsUpdateClient,43,Windows Update Agent,Installation Started: Windows has started installing the following update: 9WZDNCRFJ364-MICROSOFT.SKYPEAPP
Information,1/30/2024 5:52:27 PM,Microsoft-Windows-Kernel-General,16,None,The access history in hive \??\C:\ProgramData\Microsoft\Windows\AppRepository\Packages\Microsoft.SkypeApp_15.111.3607.0_x64__kzf8qxf38zg5c\ActivationStore.dat was cleared updating 0 keys and creating 0 modified pages.
Information,1/30/2024 5:50:35 PM,Microsoft-Windows-WindowsUpdateClient,44,Windows Update Agent,Windows Update started downloading an update.
Information,1/30/2024 5:50:35 PM,Microsoft-Windows-WindowsUpdateClient,44,Windows Update Agent,Windows Update started downloading an update.
Information,1/30/2024 5:50:35 PM,Microsoft-Windows-WindowsUpdateClient,44,Windows Update Agent,Windows Update started downloading an update.
Information,1/30/2024 5:50:35 PM,Microsoft-Windows-WindowsUpdateClient,44,Windows Update Agent,Windows Update started downloading an update.
Information,1/30/2024 5:50:35 PM,Microsoft-Windows-WindowsUpdateClient,44,Windows Update Agent,Windows Update started downloading an update.
Information,1/30/2024 5:50:35 PM,Microsoft-Windows-WindowsUpdateClient,44,Windows Update Agent,Windows Update started downloading an update.
Information,1/30/2024 5:50:35 PM,Microsoft-Windows-WindowsUpdateClient,44,Windows Update Agent,Windows Update started downloading an update.
Information,1/30/2024 5:46:02 PM,Netwtw10,7003,None,7003 - Roam Complete
Information,1/30/2024 5:46:02 PM,Netwtw10,7003,None,7003 - Roam Complete
Information,1/30/2024 5:24:35 PM,Netwtw10,7003,None,7003 - Roam Complete
Information,1/30/2024 5:07:30 PM,Microsoft-Windows-Time-Service,158,None,The time provider 'VMICTimeProvider' has indicated that the current hardware and operating environment is not supported and has stopped. This behavior is expected for VMICTimeProvider on non-HyperV-guest environments. This may be the expected behavior for the current provider in the current operating environment as well.
Information,1/30/2024 5:01:46 PM,Netwtw10,7003,None,7003 - Roam Complete
Information,1/30/2024 5:01:46 PM,Netwtw10,7003,None,7003 - Roam Complete
Information,1/30/2024 4:57:45 PM,Netwtw10,7003,None,7003 - Roam Complete
Information,1/30/2024 4:57:45 PM,Netwtw10,7003,None,7003 - Roam Complete
Information,1/30/2024 4:50:26 PM,Microsoft-Windows-Time-Service,158,None,The time provider 'VMICTimeProvider' has indicated that the current hardware and operating environment is not supported and has stopped. This behavior is expected for VMICTimeProvider on non-HyperV-guest environments. This may be the expected behavior for the current provider in the current operating environment as well.
Error,1/30/2024 4:46:28 PM,Microsoft-Windows-WindowsUpdateClient,20,Windows Update Agent,Installation Failure: Windows failed to install the following update with error 0x80073D02: 9MSSGKG348SP-MicrosoftWindows.Client.WebExperience.
Information,1/30/2024 4:46:28 PM,Microsoft-Windows-WindowsUpdateClient,43,Windows Update Agent,Installation Started: Windows has started installing the following update: 9MSSGKG348SP-MicrosoftWindows.Client.WebExperience
Information,1/30/2024 4:46:27 PM,Microsoft-Windows-WindowsUpdateClient,19,Windows Update Agent,Installation Successful: Windows successfully installed the following update: 9WZDNCRFHVN5-MICROSOFT.WINDOWSCALCULATOR
Information,1/30/2024 4:46:26 PM,Microsoft-Windows-WindowsUpdateClient,19,Windows Update Agent,Installation Successful: Windows successfully installed the following update: 9N7R5S6B0ZZH-B9ECED6F.ASUSPCAssistant
Information,1/30/2024 4:46:25 PM,Microsoft-Windows-Kernel-General,16,None,The access history in hive \??\C:\Users\zheri\AppData\Local\Packages\Microsoft.WindowsCalculator_8wekyb3d8bbwe\Settings\settings.dat was cleared updating 2 keys and creating 1 modified pages.
Information,1/30/2024 4:46:24 PM,Microsoft-Windows-Kernel-General,16,None,The access history in hive \??\C:\ProgramData\Microsoft\Windows\AppRepository\Packages\MicrosoftWindows.Client.WebExperience_424.1301.40.0_x64__cw5n1h2txyewy\ActivationStore.dat was cleared updating 0 keys and creating 0 modified pages.
Information,1/30/2024 4:46:24 PM,Microsoft-Windows-WindowsUpdateClient,43,Windows Update Agent,Installation Started: Windows has started installing the following update: 9WZDNCRFHVN5-MICROSOFT.WINDOWSCALCULATOR
Information,1/30/2024 4:46:20 PM,Microsoft-Windows-Kernel-General,16,None,The access history in hive \??\C:\ProgramData\Microsoft\Windows\AppRepository\Packages\Microsoft.WindowsCalculator_11.2311.0.0_x64__8wekyb3d8bbwe\ActivationStore.dat was cleared updating 0 keys and creating 0 modified pages.
Information,1/30/2024 4:46:20 PM,Microsoft-Windows-WindowsUpdateClient,43,Windows Update Agent,Installation Started: Windows has started installing the following update: 9N7R5S6B0ZZH-B9ECED6F.ASUSPCAssistant
Information,1/30/2024 4:46:16 PM,Microsoft-Windows-Kernel-General,16,None,The access history in hive \??\C:\ProgramData\Microsoft\Windows\AppRepository\Packages\B9ECED6F.ASUSPCAssistant_4.0.6.0_x64__qmba6cd70vzyy\ActivationStore.dat was cleared updating 0 keys and creating 0 modified pages.
Information,1/30/2024 4:45:04 PM,Netwtw10,7003,None,7003 - Roam Complete
Information,1/30/2024 4:45:04 PM,Netwtw10,7003,None,7003 - Roam Complete
Information,1/30/2024 4:44:20 PM,Microsoft-Windows-WindowsUpdateClient,44,Windows Update Agent,Windows Update started downloading an update.
Information,1/30/2024 4:44:20 PM,Microsoft-Windows-WindowsUpdateClient,44,Windows Update Agent,Windows Update started downloading an update.
Information,1/30/2024 4:44:20 PM,Microsoft-Windows-WindowsUpdateClient,44,Windows Update Agent,Windows Update started downloading an update.
Information,1/30/2024 4:44:14 PM,Microsoft-Windows-WindowsUpdateClient,19,Windows Update Agent,Installation Successful: Windows successfully installed the following update: 9WZDNCRFHWKN-MICROSOFT.WINDOWSSOUNDRECORDER
Information,1/30/2024 4:44:13 PM,Microsoft-Windows-Kernel-General,16,None,The access history in hive \??\C:\Users\zheri\AppData\Local\Packages\Microsoft.WindowsSoundRecorder_8wekyb3d8bbwe\Settings\settings.dat was cleared updating 1 keys and creating 1 modified pages.
Information,1/30/2024 4:44:13 PM,Microsoft-Windows-WindowsUpdateClient,43,Windows Update Agent,Installation Started: Windows has started installing the following update: 9WZDNCRFHWKN-MICROSOFT.WINDOWSSOUNDRECORDER
Information,1/30/2024 4:44:05 PM,Microsoft-Windows-Kernel-General,16,None,The access history in hive \??\C:\ProgramData\Microsoft\Windows\AppRepository\Packages\Microsoft.WindowsSoundRecorder_1.0.71.0_x64__8wekyb3d8bbwe\ActivationStore.dat was cleared updating 0 keys and creating 0 modified pages.
Information,1/30/2024 4:43:55 PM,Microsoft-Windows-WindowsUpdateClient,44,Windows Update Agent,Windows Update started downloading an update.
Information,1/30/2024 4:43:55 PM,Microsoft-Windows-WindowsUpdateClient,44,Windows Update Agent,Windows Update started downloading an update.
Information,1/30/2024 4:43:55 PM,Microsoft-Windows-WindowsUpdateClient,44,Windows Update Agent,Windows Update started downloading an update.
Information,1/30/2024 4:43:46 PM,Microsoft-Windows-WindowsUpdateClient,44,Windows Update Agent,Windows Update started downloading an update.
Information,1/30/2024 4:43:46 PM,Microsoft-Windows-WindowsUpdateClient,44,Windows Update Agent,Windows Update started downloading an update.
Information,1/30/2024 4:43:46 PM,Microsoft-Windows-WindowsUpdateClient,44,Windows Update Agent,Windows Update started downloading an update.
Information,1/30/2024 4:43:46 PM,Microsoft-Windows-WindowsUpdateClient,44,Windows Update Agent,Windows Update started downloading an update.
Information,1/30/2024 4:43:38 PM,Microsoft-Windows-WindowsUpdateClient,44,Windows Update Agent,Windows Update started downloading an update.
Information,1/30/2024 4:43:33 PM,Microsoft-Windows-WindowsUpdateClient,19,Windows Update Agent,Installation Successful: Windows successfully installed the following update: 9NMPJ99VJBWV-Microsoft.YourPhone
Information,1/30/2024 4:43:33 PM,Microsoft-Windows-WindowsUpdateClient,44,Windows Update Agent,Windows Update started downloading an update.
Information,1/30/2024 4:43:32 PM,Microsoft-Windows-Kernel-General,16,None,The access history in hive \??\C:\Users\zheri\AppData\Local\Packages\Microsoft.YourPhone_8wekyb3d8bbwe\Settings\settings.dat was cleared updating 1 keys and creating 1 modified pages.
Information,1/30/2024 4:43:31 PM,Microsoft-Windows-WindowsUpdateClient,43,Windows Update Agent,Installation Started: Windows has started installing the following update: 9NMPJ99VJBWV-Microsoft.YourPhone
Information,1/30/2024 4:43:31 PM,Microsoft-Windows-WindowsUpdateClient,19,Windows Update Agent,Installation Successful: Windows successfully installed the following update: 9NBLGGH4RV3K-Microsoft.VCLibs.140.00.UWPDesktop
Information,1/30/2024 4:43:28 PM,Microsoft-Windows-WindowsUpdateClient,44,Windows Update Agent,Windows Update started downloading an update.
Information,1/30/2024 4:43:28 PM,Microsoft-Windows-WindowsUpdateClient,43,Windows Update Agent,Installation Started: Windows has started installing the following update: 9NBLGGH4RV3K-Microsoft.VCLibs.140.00.UWPDesktop
Information,1/30/2024 4:43:25 PM,Microsoft-Windows-WindowsUpdateClient,44,Windows Update Agent,Windows Update started downloading an update.
Information,1/30/2024 4:43:25 PM,Microsoft-Windows-WindowsUpdateClient,44,Windows Update Agent,Windows Update started downloading an update.
Information,1/30/2024 4:43:15 PM,Microsoft-Windows-WindowsUpdateClient,44,Windows Update Agent,Windows Update started downloading an update.
Information,1/30/2024 4:43:11 PM,Microsoft-Windows-WindowsUpdateClient,44,Windows Update Agent,Windows Update started downloading an update.
Information,1/30/2024 4:43:00 PM,Microsoft-Windows-WindowsUpdateClient,44,Windows Update Agent,Windows Update started downloading an update.
Information,1/30/2024 4:42:53 PM,Microsoft-Windows-WindowsUpdateClient,44,Windows Update Agent,Windows Update started downloading an update.
Information,1/30/2024 4:42:50 PM,Microsoft-Windows-WindowsUpdateClient,44,Windows Update Agent,Windows Update started downloading an update.
Information,1/30/2024 4:42:48 PM,Microsoft-Windows-WindowsUpdateClient,44,Windows Update Agent,Windows Update started downloading an update.
Information,1/30/2024 4:42:28 PM,Microsoft-Windows-WindowsUpdateClient,44,Windows Update Agent,Windows Update started downloading an update.
Information,1/30/2024 4:42:28 PM,Microsoft-Windows-WindowsUpdateClient,44,Windows Update Agent,Windows Update started downloading an update.
Information,1/30/2024 4:42:28 PM,Microsoft-Windows-WindowsUpdateClient,44,Windows Update Agent,Windows Update started downloading an update.
Information,1/30/2024 4:42:12 PM,Microsoft-Windows-Kernel-General,16,None,The access history in hive \??\C:\ProgramData\Microsoft\Provisioning\Microsoft-Desktop-Provisioning-Sequence.dat was cleared updating 0 keys and creating 0 modified pages.
Information,1/30/2024 4:33:22 PM,Microsoft-Windows-Time-Service,158,None,The time provider 'VMICTimeProvider' has indicated that the current hardware and operating environment is not supported and has stopped. This behavior is expected for VMICTimeProvider on non-HyperV-guest environments. This may be the expected behavior for the current provider in the current operating environment as well.
Information,1/30/2024 4:32:57 PM,Netwtw10,7003,None,7003 - Roam Complete
Information,1/30/2024 4:32:57 PM,Netwtw10,7021,None,7021 - Connection telemetry fields and analysis usage
Information,1/30/2024 4:32:48 PM,Microsoft-Windows-Kernel-Power,105,(100),Power source change.
Information,1/30/2024 4:31:34 PM,Microsoft-Windows-Kernel-Power,105,(100),Power source change.
Information,1/30/2024 4:29:37 PM,Intel-SST-OED,19,This task logs error codes to system event log.,"Check the remaining resource budget. Module exceeds resource budget, failed to AllocateFwCps, STATUS = Insufficient system resources exist to complete the API.."
Warning,1/30/2024 4:29:21 PM,Microsoft-Windows-DistributedCOM,10016,None,"The machine-default permission settings do not grant Local Activation permission for the COM Server application with CLSID 
{C2F03A33-21F5-47FA-B4BB-156362A2F239}
 and APPID 
{316CDED5-E4AE-4B15-9113-7055D84DCC97}
 to the user NT AUTHORITY\LOCAL SERVICE SID (S-1-5-19) from address LocalHost (Using LRPC) running in the application container Unavailable SID (Unavailable). This security permission can be modified using the Component Services administrative tool."
Warning,1/30/2024 4:29:21 PM,Microsoft-Windows-DistributedCOM,10016,None,"The application-specific permission settings do not grant Local Activation permission for the COM Server application with CLSID 
{6B3B8D23-FA8D-40B9-8DBD-B950333E2C52}
 and APPID 
{4839DDB7-58C2-48F5-8283-E1D1807D0D7D}
 to the user NT AUTHORITY\LOCAL SERVICE SID (S-1-5-19) from address LocalHost (Using LRPC) running in the application container Unavailable SID (Unavailable). This security permission can be modified using the Component Services administrative tool."
Warning,1/30/2024 4:29:21 PM,Microsoft-Windows-DistributedCOM,10016,None,"The machine-default permission settings do not grant Local Activation permission for the COM Server application with CLSID 
{C2F03A33-21F5-47FA-B4BB-156362A2F239}
 and APPID 
{316CDED5-E4AE-4B15-9113-7055D84DCC97}
 to the user NT AUTHORITY\LOCAL SERVICE SID (S-1-5-19) from address LocalHost (Using LRPC) running in the application container Unavailable SID (Unavailable). This security permission can be modified using the Component Services administrative tool."
Warning,1/30/2024 4:29:21 PM,Microsoft-Windows-DistributedCOM,10016,None,"The application-specific permission settings do not grant Local Activation permission for the COM Server application with CLSID 
{6B3B8D23-FA8D-40B9-8DBD-B950333E2C52}
 and APPID 
{4839DDB7-58C2-48F5-8283-E1D1807D0D7D}
 to the user NT AUTHORITY\LOCAL SERVICE SID (S-1-5-19) from address LocalHost (Using LRPC) running in the application container Unavailable SID (Unavailable). This security permission can be modified using the Component Services administrative tool."
Information,1/30/2024 4:16:18 PM,Microsoft-Windows-Time-Service,158,None,The time provider 'VMICTimeProvider' has indicated that the current hardware and operating environment is not supported and has stopped. This behavior is expected for VMICTimeProvider on non-HyperV-guest environments. This may be the expected behavior for the current provider in the current operating environment as well.
Warning,1/30/2024 4:06:20 PM,Microsoft-Windows-DNS-Client,1014,(1014),Name resolution for the name pti.store.microsoft.com timed out after none of the configured DNS servers responded. Client PID 15728.
Warning,1/30/2024 4:04:22 PM,Microsoft-Windows-DistributedCOM,10016,None,"The application-specific permission settings do not grant Local Activation permission for the COM Server application with CLSID 
{2593F8B9-4EAF-457C-B68A-50F6B8EA6B54}
 and APPID 
{15C20B67-12E7-4BB6-92BB-7AFF07997402}
 to the user DESKTOP-OKFHDDF\zheri SID (S-1-5-21-1261234079-646169012-1463220547-1002) from address LocalHost (Using LRPC) running in the application container Unavailable SID (Unavailable). This security permission can be modified using the Component Services administrative tool."
Information,1/30/2024 4:04:00 PM,Microsoft-Windows-IsolatedUserMode,5,None,Secure Trustlet NULL Id 0 and Pid 0 started with status STATUS_SUCCESS.
Information,1/30/2024 4:04:00 PM,Microsoft-Windows-IsolatedUserMode,2,None,Secure Trustlet Id 0 and Pid 0 stopped with status STATUS_SUCCESS.
Information,1/30/2024 3:59:36 PM,Microsoft-Windows-IsolatedUserMode,5,None,Secure Trustlet NULL Id 0 and Pid 0 started with status STATUS_SUCCESS.
Information,1/30/2024 3:59:29 PM,Microsoft-Windows-Kernel-Power,566,(268),"The system session has transitioned from 1 to 3.

Reason InputAccelerometer 

BootId: 680"
Information,1/30/2024 3:59:29 PM,Microsoft-Windows-Kernel-Power,507,(158),"The system is exiting Modern Standby 

Reason: Input Keyboard."
Information,1/30/2024 3:58:58 PM,Microsoft-Windows-Time-Service,158,None,The time provider 'VMICTimeProvider' has indicated that the current hardware and operating environment is not supported and has stopped. This behavior is expected for VMICTimeProvider on non-HyperV-guest environments. This may be the expected behavior for the current provider in the current operating environment as well.
Information,1/30/2024 3:57:54 PM,Microsoft-Windows-Kernel-Power,506,(157),"The system is entering Modern Standby 

Reason: Idle Timeout."
Information,1/30/2024 3:57:54 PM,Microsoft-Windows-Kernel-Power,566,(268),"The system session has transitioned from 0 to 1.

Reason SessionUnlock 

BootId: 680"
Warning,1/30/2024 3:57:18 PM,Microsoft-Windows-Kernel-Processor-Power,37,(7),The speed of processor 3 in group 0 is being limited by system firmware. The processor has been in this reduced performance state for 71 seconds since the last report.
Information,1/30/2024 3:57:16 PM,Netwtw10,7021,None,7021 - Connection telemetry fields and analysis usage
Information,1/30/2024 3:57:13 PM,Service Control Manager,7045,None,"A service was installed in the system.

Service Name:  Intel® PROSet/Wireless Service
Service File Name:  C:\Windows\System32\DriverStore\FileRepository\piecomponent.inf_amd64_7ad571204ec9fcd3\Intel_PIE_Service.exe
Service Type:  user mode service
Service Start Type:  demand start
Service Account:  LocalSystem"
Information,1/30/2024 3:57:13 PM,Microsoft-Windows-Kernel-Power,172,(203),"Connectivity state in standby: Connected, Reason: None"
Information,1/30/2024 3:57:13 PM,Netwtw10,7023,None,7023 - secure boot debug logging Quasar
Information,1/30/2024 3:57:13 PM,Netwtw10,7017,None,7017 - secure boot (SB) configuration
Information,1/30/2024 3:57:13 PM,Netwtw10,7010,None,7010 - driver enabled (miniport init)
Information,1/30/2024 3:57:13 PM,Netwtw10,7002,None,7002 - CTDP power limit value (SPLC)
Information,1/30/2024 3:57:13 PM,Netwtw10,7005,None,7005 - SAR value max TX power (WRDS)
Information,1/30/2024 3:57:13 PM,Netwtw10,7027,None,7027 - get Nic Manufacturere on init
Information,1/30/2024 3:57:13 PM,Netwtw10,7036,None,The \Device\NDMP11 service entered the Intel(R) Wireless-AC 9560 160MHz state.
Information,1/30/2024 3:57:12 PM,Netwtw10,8000,None,8000 - Miniport Halt flow (driver disable)
Information,1/30/2024 3:57:12 PM,Microsoft-Windows-Kernel-Power,172,(203),"Connectivity state in standby: Disconnected, Reason: NIC compliance"
Warning,1/30/2024 3:57:10 PM,Microsoft-Windows-DNS-Client,1014,(1014),Name resolution for the name ncc.avast.com timed out after none of the configured DNS servers responded. Client PID 4548.
Warning,1/30/2024 3:57:09 PM,Microsoft-Windows-WLAN-AutoConfig,4003,None,"WLAN AutoConfig detected limited connectivity, attempting automatic recovery.

Recovery Type: 4
Error Code: 0x0
Trigger Reason: 1
IP Family: 0
"
Warning,1/30/2024 3:56:59 PM,Microsoft-Windows-DNS-Client,1014,(1014),Name resolution for the name _nos._tcp.nos.avast.com. timed out after none of the configured DNS servers responded. Client PID 4548.
Information,1/30/2024 3:56:54 PM,Microsoft-Windows-TPM-WMI,1025,None,The TPM was successfully provisioned and is now ready for use.
Information,1/30/2024 3:56:54 PM,Microsoft-Windows-TPM-WMI,1282,None,The TBS device identifier has been generated.
Information,1/30/2024 3:56:53 PM,Netwtw10,7021,None,7021 - Connection telemetry fields and analysis usage
Information,1/30/2024 3:56:53 PM,Microsoft-Windows-HttpService,113,HTTP Configuration Property Trace Task,"Attempted to add URL (http://127.0.0.1:28385:127.0.0.1/intel/) to URL group (0xFE00000320000001). Status: 0x0. Process Id 0x2850 Executable path \Device\HarddiskVolume3\Program Files (x86)\Intel\Driver and Support Assistant\DSAService.exe, User SYSTEM"
Information,1/30/2024 3:56:53 PM,Microsoft-Windows-HttpService,111,HTTP Configuration Property Trace Task,"Create URL group 0xFE00000320000001. Status 0x0. Process Id 0x2850 Executable path \Device\HarddiskVolume3\Program Files (x86)\Intel\Driver and Support Assistant\DSAService.exe, User SYSTEM"
Information,1/30/2024 3:56:53 PM,Microsoft-Windows-HttpService,113,HTTP Configuration Property Trace Task,"Attempted to add URL (http://127.0.0.1:28390:127.0.0.1/) to URL group (0xFE00000020000001). Status: 0x0. Process Id 0x2850 Executable path \Device\HarddiskVolume3\Program Files (x86)\Intel\Driver and Support Assistant\DSAService.exe, User SYSTEM"
Information,1/30/2024 3:56:53 PM,Microsoft-Windows-HttpService,111,HTTP Configuration Property Trace Task,"Create URL group 0xFE00000020000001. Status 0x0. Process Id 0x2850 Executable path \Device\HarddiskVolume3\Program Files (x86)\Intel\Driver and Support Assistant\DSAService.exe, User SYSTEM"
Information,1/30/2024 3:56:52 PM,TPM,18,None,This event triggers the Trusted Platform Module (TPM) provisioning/status check to run.
Information,1/30/2024 3:56:52 PM,Service Control Manager,7026,None,"The following boot-start or system-start driver(s) did not load: 
WinSetupMon"
Error,1/30/2024 3:56:51 PM,Service Control Manager,7034,None,The GameInput Service service terminated unexpectedly.  It has done this 6 time(s).
Error,1/30/2024 3:56:51 PM,Service Control Manager,7023,None,"The GameInput Service service terminated with the following error: 
The compound file GameInput Service was produced with a newer version of storage."
Error,1/30/2024 3:56:50 PM,Service Control Manager,7031,None,The GameInput Service service terminated unexpectedly.  It has done this 5 time(s).  The following corrective action will be taken in 1000 milliseconds: Restart the service.
Error,1/30/2024 3:56:50 PM,Service Control Manager,7023,None,"The GameInput Service service terminated with the following error: 
The compound file GameInput Service was produced with a newer version of storage."
Error,1/30/2024 3:56:49 PM,Service Control Manager,7031,None,The GameInput Service service terminated unexpectedly.  It has done this 4 time(s).  The following corrective action will be taken in 1000 milliseconds: Restart the service.
Error,1/30/2024 3:56:49 PM,Service Control Manager,7023,None,"The GameInput Service service terminated with the following error: 
The compound file GameInput Service was produced with a newer version of storage."
Information,1/30/2024 3:56:49 PM,Microsoft-Windows-FilterManager,6,None,"File System Filter 'gameflt' (10.0, ‎2010‎-‎06‎-‎15T11:47:08.000000000Z) has successfully loaded and registered with Filter Manager."
Error,1/30/2024 3:56:48 PM,Service Control Manager,7031,None,The GameInput Service service terminated unexpectedly.  It has done this 3 time(s).  The following corrective action will be taken in 1000 milliseconds: Restart the service.
Error,1/30/2024 3:56:48 PM,Service Control Manager,7023,None,"The GameInput Service service terminated with the following error: 
The compound file GameInput Service was produced with a newer version of storage."
Error,1/30/2024 3:56:47 PM,Service Control Manager,7031,None,The GameInput Service service terminated unexpectedly.  It has done this 2 time(s).  The following corrective action will be taken in 1000 milliseconds: Restart the service.
Error,1/30/2024 3:56:47 PM,Service Control Manager,7023,None,"The GameInput Service service terminated with the following error: 
The compound file GameInput Service was produced with a newer version of storage."
Error,1/30/2024 3:56:45 PM,Service Control Manager,7031,None,The GameInput Service service terminated unexpectedly.  It has done this 1 time(s).  The following corrective action will be taken in 1000 milliseconds: Restart the service.
Information,1/30/2024 3:56:45 PM,Microsoft-Windows-UserModePowerService,12,(10),Process C:\Windows\System32\DriverStore\FileRepository\dptf_cpu.inf_amd64_c2c5b0e17a28a48f\esif_uf.exe (process ID:10444) reset policy scheme from {8c5e7fda-e8bf-4a96-9a85-a6e23a8c635c} to {8c5e7fda-e8bf-4a96-9a85-a6e23a8c635c}
Information,1/30/2024 3:56:45 PM,Microsoft-Windows-UserModePowerService,12,(10),Process C:\Windows\System32\DriverStore\FileRepository\dptf_cpu.inf_amd64_c2c5b0e17a28a48f\esif_uf.exe (process ID:10444) reset policy scheme from {8c5e7fda-e8bf-4a96-9a85-a6e23a8c635c} to {8c5e7fda-e8bf-4a96-9a85-a6e23a8c635c}
Error,1/30/2024 3:56:45 PM,Service Control Manager,7023,None,"The GameInput Service service terminated with the following error: 
The compound file GameInput Service was produced with a newer version of storage."
Warning,1/30/2024 3:56:43 PM,Microsoft-Windows-DNS-Client,1014,(1014),Name resolution for the name _nos._tcp.nos.avast.com. timed out after none of the configured DNS servers responded. Client PID 4548.
Information,1/30/2024 3:56:23 PM,Netwtw10,7021,None,7021 - Connection telemetry fields and analysis usage
Information,1/30/2024 3:56:17 PM,Microsoft-Windows-WLAN-AutoConfig,10001,None,"WLAN Extensibility Module has successfully started.

Module Path: C:\WINDOWS\system32\IntelIHVRouter10.dll
"
Information,1/30/2024 3:56:16 PM,Microsoft-Windows-WLAN-AutoConfig,4000,None,"WLAN AutoConfig service has successfully started.
"
Information,1/30/2024 3:56:15 PM,Microsoft-Windows-HttpService,112,HTTP Setup Trace Task,"Attempted to reserve URL http://+:3387/rdp/. Status 0x0. Process Id 0x4 Executable path , User SYSTEM"
Information,1/30/2024 3:56:15 PM,Microsoft-Windows-HttpService,112,HTTP Setup Trace Task,"Attempted to reserve URL https://+:3392/rdp/. Status 0x0. Process Id 0x4 Executable path , User SYSTEM"
Information,1/30/2024 3:56:15 PM,Microsoft-Windows-HttpService,112,HTTP Setup Trace Task,"Attempted to reserve URL http://+:10247/apps/. Status 0x0. Process Id 0x4 Executable path , User SYSTEM"
Information,1/30/2024 3:56:15 PM,Microsoft-Windows-HttpService,112,HTTP Setup Trace Task,"Attempted to reserve URL http://+:10243/WMPNSSv4/. Status 0x0. Process Id 0x4 Executable path , User SYSTEM"
Information,1/30/2024 3:56:15 PM,Microsoft-Windows-HttpService,112,HTTP Setup Trace Task,"Attempted to reserve URL https://+:10245/WMPNSSv4/. Status 0x0. Process Id 0x4 Executable path , User SYSTEM"
Information,1/30/2024 3:56:15 PM,Microsoft-Windows-HttpService,112,HTTP Setup Trace Task,"Attempted to reserve URL https://+:443/sra_{BA195980-CD49-458b-9E23-C84EE0ADCD75}/. Status 0x0. Process Id 0x4 Executable path , User SYSTEM"
Information,1/30/2024 3:56:15 PM,Microsoft-Windows-HttpService,112,HTTP Setup Trace Task,"Attempted to reserve URL http://+:10246/MDEServer/. Status 0x0. Process Id 0x4 Executable path , User SYSTEM"
Information,1/30/2024 3:56:15 PM,Microsoft-Windows-HttpService,112,HTTP Setup Trace Task,"Attempted to reserve URL http://*:2869/. Status 0x0. Process Id 0x4 Executable path , User SYSTEM"
Information,1/30/2024 3:56:15 PM,Microsoft-Windows-HttpService,112,HTTP Setup Trace Task,"Attempted to reserve URL http://+:5985/wsman/. Status 0x0. Process Id 0x4 Executable path , User SYSTEM"
Information,1/30/2024 3:56:15 PM,Microsoft-Windows-HttpService,112,HTTP Setup Trace Task,"Attempted to reserve URL http://+:47001/wsman/. Status 0x0. Process Id 0x4 Executable path , User SYSTEM"
Information,1/30/2024 3:56:15 PM,Microsoft-Windows-HttpService,112,HTTP Setup Trace Task,"Attempted to reserve URL https://+:5986/wsman/. Status 0x0. Process Id 0x4 Executable path , User SYSTEM"
Information,1/30/2024 3:56:15 PM,Microsoft-Windows-HttpService,112,HTTP Setup Trace Task,"Attempted to reserve URL https://*:5358/. Status 0x0. Process Id 0x4 Executable path , User SYSTEM"
Information,1/30/2024 3:56:15 PM,Microsoft-Windows-HttpService,112,HTTP Setup Trace Task,"Attempted to reserve URL http://+:80/Temporary_Listen_Addresses/. Status 0x0. Process Id 0x4 Executable path , User SYSTEM"
Information,1/30/2024 3:56:15 PM,Microsoft-Windows-HttpService,112,HTTP Setup Trace Task,"Attempted to reserve URL http://*:5357/. Status 0x0. Process Id 0x4 Executable path , User SYSTEM"
Information,1/30/2024 3:56:14 PM,Microsoft-Windows-Winlogon,7001,(1101),User Logon Notification for Customer Experience Improvement Program
Information,1/30/2024 3:56:13 PM,Microsoft-Windows-FilterManager,6,None,"File System Filter 'bindflt' (10.0, ‎2032‎-‎10‎-‎20T09:22:30.000000000Z) has successfully loaded and registered with Filter Manager."
Information,1/30/2024 3:56:13 PM,Microsoft-Windows-FilterManager,6,None,"File System Filter 'storqosflt' (10.0, ‎2039‎-‎04‎-‎22T09:36:38.000000000Z) has successfully loaded and registered with Filter Manager."
Information,1/30/2024 3:56:13 PM,Microsoft-Windows-FilterManager,6,None,"File System Filter 'CldFlt' (10.0, ‎1990‎-‎04‎-‎22T16:36:26.000000000Z) has successfully loaded and registered with Filter Manager."
Information,1/30/2024 3:56:13 PM,Microsoft-Windows-FilterManager,1,None,"File System Filter 'CldFlt' (Version 10.0, ‎1990‎-‎04‎-‎22T16:36:26.000000000Z) unloaded successfully."
Information,1/30/2024 3:56:13 PM,Microsoft-Windows-FilterManager,6,None,"File System Filter 'CldFlt' (10.0, ‎1990‎-‎04‎-‎22T16:36:26.000000000Z) has successfully loaded and registered with Filter Manager."
Information,1/30/2024 3:56:13 PM,Microsoft-Windows-FilterManager,6,None,"File System Filter 'wcifs' (10.0, ‎2089‎-‎07‎-‎07T01:42:00.000000000Z) has successfully loaded and registered with Filter Manager."
Information,1/30/2024 3:56:13 PM,Microsoft-Windows-FilterManager,6,None,"File System Filter 'luafv' (10.0, ‎2059‎-‎02‎-‎13T17:28:11.000000000Z) has successfully loaded and registered with Filter Manager."
Information,1/30/2024 3:56:13 PM,Microsoft-Windows-FilterManager,6,None,"File System Filter 'bfs' (10.0, ‎1989‎-‎12‎-‎07T18:41:03.000000000Z) has successfully loaded and registered with Filter Manager."
Information,1/30/2024 3:56:13 PM,Microsoft-Windows-DHCPv6-Client,51046,Service State Event,DHCPv6 client service is started
Information,1/30/2024 3:56:13 PM,Microsoft-Windows-Dhcp-Client,50036,Service State Event,DHCPv4 client service is started
Information,1/30/2024 3:56:13 PM,Microsoft-Windows-Dhcp-Client,50103,Service State Event,DHCPv4 client registered for shutdown notification
Information,1/30/2024 3:56:13 PM,Microsoft-Windows-Dhcp-Client,50036,Service State Event,DHCPv4 client service is started
Information,1/30/2024 3:56:12 PM,Win32k,267,None,Touch/Touchpad Hardware Quality Assurance verification succeeded.
Information,1/30/2024 3:56:12 PM,Win32k,267,None,Touch/Touchpad Hardware Quality Assurance verification succeeded.
Information,1/30/2024 3:56:12 PM,Microsoft-Windows-Directory-Services-SAM,16983,None,"The security account manager is now logging periodic summary events for remote clients that call legacy password change or set RPC methods.

For more information please see https://go.microsoft.com/fwlink/?linkid=2150956.
"
Information,1/30/2024 3:56:12 PM,Microsoft-Windows-Directory-Services-SAM,16977,None,"The domain is configured with the following minimum password length-related settings.

MinimumPasswordLength: 0

RelaxMinimumPasswordLengthLimits: 0

MinimumPasswordLengthAudit: -1

For more information see https://go.microsoft.com/fwlink/?LinkId=2097191.
"
Information,1/30/2024 3:56:12 PM,Microsoft-Windows-Directory-Services-SAM,16962,None,"Remote calls to the SAM database are being restricted using the default security descriptor: O:SYG:SYD:(A;;RC;;;BA).
For more information please see http://go.microsoft.com/fwlink/?LinkId=787651."
Warning,1/30/2024 3:56:12 PM,LsaSrv,6155,None,"LSA package is not signed as expected. This can cause unexpected behavior with Credential Guard.

PackageName: msv1_0"
Information,1/30/2024 3:56:11 PM,Microsoft-Windows-IsolatedUserMode,5,None,Secure Trustlet NULL Id 0 and Pid 0 started with status STATUS_SUCCESS.
Warning,1/30/2024 3:56:11 PM,LsaSrv,6155,None,"LSA package is not signed as expected. This can cause unexpected behavior with Credential Guard.

PackageName: sfapm"
Warning,1/30/2024 3:56:11 PM,LsaSrv,6155,None,"LSA package is not signed as expected. This can cause unexpected behavior with Credential Guard.

PackageName: schannel"
Warning,1/30/2024 3:56:11 PM,LsaSrv,6155,None,"LSA package is not signed as expected. This can cause unexpected behavior with Credential Guard.

PackageName: wdigest"
Warning,1/30/2024 3:56:11 PM,LsaSrv,6155,None,"LSA package is not signed as expected. This can cause unexpected behavior with Credential Guard.

PackageName: cloudap"
Warning,1/30/2024 3:56:11 PM,LsaSrv,6155,None,"LSA package is not signed as expected. This can cause unexpected behavior with Credential Guard.

PackageName: pku2u"
Warning,1/30/2024 3:56:11 PM,LsaSrv,6155,None,"LSA package is not signed as expected. This can cause unexpected behavior with Credential Guard.

PackageName: tspkg"
Warning,1/30/2024 3:56:11 PM,LsaSrv,6155,None,"LSA package is not signed as expected. This can cause unexpected behavior with Credential Guard.

PackageName: msv1_0"
Warning,1/30/2024 3:56:11 PM,LsaSrv,6155,None,"LSA package is not signed as expected. This can cause unexpected behavior with Credential Guard.

PackageName: kerberos"
Warning,1/30/2024 3:56:11 PM,LsaSrv,6155,None,"LSA package is not signed as expected. This can cause unexpected behavior with Credential Guard.

PackageName: negoexts"
Information,1/30/2024 3:56:11 PM,Win32k,267,None,Touch/Touchpad Hardware Quality Assurance verification succeeded.
Information,1/30/2024 3:56:11 PM,LsaSrv,6156,None,"Virtualization Based Security for Credential Guard auto enablement status.

Hardware Requirements:	1
Domain Joined:	0
Azure AD Joined:	0"
Information,1/30/2024 3:56:11 PM,Win32k,267,None,Touch/Touchpad Hardware Quality Assurance verification succeeded.
Information,1/30/2024 3:56:11 PM,Microsoft-Windows-Wininit,18,None,VBS Key Isolation was started and will protect VSM-isolated keys.
Information,1/30/2024 3:56:11 PM,Microsoft-Windows-IsolatedUserMode,1,None,Secure Trustlet \??\C:\WINDOWS\system32\lsaiso.exe Id 1 and Pid 600 started with status STATUS_SUCCESS.
Information,1/30/2024 3:56:11 PM,Microsoft-Windows-IsolatedUserMode,5,None,Secure Trustlet NULL Id 0 and Pid 0 started with status STATUS_SUCCESS.
Information,1/30/2024 3:56:11 PM,Microsoft-Windows-Wininit,14,None,"Credential Guard configuration:

Registry Configuration: 0x2
Test Configuration: 0
Auto Enablement: 1"
Warning,1/30/2024 3:56:11 PM,Microsoft-Windows-Kernel-PnP,219,(212),The driver \Driver\WudfRd failed to load for the device HID\Vid_8087&Pid_0AC2\6&1564e45f&0&0000.
Information,1/30/2024 3:56:11 PM,Microsoft-Windows-DriverFrameworks-UserMode,10118,Startup of the UMDF reflector,"UMDF reflector is unable to connect to service control manager (SCM). This is expected during boot, when SCM has not started yet. Will retry when it starts."
Warning,1/30/2024 3:56:11 PM,Microsoft-Windows-Kernel-PnP,219,(212),The driver \Driver\WudfRd failed to load for the device HID\Vid_8087&Pid_0AC2\6&281e9504&0&0000.
Information,1/30/2024 3:56:11 PM,Microsoft-Windows-DriverFrameworks-UserMode,10118,Startup of the UMDF reflector,"UMDF reflector is unable to connect to service control manager (SCM). This is expected during boot, when SCM has not started yet. Will retry when it starts."
Warning,1/30/2024 3:56:08 PM,Microsoft-Windows-Kernel-PnP,219,(212),The driver \Driver\WUDFRd failed to load for the device {DD8E82AE-334B-49A2-AEAE-AEB0FD5C40DD}\DetectionVerification\5&21c1c6a0&0&0.
Information,1/30/2024 3:56:08 PM,Microsoft-Windows-DriverFrameworks-UserMode,10118,Startup of the UMDF reflector,"UMDF reflector is unable to connect to service control manager (SCM). This is expected during boot, when SCM has not started yet. Will retry when it starts."
Information,1/30/2024 3:56:07 PM,Microsoft-Windows-Kernel-General,24,(11),The time zone information was refreshed with exit reason 0. Current time zone bias is -480.
Information,1/30/2024 3:56:07 PM,Microsoft-Windows-Kernel-Power,521,(220),Active battery count change.
Information,1/30/2024 3:56:07 PM,Netwtw10,7023,None,7023 - secure boot debug logging Quasar
Information,1/30/2024 3:56:07 PM,Netwtw10,7017,None,7017 - secure boot (SB) configuration
Information,1/30/2024 3:56:07 PM,Netwtw10,7010,None,7010 - driver enabled (miniport init)
Information,1/30/2024 3:56:07 PM,Netwtw10,7002,None,7002 - CTDP power limit value (SPLC)
Information,1/30/2024 3:56:07 PM,Netwtw10,7005,None,7005 - SAR value max TX power (WRDS)
Information,1/30/2024 3:56:07 PM,MEIx64,2,None,Intel(R) Management Engine Interface driver has started successfully.
Information,1/30/2024 3:56:07 PM,Netwtw10,7027,None,7027 - get Nic Manufacturere on init
Information,1/30/2024 3:56:07 PM,Netwtw10,7036,None,The \Device\NDMP1 service entered the Intel(R) Wireless-AC 9560 160MHz state.
Information,1/30/2024 3:56:06 PM,Microsoft-Windows-Kernel-Processor-Power,55,(47),"Processor 3 in group 0 exposes the following power management capabilities:

Idle state type: Micro Power Engine Plugin (11 state(s))

Performance state type: ACPI Collaborative Processor Performance Control
Nominal Frequency (MHz): 2592
Maximum performance percentage: 157
Minimum performance percentage: 34
Minimum throttle percentage: 3"
Information,1/30/2024 3:56:06 PM,Microsoft-Windows-Kernel-Processor-Power,55,(47),"Processor 1 in group 0 exposes the following power management capabilities:

Idle state type: Micro Power Engine Plugin (11 state(s))

Performance state type: ACPI Collaborative Processor Performance Control
Nominal Frequency (MHz): 2592
Maximum performance percentage: 157
Minimum performance percentage: 34
Minimum throttle percentage: 3"
Information,1/30/2024 3:56:06 PM,Microsoft-Windows-Kernel-Processor-Power,55,(47),"Processor 2 in group 0 exposes the following power management capabilities:

Idle state type: Micro Power Engine Plugin (11 state(s))

Performance state type: ACPI Collaborative Processor Performance Control
Nominal Frequency (MHz): 2592
Maximum performance percentage: 157
Minimum performance percentage: 34
Minimum throttle percentage: 3"
Information,1/30/2024 3:56:06 PM,Microsoft-Windows-Kernel-Processor-Power,55,(47),"Processor 0 in group 0 exposes the following power management capabilities:

Idle state type: Micro Power Engine Plugin (11 state(s))

Performance state type: ACPI Collaborative Processor Performance Control
Nominal Frequency (MHz): 2592
Maximum performance percentage: 157
Minimum performance percentage: 15
Minimum throttle percentage: 3"
Information,1/30/2024 3:56:06 PM,Microsoft-Windows-Ntfs,98,None,Volume \\?\Volume{1c4cae2d-03f0-4a1e-9ce9-e80c3ca1b69f} (\Device\HarddiskVolume4) is healthy.  No action is needed.
Warning,1/30/2024 3:56:05 PM,Microsoft-Windows-Kernel-PnP,219,(212),The driver \Driver\WUDFRd failed to load for the device PCI\VEN_8086&DEV_1903&SUBSYS_1F611043&REV_0C\3&11583659&1&20.
Information,1/30/2024 3:56:05 PM,Microsoft-Windows-DriverFrameworks-UserMode,10118,Startup of the UMDF reflector,"UMDF reflector is unable to connect to service control manager (SCM). This is expected during boot, when SCM has not started yet. Will retry when it starts."
Information,1/30/2024 3:56:04 PM,Microsoft-Windows-Kernel-Power,125,(86),"ACPI thermal zone \_TZ.TZ00 has been enumerated.             
_PSV = 0K             
_TC1 = 0             
_TC2 = 0             
_TSP = 0ms             
_AC0 = 344K             
_AC1 = 328K             
_AC2 = 323K             
_AC3 = 318K             
_AC4 = 313K             
_AC5 = 0K             
_AC6 = 0K             
_AC7 = 0K             
_AC8 = 0K             
_AC9 = 0K             
_CRT = 0K             
_HOT = 372K             
minimum throttle = 0             
_CR3 = 0K"
Information,1/30/2024 3:56:04 PM,Microsoft-Windows-FilterManager,6,None,"File System Filter 'npsvctrig' (10.0, ‎1979‎-‎12‎-‎20T00:12:41.000000000Z) has successfully loaded and registered with Filter Manager."
Information,1/30/2024 3:56:03 PM,Microsoft-Windows-FilterManager,6,None,"File System Filter 'aswMonFlt' (10.0, ‎2023‎-‎12‎-‎05T20:26:30.000000000Z) has successfully loaded and registered with Filter Manager."
Information,1/30/2024 3:56:03 PM,Microsoft-Windows-FilterManager,6,None,"File System Filter 'FileCrypt' (10.0, ‎1983‎-‎08‎-‎19T10:58:35.000000000Z) has successfully loaded and registered with Filter Manager."
Information,1/30/2024 3:56:03 PM,Microsoft-Windows-FilterManager,6,None,"File System Filter 'aswSnx' (10.0, ‎2023‎-‎12‎-‎05T20:26:33.000000000Z) has successfully loaded and registered with Filter Manager."
Information,1/30/2024 3:56:03 PM,Microsoft-Windows-FilterManager,6,None,"File System Filter 'aswSP' (10.0, ‎2023‎-‎12‎-‎05T20:27:14.000000000Z) has successfully loaded and registered with Filter Manager."
Information,1/30/2024 3:56:02 PM,Microsoft-Windows-Ntfs,98,None,Volume C: (\Device\HarddiskVolume3) is healthy.  No action is needed.
Information,1/30/2024 3:56:02 PM,Microsoft-Windows-FilterManager,6,None,"File System Filter 'Wof' (10.0, ‎2086‎-‎08‎-‎04T19:20:16.000000000Z) has successfully loaded and registered with Filter Manager."
Information,1/30/2024 3:56:02 PM,Microsoft-Windows-FilterManager,6,None,"File System Filter 'FileInfo' (10.0, ‎2079‎-‎02‎-‎27T06:03:00.000000000Z) has successfully loaded and registered with Filter Manager."
Information,1/30/2024 3:56:00 PM,Microsoft-Windows-HAL,16,None,The iommu fault reporting has been initialized.
